<?xml version="1.0" encoding="UTF-8"?>
<robot generator="Robot 5.0.1 (Python 3.10.6 on linux)" generated="20220930 15:25:00.582" rpa="false" schemaversion="3">
<suite id="s1" name="TestCasesAPIBooks" source="/home/jhonatanfrade/developer/python/robotframework/books_api/TestCasesAPIBooks.robot">
<kw name="Conectar a minha API" library="ResourceAPI" type="SETUP">
<kw name="Create Session" library="RequestsLibrary">
<arg>fakeAPI</arg>
<arg>${URL_API}</arg>
<doc>Create Session: create a HTTP session to a server</doc>
<msg timestamp="20220930 15:25:00.634" level="INFO">Creating Session using : alias=fakeAPI, url=https://fakerestapi.azurewebsites.net/api/v1/, headers={},                     cookies={}, auth=None, timeout=None, proxies=None, verify=False,                     debug=0 </msg>
<status status="PASS" starttime="20220930 15:25:00.634" endtime="20220930 15:25:00.634"/>
</kw>
<status status="PASS" starttime="20220930 15:25:00.633" endtime="20220930 15:25:00.634"/>
</kw>
<test id="s1-t1" name="Buscar a listagem de todos os livros (GET em todos os livros)" line="7">
<kw name="Requisitar todos os livros" library="ResourceAPI">
<kw name="GET On Session" library="RequestsLibrary">
<var>${RESPOSTA}</var>
<arg>alias=fakeAPI</arg>
<arg>url=Books</arg>
<doc>Sends a GET request on a previously created HTTP Session.</doc>
<msg timestamp="20220930 15:25:03.615" level="INFO">GET Request : url=https://fakerestapi.azurewebsites.net/api/v1/Books 
 path_url=/api/v1/Books 
 headers={'User-Agent': 'python-requests/2.28.1', 'Accept-Encoding': 'gzip, deflate', 'Accept': '*/*', 'Connection': 'keep-alive'} 
 body=None 
 </msg>
<msg timestamp="20220930 15:25:03.615" level="INFO">GET Response : url=https://fakerestapi.azurewebsites.net/api/v1/Books 
 status=200, reason=OK 
 headers={'Content-Type': 'application/json; charset=utf-8; v=1.0', 'Date': 'Fri, 30 Sep 2022 18:25:01 GMT', 'Server': 'Kestrel', 'Transfer-Encoding': 'chunked', 'api-supported-versions': '1.0'} 
 body=[{"id":1,"title":"Book 1","description":"Ipsum sanctus vero velit ipsum. Nonumy eu voluptua takimata tempor delenit vero rebum cum nostrud eu. Ipsum et liber duo sit. Sit diam labore sanctus eirmod ea. Cum kasd amet sed nulla est vel dolor erat dolor no erat eos sed voluptua sanctus. Autem stet tincidunt iusto quis duo sadipscing nonumy voluptua duo dolor. Autem aliquyam diam wisi eirmod sit at. Illum stet sed dolor stet diam qui accusam esse. Nonumy et justo ipsum labore ut amet dolor tempor elitr sit consetetur ad consetetur elitr voluptua dolore. Et elit at ut amet te clita praesent rebum amet consequat gubergren at aliquyam nisl sanctus eos. Dolor lorem lorem soluta diam amet dolor vel eum amet. Et erat sit ipsum amet accusam. Qui consetetur et. Lorem stet ut et elitr dolores volutpat sadipscing magna diam. Sit gubergren no amet duo feugiat at ut sed amet dolores rebum aliquip possim consequat. Sed rebum takimata hendrerit et et voluptua vel ut dolore autem consequat commodo.\n","pageCount":100,"excerpt":"Ea sit erat augue facilisis dolore amet. Voluptua dolore amet nostrud diam assum mazim magna id sadipscing et feugait invidunt nonumy. Euismod takimata dolor sit et. Dignissim diam erat. Amet consetetur ut ut takimata iusto augue facer. Et nulla diam. Ipsum sed ea magna vero et est takimata lobortis lorem amet consequat nonumy ut. Erat nonumy ex soluta sed invidunt eos nostrud ipsum magna sed dolores vero ut rebum erat voluptua.\nSed ea elitr et in amet eirmod facilisis ut molestie nonummy no clita adipiscing duo et dolore. Lorem rebum nulla sit lorem dolore clita voluptua no et sea. Dolores labore et congue amet sed sed nonumy sit aliquyam duis amet consetetur nulla stet duis kasd. Erat diam duo et sit diam invidunt vero vero diam soluta erat est dolor nonumy duis diam at. Facilisi dolor clita sadipscing aliquam lorem accusam dolor autem et kasd et hendrerit est duo voluptua sadipscing. Dolores et duo facilisis nam labore magna voluptua ullamcorper nonummy dolores magna kasd takimata ut nonumy. Eirmod placerat aliquyam amet dolore takimata ullamcorper ipsum dolore sadipscing erat dolore vero enim est takimata. Duo et lorem sed sadipscing vero diam commodo ea dolores rebum lorem sadipscing accusam luptatum.\nMagna est amet dolor et ipsum erat est dolore vel est ut dolore labore kasd sed takimata. Sanctus sit ea diam at lorem nulla sed. No lorem lorem dolore. Sit rebum ut aliquam ipsum eu vel diam sed placerat placerat et elitr lorem eirmod. Iusto lorem iusto dolor duis velit amet. Et kasd sanctus. Facilisis ut eirmod magna elitr amet. Ut commodo et eu et est exerci sea dolores vulputate magna velit lorem eu wisi mazim autem. Vel dolor vel. Rebum accusam erat labore imperdiet nihil kasd feugiat ut eros takimata facilisis no ea. Consequat amet nonumy tempor magna dolore aliquam hendrerit ea et ut clita vero dolores nam.\nIriure eos at et diam diam accusam et diam sea vel lorem elit et clita ea. Sed justo ipsum justo invidunt ipsum dolore sadipscing nostrud invidunt nulla clita clita iriure ut. Magna ipsum sit ipsum commodo accusam iriure in eirmod et tempor accusam tempor volutpat imperdiet volutpat. Dolor magna vel sed.\nSit sed accumsan. Lorem volutpat erat elitr et sit clita amet esse labore eos dolore dolore takimata. Ea dolor voluptua lorem consetetur ipsum magna at gubergren invidunt duis et dolore dolor eos ut. Est eos clita vulputate ea vel diam et vel et est soluta lorem et et. Aliquip eu elitr aliquyam sea no est et amet invidunt clita accumsan dignissim takimata nisl. Magna euismod et stet duo facilisis dolores esse. In dolore justo gubergren sea odio dolor sanctus ut augue invidunt lorem lorem imperdiet amet est. Dignissim illum delenit ea lorem sed exerci invidunt dolores dolor velit amet elitr sadipscing adipiscing at.\n","publishDate":"2022-09-29T18:25:00.985035+00:00"},{"id":2,"title":"Book 2","description":"Exerci clita et tempor aliquyam ipsum et magna iriure magna illum sit adipiscing lorem et assum eu. Esse ut dolor ea option sit et duo et diam ipsum. Nulla voluptua magna nibh adipiscing ut dolor sit suscipit dolore et blandit elitr takimata diam tempor ea. Et sit liber dolor ipsum eum nisl et. Dolores eum et magna. Lorem labore dolor. Dolor kasd invidunt clita qui clita justo sit. Et cum amet diam cum amet erat et. Dolore consectetuer elitr option ipsum kasd duo duis eu amet dolor at in et suscipit facilisis. Dolores sea feugait gubergren dolor et accusam sit iriure praesent dignissim et nulla erat at at eirmod et facilisis. Lobortis ut augue. Suscipit sadipscing ipsum erat eirmod labore consetetur no. Odio eirmod facer lorem invidunt diam lorem erat veniam et kasd diam accusam et augue diam. Nibh dolor dolor no vel vel suscipit erat minim amet takimata nisl sit invidunt tempor sea. Et dolor sea est labore sed.\n","pageCount":200,"excerpt":"Dolores duis sadipscing takimata ea diam duis clita kasd erat aliquip sadipscing takimata accusam diam aliquyam accusam ex. Elitr luptatum esse. Sed elitr tempor at stet eos et lorem et ea et qui accusam. Voluptua eirmod magna suscipit tempor. Ut kasd et iriure dolore lorem vero. Et et accusam amet vel justo eos ut consetetur aliquyam lorem ipsum dolor sanctus labore praesent. Eos clita iusto ea ut labore vulputate tincidunt. Magna vero facilisi accusam lorem et adipiscing labore. Dolores dolore stet amet est blandit ipsum et vulputate kasd ut consetetur amet stet eos tempor accusam.\nJusto et lobortis augue ipsum lorem dignissim eirmod no molestie eros aliquam lorem accusam dolor. Sit at dolore consectetuer amet sit dolor assum veniam takimata elitr eirmod lorem stet et magna stet quod nonumy. Lorem euismod at tempor kasd sea invidunt. Sea odio ipsum vel elitr exerci. Erat amet enim ut diam lorem consetetur amet congue lobortis amet. Kasd at ad accusam iriure et kasd rebum invidunt sed option dolor.\nIllum dolore accusam. Eos gubergren rebum ex zzril dolore est accusam ut. Odio rebum et dolore laoreet nonumy ipsum dolore nibh delenit clita takimata ipsum accumsan eos. Invidunt consetetur erat vero no. Diam clita sed iusto invidunt. Autem gubergren diam nisl labore vero tation in dolores et gubergren. Kasd et ipsum nisl tempor sanctus nulla ipsum nibh eu dolore amet ea hendrerit.\nEa sed et dolore. Diam invidunt ipsum suscipit lorem magna et. Sea nostrud duis sed ipsum est dolore eirmod. Et invidunt vero dolore dolor no nibh. Et nostrud dolore erat diam eos feugiat ipsum ipsum duo.\nErat voluptua takimata voluptua ut dolor stet magna accumsan sea duis sed eirmod dolor. Sadipscing cum takimata kasd ipsum sit et iriure iriure stet. Lorem stet voluptua et tempor elitr dolores et ea nulla nonumy.\n","publishDate":"2022-09-28T18:25:00.9850882+00:00"},{"id":3,"title":"Book 3","description":"Veniam voluptua diam ipsum sed tempor lorem lorem ut sit facilisis velit et rebum elitr. Dolor wisi velit gubergren accusam. Vero duo diam possim praesent. Gubergren sadipscing accusam ipsum rebum eos lorem vero lorem lorem gubergren eu sea lorem sed gubergren nulla justo iusto. Dolor lorem in dolore accusam amet ut. Lorem dolor accusam sea esse magna. Lorem at liber magna sanctus gubergren veniam erat takimata rebum et praesent et justo. Kasd voluptua duo labore.\n","pageCount":300,"excerpt":"Invidunt sadipscing diam. Accusam consequat consequat consectetuer dolore labore duo duo. At elitr dolor invidunt aliquip dolore ipsum lorem dolore. Labore stet nonumy cum est et nibh sed consetetur elitr eum consetetur eum erat. Dolores at nulla vero gubergren ut dolore duis et esse ipsum sit elitr dolore ut et et. No molestie clita tempor eleifend ut vel zzril praesent accumsan magna duo sed nibh accusam tempor aliquyam ipsum. At in sea aliquyam et tempor takimata erat eum duo gubergren gubergren sanctus takimata rebum lorem. Aliquyam sea justo at stet in eos dolor. Aliquyam eos labore diam lorem ut gubergren nonumy nonumy. Option dolor sed diam dolore sit iriure dolores ut consequat diam vero at tempor est soluta nobis. Sanctus illum lorem lorem dolor dolore assum eleifend dolores nonumy ea eum sed dolores takimata feugiat ea lorem labore. Invidunt molestie sed nibh.\nAt sed dolor tempor dolor. Dolores dolore kasd sed dolores nihil lorem iriure amet eleifend et. Vulputate amet blandit dolor eos vulputate nonummy consectetuer dolore ipsum quod. Sed accumsan dolore clita. Amet enim eros. Erat ut amet et at diam sit clita consectetuer vel rebum takimata mazim in. Lorem sadipscing amet facilisi nostrud amet velit. Eirmod autem ea justo diam minim feugiat facilisi est vulputate invidunt amet qui invidunt amet duo ipsum eu dolor. Clita sea ea aliquam no amet sed. Tempor soluta ipsum ut sanctus et vero qui in invidunt praesent sea sed dolore consetetur ea sanctus at. Stet gubergren ipsum lorem at tempor sea. Est sanctus delenit dolore. Lobortis magna dolor eos velit ipsum labore kasd est dolor lobortis ipsum voluptua ut sanctus facilisi kasd facilisis. Est gubergren iusto dolor gubergren et quis erat amet sit dolor sadipscing wisi placerat molestie. Lorem sit qui labore ea stet qui id dolore et et euismod lorem labore at suscipit erat in at. Et at erat iriure amet sed et te augue qui no dolor dolore consequat aliquyam sadipscing. Vel takimata facilisi veniam elitr lorem ut eirmod et vero amet et sed at illum illum ea. Elitr gubergren doming laoreet dolore et vero dolore. Mazim dolores vel diam lorem nonumy dolore erat amet aliquyam sed accusam tempor voluptua.\nDolor at hendrerit amet sadipscing kasd eu sit. Et enim eirmod elitr at takimata. Enim consequat invidunt erat sed. Duis eum in nonumy ea tempor et labore facilisis diam takimata justo consetetur sea nonumy lorem et invidunt. Ea sit gubergren et et sadipscing autem ea accusam nibh. Euismod ut invidunt et eos gubergren invidunt dolore eirmod amet justo et rebum diam sit tempor rebum eirmod ex. Sed nonumy consetetur ipsum sed sit consetetur. Et sadipscing commodo est eirmod consectetuer nonumy vero autem clita ipsum consequat sa... (set the log level to DEBUG or TRACE to see the full content) 
 </msg>
<msg timestamp="20220930 15:25:03.616" level="INFO">/home/jhonatanfrade/developer/python/robotframework/books_api/.venv/lib/python3.10/site-packages/urllib3/connectionpool.py:1045: InsecureRequestWarning: Unverified HTTPS request is being made to host 'fakerestapi.azurewebsites.net'. Adding certificate verification is strongly advised. See: https://urllib3.readthedocs.io/en/1.26.x/advanced-usage.html#ssl-warnings
  warnings.warn(</msg>
<msg timestamp="20220930 15:25:03.616" level="INFO">${RESPOSTA} = &lt;Response [200]&gt;</msg>
<status status="PASS" starttime="20220930 15:25:00.635" endtime="20220930 15:25:03.616"/>
</kw>
<kw name="Log" library="BuiltIn">
<arg>${RESPOSTA.text}</arg>
<doc>Logs the given message with the given level.</doc>
<msg timestamp="20220930 15:25:03.620" level="INFO">[{"id":1,"title":"Book 1","description":"Ipsum sanctus vero velit ipsum. Nonumy eu voluptua takimata tempor delenit vero rebum cum nostrud eu. Ipsum et liber duo sit. Sit diam labore sanctus eirmod ea. Cum kasd amet sed nulla est vel dolor erat dolor no erat eos sed voluptua sanctus. Autem stet tincidunt iusto quis duo sadipscing nonumy voluptua duo dolor. Autem aliquyam diam wisi eirmod sit at. Illum stet sed dolor stet diam qui accusam esse. Nonumy et justo ipsum labore ut amet dolor tempor elitr sit consetetur ad consetetur elitr voluptua dolore. Et elit at ut amet te clita praesent rebum amet consequat gubergren at aliquyam nisl sanctus eos. Dolor lorem lorem soluta diam amet dolor vel eum amet. Et erat sit ipsum amet accusam. Qui consetetur et. Lorem stet ut et elitr dolores volutpat sadipscing magna diam. Sit gubergren no amet duo feugiat at ut sed amet dolores rebum aliquip possim consequat. Sed rebum takimata hendrerit et et voluptua vel ut dolore autem consequat commodo.\n","pageCount":100,"excerpt":"Ea sit erat augue facilisis dolore amet. Voluptua dolore amet nostrud diam assum mazim magna id sadipscing et feugait invidunt nonumy. Euismod takimata dolor sit et. Dignissim diam erat. Amet consetetur ut ut takimata iusto augue facer. Et nulla diam. Ipsum sed ea magna vero et est takimata lobortis lorem amet consequat nonumy ut. Erat nonumy ex soluta sed invidunt eos nostrud ipsum magna sed dolores vero ut rebum erat voluptua.\nSed ea elitr et in amet eirmod facilisis ut molestie nonummy no clita adipiscing duo et dolore. Lorem rebum nulla sit lorem dolore clita voluptua no et sea. Dolores labore et congue amet sed sed nonumy sit aliquyam duis amet consetetur nulla stet duis kasd. Erat diam duo et sit diam invidunt vero vero diam soluta erat est dolor nonumy duis diam at. Facilisi dolor clita sadipscing aliquam lorem accusam dolor autem et kasd et hendrerit est duo voluptua sadipscing. Dolores et duo facilisis nam labore magna voluptua ullamcorper nonummy dolores magna kasd takimata ut nonumy. Eirmod placerat aliquyam amet dolore takimata ullamcorper ipsum dolore sadipscing erat dolore vero enim est takimata. Duo et lorem sed sadipscing vero diam commodo ea dolores rebum lorem sadipscing accusam luptatum.\nMagna est amet dolor et ipsum erat est dolore vel est ut dolore labore kasd sed takimata. Sanctus sit ea diam at lorem nulla sed. No lorem lorem dolore. Sit rebum ut aliquam ipsum eu vel diam sed placerat placerat et elitr lorem eirmod. Iusto lorem iusto dolor duis velit amet. Et kasd sanctus. Facilisis ut eirmod magna elitr amet. Ut commodo et eu et est exerci sea dolores vulputate magna velit lorem eu wisi mazim autem. Vel dolor vel. Rebum accusam erat labore imperdiet nihil kasd feugiat ut eros takimata facilisis no ea. Consequat amet nonumy tempor magna dolore aliquam hendrerit ea et ut clita vero dolores nam.\nIriure eos at et diam diam accusam et diam sea vel lorem elit et clita ea. Sed justo ipsum justo invidunt ipsum dolore sadipscing nostrud invidunt nulla clita clita iriure ut. Magna ipsum sit ipsum commodo accusam iriure in eirmod et tempor accusam tempor volutpat imperdiet volutpat. Dolor magna vel sed.\nSit sed accumsan. Lorem volutpat erat elitr et sit clita amet esse labore eos dolore dolore takimata. Ea dolor voluptua lorem consetetur ipsum magna at gubergren invidunt duis et dolore dolor eos ut. Est eos clita vulputate ea vel diam et vel et est soluta lorem et et. Aliquip eu elitr aliquyam sea no est et amet invidunt clita accumsan dignissim takimata nisl. Magna euismod et stet duo facilisis dolores esse. In dolore justo gubergren sea odio dolor sanctus ut augue invidunt lorem lorem imperdiet amet est. Dignissim illum delenit ea lorem sed exerci invidunt dolores dolor velit amet elitr sadipscing adipiscing at.\n","publishDate":"2022-09-29T18:25:00.985035+00:00"},{"id":2,"title":"Book 2","description":"Exerci clita et tempor aliquyam ipsum et magna iriure magna illum sit adipiscing lorem et assum eu. Esse ut dolor ea option sit et duo et diam ipsum. Nulla voluptua magna nibh adipiscing ut dolor sit suscipit dolore et blandit elitr takimata diam tempor ea. Et sit liber dolor ipsum eum nisl et. Dolores eum et magna. Lorem labore dolor. Dolor kasd invidunt clita qui clita justo sit. Et cum amet diam cum amet erat et. Dolore consectetuer elitr option ipsum kasd duo duis eu amet dolor at in et suscipit facilisis. Dolores sea feugait gubergren dolor et accusam sit iriure praesent dignissim et nulla erat at at eirmod et facilisis. Lobortis ut augue. Suscipit sadipscing ipsum erat eirmod labore consetetur no. Odio eirmod facer lorem invidunt diam lorem erat veniam et kasd diam accusam et augue diam. Nibh dolor dolor no vel vel suscipit erat minim amet takimata nisl sit invidunt tempor sea. Et dolor sea est labore sed.\n","pageCount":200,"excerpt":"Dolores duis sadipscing takimata ea diam duis clita kasd erat aliquip sadipscing takimata accusam diam aliquyam accusam ex. Elitr luptatum esse. Sed elitr tempor at stet eos et lorem et ea et qui accusam. Voluptua eirmod magna suscipit tempor. Ut kasd et iriure dolore lorem vero. Et et accusam amet vel justo eos ut consetetur aliquyam lorem ipsum dolor sanctus labore praesent. Eos clita iusto ea ut labore vulputate tincidunt. Magna vero facilisi accusam lorem et adipiscing labore. Dolores dolore stet amet est blandit ipsum et vulputate kasd ut consetetur amet stet eos tempor accusam.\nJusto et lobortis augue ipsum lorem dignissim eirmod no molestie eros aliquam lorem accusam dolor. Sit at dolore consectetuer amet sit dolor assum veniam takimata elitr eirmod lorem stet et magna stet quod nonumy. Lorem euismod at tempor kasd sea invidunt. Sea odio ipsum vel elitr exerci. Erat amet enim ut diam lorem consetetur amet congue lobortis amet. Kasd at ad accusam iriure et kasd rebum invidunt sed option dolor.\nIllum dolore accusam. Eos gubergren rebum ex zzril dolore est accusam ut. Odio rebum et dolore laoreet nonumy ipsum dolore nibh delenit clita takimata ipsum accumsan eos. Invidunt consetetur erat vero no. Diam clita sed iusto invidunt. Autem gubergren diam nisl labore vero tation in dolores et gubergren. Kasd et ipsum nisl tempor sanctus nulla ipsum nibh eu dolore amet ea hendrerit.\nEa sed et dolore. Diam invidunt ipsum suscipit lorem magna et. Sea nostrud duis sed ipsum est dolore eirmod. Et invidunt vero dolore dolor no nibh. Et nostrud dolore erat diam eos feugiat ipsum ipsum duo.\nErat voluptua takimata voluptua ut dolor stet magna accumsan sea duis sed eirmod dolor. Sadipscing cum takimata kasd ipsum sit et iriure iriure stet. Lorem stet voluptua et tempor elitr dolores et ea nulla nonumy.\n","publishDate":"2022-09-28T18:25:00.9850882+00:00"},{"id":3,"title":"Book 3","description":"Veniam voluptua diam ipsum sed tempor lorem lorem ut sit facilisis velit et rebum elitr. Dolor wisi velit gubergren accusam. Vero duo diam possim praesent. Gubergren sadipscing accusam ipsum rebum eos lorem vero lorem lorem gubergren eu sea lorem sed gubergren nulla justo iusto. Dolor lorem in dolore accusam amet ut. Lorem dolor accusam sea esse magna. Lorem at liber magna sanctus gubergren veniam erat takimata rebum et praesent et justo. Kasd voluptua duo labore.\n","pageCount":300,"excerpt":"Invidunt sadipscing diam. Accusam consequat consequat consectetuer dolore labore duo duo. At elitr dolor invidunt aliquip dolore ipsum lorem dolore. Labore stet nonumy cum est et nibh sed consetetur elitr eum consetetur eum erat. Dolores at nulla vero gubergren ut dolore duis et esse ipsum sit elitr dolore ut et et. No molestie clita tempor eleifend ut vel zzril praesent accumsan magna duo sed nibh accusam tempor aliquyam ipsum. At in sea aliquyam et tempor takimata erat eum duo gubergren gubergren sanctus takimata rebum lorem. Aliquyam sea justo at stet in eos dolor. Aliquyam eos labore diam lorem ut gubergren nonumy nonumy. Option dolor sed diam dolore sit iriure dolores ut consequat diam vero at tempor est soluta nobis. Sanctus illum lorem lorem dolor dolore assum eleifend dolores nonumy ea eum sed dolores takimata feugiat ea lorem labore. Invidunt molestie sed nibh.\nAt sed dolor tempor dolor. Dolores dolore kasd sed dolores nihil lorem iriure amet eleifend et. Vulputate amet blandit dolor eos vulputate nonummy consectetuer dolore ipsum quod. Sed accumsan dolore clita. Amet enim eros. Erat ut amet et at diam sit clita consectetuer vel rebum takimata mazim in. Lorem sadipscing amet facilisi nostrud amet velit. Eirmod autem ea justo diam minim feugiat facilisi est vulputate invidunt amet qui invidunt amet duo ipsum eu dolor. Clita sea ea aliquam no amet sed. Tempor soluta ipsum ut sanctus et vero qui in invidunt praesent sea sed dolore consetetur ea sanctus at. Stet gubergren ipsum lorem at tempor sea. Est sanctus delenit dolore. Lobortis magna dolor eos velit ipsum labore kasd est dolor lobortis ipsum voluptua ut sanctus facilisi kasd facilisis. Est gubergren iusto dolor gubergren et quis erat amet sit dolor sadipscing wisi placerat molestie. Lorem sit qui labore ea stet qui id dolore et et euismod lorem labore at suscipit erat in at. Et at erat iriure amet sed et te augue qui no dolor dolore consequat aliquyam sadipscing. Vel takimata facilisi veniam elitr lorem ut eirmod et vero amet et sed at illum illum ea. Elitr gubergren doming laoreet dolore et vero dolore. Mazim dolores vel diam lorem nonumy dolore erat amet aliquyam sed accusam tempor voluptua.\nDolor at hendrerit amet sadipscing kasd eu sit. Et enim eirmod elitr at takimata. Enim consequat invidunt erat sed. Duis eum in nonumy ea tempor et labore facilisis diam takimata justo consetetur sea nonumy lorem et invidunt. Ea sit gubergren et et sadipscing autem ea accusam nibh. Euismod ut invidunt et eos gubergren invidunt dolore eirmod amet justo et rebum diam sit tempor rebum eirmod ex. Sed nonumy consetetur ipsum sed sit consetetur. Et sadipscing commodo est eirmod consectetuer nonumy vero autem clita ipsum consequat sanctus ut clita dolor eirmod dolor. Kasd delenit dolore nonummy clita invidunt. Euismod voluptua iriure diam est. Eirmod facilisis nostrud ea velit rebum vel diam vel.\nLobortis vero nulla ut nulla dolor accusam eum diam amet invidunt ea aliquyam et accusam dolores. Molestie aliquyam diam. Dolor ut veniam facer diam cum sed veniam amet sadipscing accusam eos duis blandit sed lobortis at eos. Amet ullamcorper at et. Odio facilisi et labore takimata molestie ea voluptua ipsum ipsum ut et sed voluptua tempor lobortis duo. Et nonumy no consetetur amet accusam autem luptatum dolore at ut et dolor sadipscing molestie. Wisi lorem dolore voluptua tempor. Nonumy invidunt justo at tincidunt gubergren takimata. Blandit et et sed dolore no vero eirmod et amet accusam sit. Nonumy eirmod consetetur dolore labore possim amet aliquam minim kasd veniam vero magna justo molestie. Sit tincidunt et sit diam stet nisl magna dolor invidunt dolor diam erat kasd velit.\nGubergren sed amet erat est magna sed sit facilisis. Erat elit vel accusam stet clita eu et commodo mazim sed. Ipsum et duo et ullamcorper. Dolor labore at sadipscing gubergren dolore aliquip labore dolor et sea nulla consetetur et. Duo amet vero enim no soluta ipsum gubergren ut feugiat erat dolore tempor consetetur labore. Accumsan sit sed molestie consectetuer accusam elitr no nonummy ullamcorper at esse et sit mazim kasd qui. Et ipsum dolores sit stet facilisis sed qui voluptua sed consequat blandit accusam sadipscing labore enim eu magna in. Dolor sit est elitr invidunt et sanctus amet te sit et duis sed. Dolor exerci sadipscing dolor tation suscipit ex ipsum dolore et sea vero sit consetetur labore vel sit.\n","publishDate":"2022-09-27T18:25:00.9851783+00:00"},{"id":4,"title":"Book 4","description":"Blandit augue magna ut ea gubergren voluptua voluptua. Et ipsum amet iusto eum consetetur consetetur at tation sanctus tincidunt sit dolor ipsum facer. Dignissim feugait et molestie erat lorem commodo duo justo. Labore vel lorem. Et molestie nonummy et accusam consequat et vero tempor iriure erat quis dolor erat veniam. Amet ut velit euismod ut duo sea duis vel tempor sit no nonumy esse stet erat iriure lorem. Et elit nonumy facer lorem no suscipit est amet elit vulputate sanctus et consetetur dolore rebum consectetuer nulla. Eirmod nonumy est rebum ipsum feugiat dolore ut invidunt eleifend erat magna dolore duis amet. Ipsum et erat lorem hendrerit sed elitr hendrerit duis gubergren luptatum tempor. Dolor amet delenit eirmod in dolor kasd voluptua dolor iriure ipsum elitr aliquam clita amet. Sed sanctus autem ipsum et. Blandit autem clita aliquip ut mazim sit ad ipsum amet feugiat lorem.\n","pageCount":400,"excerpt":"Ea diam dignissim duo sit rebum dolore sit no adipiscing accumsan consetetur sed duo autem duo dolores amet sed. Diam magna eirmod accumsan lorem aliquip in exerci tation rebum praesent qui elitr. Duo congue sed ea dolor diam sit sit sit nonumy dolore et dolor. Clita takimata dolores rebum et gubergren eleifend ipsum accusam dolor iusto augue. Et magna eirmod amet tempor. Vero dolor dolor sit accusam nulla dolore amet erat magna veniam sit. No enim eu aliquyam ipsum erat sed gubergren eos cum duo eirmod ea vero takimata sed. At sed duo elitr doming. Lorem sanctus no dolor invidunt consectetuer sed ut vero consetetur voluptua sea at exerci nulla. Dolor kasd takimata et est sadipscing dolores justo vel dolor feugiat nulla accusam consetetur. Feugiat diam invidunt diam no nonummy sit.\nTempor quis sadipscing diam diam vero aliquyam vero justo lobortis augue diam duo feugiat dolore dolor sea dolor aliquam. Et sit nulla ut ipsum dolore dolor tincidunt amet lorem vel tempor est est. Sanctus duis vulputate luptatum veniam duis duo consequat sea lorem duo et in duo labore. Velit sed et liber justo at sea lorem clita diam consetetur est diam sit sea et diam ullamcorper.\nIllum nonumy ex sed nonumy amet vero et te et facilisi erat lorem sed et. Et dolore dolore vulputate laoreet aliquam vero sanctus dolor invidunt clita. Ipsum sadipscing aliquam est dolore gubergren nulla suscipit ea nonumy duis invidunt ea clita. Vero nibh at ut clita et suscipit nonumy gubergren sed sed sed nihil commodo enim. Sit suscipit dolores at aliquyam nibh nulla sed laoreet ut erat erat facilisi vel eirmod amet lorem eirmod. Liber lorem dolore clita. Dolore ea duo sanctus amet autem suscipit eos ipsum sed dolor justo dolore lorem amet elitr aliquip et. Doming aliquyam erat feugiat ea. Kasd sit duo ut. Et ullamcorper dolore accusam at doming. Duo at nulla dolore est vel stet.\nIn clita gubergren sadipscing. Eu ut sanctus amet duis eos vel sed rebum. Enim dolore elit blandit eirmod lobortis sadipscing takimata est clita duis. Stet praesent est suscipit justo dolores ea. Erat duis kasd erat no at sit elitr stet dolor rebum accusam sit tempor vel sadipscing labore amet. Amet ipsum velit diam sea mazim sit sed sed ut in rebum dolor diam vero. Eirmod dolore minim et rebum nonummy diam accusam eos. Dolore eleifend enim euismod ipsum dolor magna labore dolore ipsum odio gubergren eum sed magna facilisi. Nonumy molestie sadipscing lobortis eos tempor facer. Tincidunt elitr gubergren iriure consequat sea dolore illum et dolore no et et feugiat no. Et magna accusam blandit sed eos blandit amet et sadipscing eros sadipscing sit nulla tempor luptatum no lorem. Esse sadipscing sit dolores diam aliquam labore sea ipsum sit dolore diam nobis justo. Quis nisl molestie sea aliquam dignissim sea amet invidunt lorem amet id erat feugait magna vero et et labore. Eos et sea ipsum velit vel sadipscing erat diam voluptua consetetur sed luptatum sea ut zzril sanctus.\nIn sed laoreet commodo amet voluptua. Sed delenit in erat. Nam erat at lorem et ut vero clita sit elitr molestie aliquyam.\n","publishDate":"2022-09-26T18:25:00.9852514+00:00"},{"id":5,"title":"Book 5","description":"Autem id tempor accusam dolores eos. Ut sea elitr sit justo labore clita et invidunt. Sed dolores sed at takimata illum in facilisi. Ea nonumy consequat erat tempor justo lorem et clita sea dolor. Et erat labore stet.\n","pageCount":500,"excerpt":"Feugiat ad eos. Lorem accumsan sea sed et ipsum consequat duis justo aliquyam nostrud ipsum aliquip voluptua dolor nonumy sit esse. Lorem sadipscing dolore feugiat eos sed aliquyam veniam zzril voluptua luptatum duo volutpat blandit et at. Zzril dignissim dignissim lorem takimata kasd elit stet sanctus sit. Sea diam dolore accusam labore aliquyam voluptua stet eos sed invidunt sanctus dolor veniam et. Elitr euismod nisl illum consetetur lorem kasd. Ea et vulputate accusam hendrerit et dolor odio vero clita accusam amet lorem eos. Mazim takimata et rebum facilisi gubergren sea erat elitr accumsan erat voluptua aliquyam. Et ea ipsum erat dignissim sed. Sea clita sit consetetur tempor nonumy sit kasd ea te elit autem. Eos nulla nostrud erat amet option dolor sadipscing sed nonummy amet dolor ipsum. Magna amet clita sit sed eu sadipscing dolore hendrerit lorem rebum aliquyam. Ea velit illum nonumy dolores.\nUt voluptua ipsum dolor magna magna lorem sanctus ut feugiat ea nonummy molestie eu eu takimata duo facilisis. Sit lorem exerci eirmod gubergren dolore sadipscing lorem ipsum amet augue dolore iriure invidunt duo diam consequat justo aliquyam. Sadipscing clita lorem gubergren aliquam et nostrud eirmod diam exerci euismod kasd ea. Sea amet et feugiat.\nEos magna blandit et est amet dolore elitr et kasd rebum accusam accumsan nihil iriure takimata sadipscing congue erat. Invidunt vel dolor est sit ut diam feugait iusto accusam duo rebum cum dolores stet assum suscipit ut dolor. Takimata dolore erat ipsum in feugiat elitr takimata magna no stet magna stet iriure voluptua sadipscing in suscipit. Dolores volutpat sanctus ea amet at augue eirmod sed elitr feugiat takimata amet. At amet nostrud dolore diam. Amet gubergren sit dolor lorem eos duo stet sadipscing wisi. Dolor kasd dignissim et diam. Amet volutpat voluptua sanctus sit rebum nulla ut magna stet voluptua at. Dolor elitr et ut nulla elitr molestie. Eos sit sanctus diam amet vulputate et quod dolor elit te autem diam rebum sea praesent eos sed clita. Ex dolores zzril sea et ea eos dolore ea eum sadipscing. Feugiat eirmod eu accusam ea dolor dolor dolor gubergren dolor nisl eos sed.\nAccusam diam eos stet facilisis justo consetetur eirmod et invidunt consetetur. Facilisis consetetur clita gubergren nonumy velit et et lorem dolores. Clita tempor at accumsan. Ipsum justo accusam facilisi sed vulputate duis nibh magna takimata vel dolore sanctus laoreet. Diam nonumy aliquyam sed. Wisi amet stet et dolore dolore dolores eirmod diam justo erat clita tempor. Sit sadipscing gubergren rebum enim nonumy sit clita volutpat et labore ut et lorem sanctus lorem nonumy. Nonummy vero amet elit et dolore no sanctus et velit amet kasd et diam facer. Diam ipsum aliquyam feugiat. Ut suscipit feugiat dolor et qui delenit ipsum facilisis tincidunt sadipscing dignissim nonumy ipsum nonumy consectetuer sed amet nihil. Aliquam ex ipsum dolor eu. Ipsum sit dolores elit dolores ad amet stet elit exerci zzril aliquyam et. Doming in nulla. Ipsum lobortis aliquyam duis sit vel in. Dolor tempor tempor esse vero. Magna hendrerit tempor. Sadipscing nam sit sit diam ipsum tempor wisi voluptua dolor lorem qui dolores sed. Te sit sed. Dolor eirmod lorem justo duo lorem.\nMagna no iriure amet praesent et labore dolor et sed no diam ut amet. Rebum duis sed sit ipsum invidunt nonumy no minim diam gubergren. Sea lorem duis at tincidunt consequat consequat consequat kasd ipsum ad. Et eirmod invidunt hendrerit dolor ullamcorper congue sed ipsum rebum facilisi in sed sed. Ea labore velit eirmod dolores diam accusam ut rebum dolore ipsum elitr diam dolor. Nonumy ea in ipsum dignissim amet velit lorem ad justo dolor vulputate invidunt. Lorem et accusam et amet tation dolor. Magna vero kasd tempor at at et kasd eos kasd lorem ipsum nisl est gubergren enim. Nostrud iriure duis magna. Dignissim justo clita justo dolores consequat. Accusam dolor diam sadipscing et facilisis nobis vero dolor nihil nihil imperdiet duis dolore rebum lorem ut takimata. Dolores lorem justo dolor tempor iusto delenit feugiat accusam. Diam no ipsum est wisi sed et delenit consetetur justo amet ut tempor velit kasd consectetuer ut ea. Labore nonummy sit iusto at invidunt accusam et eleifend eirmod hendrerit dolor elitr nulla suscipit sed feugait no. Takimata lorem diam elitr elit ipsum diam te erat voluptua accumsan sit tincidunt eirmod et eos. Sit ut ipsum ea vel nonumy dolore rebum sanctus hendrerit vel aliquyam ipsum sanctus feugiat.\n","publishDate":"2022-09-25T18:25:00.9853403+00:00"},{"id":6,"title":"Book 6","description":"Duo sed invidunt nonumy assum sadipscing tempor duo aliquyam invidunt vero justo sit gubergren vero zzril. Rebum diam clita eos dolore diam takimata amet quod invidunt tempor sadipscing. Duo elit amet eirmod ea sed nobis ipsum est veniam no lorem justo aliquam. Gubergren amet elit autem at vel diam accusam duo laoreet lorem. Te dolore dolores at magna amet duo vel kasd dolor et aliquyam. Kasd at magna et hendrerit at sea feugait magna stet. Diam at volutpat feugiat invidunt dolores elitr. Ut nibh justo ut ut et ipsum elitr sadipscing blandit magna ut voluptua eu vero consectetuer hendrerit sit ipsum. Sadipscing aliquyam iriure labore labore justo dolor lorem qui aliquam. Dolore amet dolor voluptua sanctus at duo enim. Diam soluta dolores et ad ad ea tempor. Justo ut eirmod lorem tempor in ea sea et sanctus et voluptua justo. Vel no sit iusto lorem sadipscing sit ea duis nulla voluptua placerat dolore dolor aliquyam sanctus no elitr kasd. Accusam takimata diam eos sea sed velit dolor consequat amet gubergren ea. Clita amet rebum erat blandit illum diam eu blandit ipsum nobis invidunt tincidunt accusam nonumy facilisi clita dolore.\n","pageCount":600,"excerpt":"Et labore stet consetetur elitr elitr et gubergren et ipsum aliquip luptatum labore laoreet elitr magna sed. In sea et stet voluptua. Consequat ipsum eirmod odio vero gubergren. Adipiscing adipiscing dolores stet. No sea diam et duo vero voluptua consetetur at kasd rebum sadipscing et delenit. Mazim et luptatum vero consequat lobortis ipsum accusam feugait no elitr accumsan augue lorem. Sea sea elit wisi aliquip eos vero consequat amet suscipit clita hendrerit nulla suscipit eum et ut lorem dolores. Et labore dolores erat est placerat sed dolor labore ex sit et amet dolor gubergren tation.\nUt iriure sea vero sed magna dolores diam tempor rebum qui. Kasd in ut praesent vel takimata exerci eirmod sed zzril nonumy vero erat te enim. Diam diam molestie dolores nisl nobis stet vulputate consetetur takimata esse et doming sed. Gubergren amet tempor et clita magna. Dolor lorem nonumy facilisi. Kasd eros velit no ut mazim dolores dolores autem dolore at ut diam vulputate justo sed. Feugiat eos erat stet.\nDolor luptatum eirmod lorem ea ipsum lorem tempor sit aliquam ipsum lorem gubergren vulputate invidunt dolore kasd. Sed at nonummy dolor eirmod sadipscing sadipscing dolore sed et ipsum consequat rebum takimata accusam dolore ea. Eu sed gubergren sit rebum ullamcorper odio et gubergren erat eos diam ea voluptua ipsum nulla at velit. Sed lorem ut nulla facilisi feugait et sadipscing sit labore consetetur sadipscing sit takimata voluptua in. Eos dolor ut vel enim dolore ipsum amet tincidunt sanctus nonumy et justo. Sit kasd diam at labore facilisis sed consectetuer nisl dolor vel aliquam lorem eu et hendrerit. Wisi nonumy erat elitr.\nNonumy sed aliquip eirmod eu magna et aliquam ea nostrud imperdiet clita sit doming justo. Voluptua ipsum invidunt qui sed commodo lobortis takimata amet in sea diam takimata et kasd dolores molestie lorem sit. Wisi duo clita amet lorem sit ipsum lorem. Liber dolore accusam vero.\nElitr est eos sed lorem mazim kasd rebum autem facilisis sit ipsum elitr aliquyam et vel. Et amet molestie. Luptatum qui duis nulla dolores et veniam duo vero facilisis erat hendrerit. Duo luptatum delenit diam lorem dolore accusam duo augue lorem voluptua dolor consectetuer diam. Sed et ut diam ut laoreet ipsum no duo consetetur. Tation dolor dolore dolore ut sit voluptua labore vel facer ipsum nonummy. Eos blandit sed kasd et justo.\n","publishDate":"2022-09-24T18:25:00.9854043+00:00"},{"id":7,"title":"Book 7","description":"Dolores sed vero. Ullamcorper et autem sed consequat. Et nonumy in consequat sanctus eu lorem eros et et rebum lorem sanctus iusto. Duo stet et justo sit placerat et eros sanctus tempor.\n","pageCount":700,"excerpt":"Suscipit ut dolore dignissim wisi at at iriure. Elitr lorem eirmod ipsum ea est no est diam rebum amet tempor et nihil vero ut rebum diam sanctus. Elitr clita ea ipsum facilisi dolor accusam at at amet sanctus labore vero ut consetetur. Lorem stet diam dolore amet praesent eu labore vel et. Lorem sea eos dolore. Sed ipsum dolore ut dolore nonumy nibh diam soluta ipsum odio no ut diam. Duo nonumy et clita dolore odio vero ipsum adipiscing. Tempor lobortis et.\nVeniam esse feugiat dolores. Molestie accusam commodo justo lobortis delenit nobis aliquyam sed ea sed autem labore sit clita at elitr. Tempor sanctus nostrud elitr duo sadipscing molestie dolor ipsum dolores quis justo diam et. Sed vero voluptua no amet diam ipsum adipiscing sit diam eos amet sit aliquyam. Accusam gubergren aliquyam elitr invidunt sed placerat et quis dolor. Accusam velit kasd. Vulputate molestie sit vero luptatum diam ea eirmod. Nulla rebum nonummy et voluptua amet nonumy nonumy eirmod nobis autem. Mazim takimata eros et tation sed elitr et nisl ea. Vero et labore diam ut eos lorem sit amet tation ipsum soluta tempor takimata sea gubergren amet ipsum sadipscing. At lorem ipsum consequat nonumy facilisis tation tempor tempor adipiscing. Duo sit at feugait luptatum sea at sanctus nonumy nonummy takimata et vero duo dolor. Odio consequat sit tempor dolores diam ad illum elitr voluptua autem eos. Consequat eos elitr. Stet voluptua eu voluptua ut ea consetetur tempor laoreet gubergren sanctus quod nonumy est ea consectetuer ad erat clita. Elit suscipit eu dolor sit kasd velit nulla esse dolor voluptua dolor te delenit nonummy.\nIn tempor diam amet diam. Feugiat diam amet dolor gubergren odio lobortis quis eos dolor. Dolor no diam eos dolore nisl. Sit sit dolore aliquam dolore tempor ipsum sea tempor cum sadipscing duis tincidunt dolores eos justo aliquyam sea. In ea at aliquam kasd consequat lorem ut et dolor nonumy dolores ipsum. Nonumy et vero sadipscing.\nMinim stet in duis sit ex dolores ut duis ullamcorper augue amet vulputate zzril. Stet nostrud elit invidunt dolore nulla sit. Ad sit luptatum clita justo vero vel. Lorem illum sit clita ut invidunt wisi et. Diam voluptua duo. Ut at vulputate autem takimata et id sed labore placerat nulla. Et magna accusam sed sea elitr commodo lorem et elitr dolores diam. Vero no labore et et duo takimata diam gubergren consequat sit nihil duis nulla. Aliquam sadipscing lorem labore labore eu eirmod lorem gubergren et sit. Amet elit amet sadipscing no sed elitr stet takimata labore ipsum vero amet. Sadipscing duo aliquyam sed eirmod no takimata sanctus tempor amet amet augue. Labore dolores facer et. At dolore vero te. Te aliquam diam et facilisi dolor justo ad nisl nostrud consectetuer no tempor augue in. Sit dolor ut sadipscing feugiat duo duis diam assum. Ea molestie ea consequat gubergren dolor kasd dolor clita diam in dolore kasd vero invidunt dolore eos. Invidunt eos diam. Diam et justo sanctus wisi dolor ipsum volutpat ipsum accusam voluptua eirmod duo magna. Est takimata et.\nSed eum diam dolor erat duis lorem lorem. Ea rebum nulla consequat gubergren et duis sed aliquyam takimata. Sed amet ea congue justo erat. Consetetur tempor eos elitr suscipit consectetuer accusam sit ipsum commodo voluptua ut dolore magna dolor praesent blandit amet et. Velit enim dolor tempor. Duo lorem ut diam duo. Autem elit duo hendrerit at et amet luptatum erat stet dolor at tempor. Et nonumy vulputate labore eirmod eos kasd liber diam et accusam lorem sit diam lorem. Tempor vero ipsum augue lorem vel lobortis sadipscing facilisis wisi accusam sit facer gubergren. Lorem dolore ea et diam et hendrerit et esse sea magna. Dolor augue stet blandit ullamcorper illum consetetur consetetur diam. Nulla gubergren eu ut duis erat dolores eu suscipit et iriure erat ullamcorper et ipsum vulputate diam sit dolores. Et id consetetur takimata et tincidunt magna dolor amet dolor autem vel. Suscipit vero velit rebum erat nam. Ea erat justo.\n","publishDate":"2022-09-23T18:25:00.9854841+00:00"},{"id":8,"title":"Book 8","description":"Nonummy molestie est tincidunt amet luptatum et dolore eirmod elit labore. Dolores et commodo consetetur duo congue dolor sanctus facilisis eos luptatum ea iusto sadipscing et sadipscing sed et. Accusam sit consequat dolor option ipsum. Eos sit stet dolor invidunt. Ipsum amet stet dolores nostrud et dolor no assum est takimata accusam stet commodo nulla. Exerci illum sed sed et diam no eos soluta accusam dolor invidunt amet in nobis vero vel. Erat clita velit hendrerit aliquam voluptua tempor. At amet kasd sed eos sea voluptua. Accumsan feugiat duo erat labore tempor lobortis. Et at nonummy dignissim aliquip labore dolores tempor rebum sit sit. Et consetetur amet stet vero invidunt diam sadipscing sit sea ut diam lorem accusam dolor. Praesent duis dolor erat takimata aliquyam labore dolores aliquyam justo dolore accusam. Dolore clita et sed veniam elitr eum volutpat takimata molestie sadipscing ea stet rebum dolor labore sea. Consectetuer et lorem labore autem elitr ipsum imperdiet. Eos diam amet ex et minim dolore sanctus aliquyam et autem labore tincidunt clita amet consequat. Et sit commodo duo labore magna amet. Lorem eos rebum ipsum magna dolor ipsum eos duo eu ipsum diam accumsan erat elitr sed soluta blandit. Dolor dolores no sadipscing sit illum at diam invidunt sit ipsum accusam te sea gubergren magna. Illum labore eirmod commodo ut ipsum.\n","pageCount":800,"excerpt":"Elit dolores justo diam consetetur facilisis assum ea sed voluptua. Vel stet vel sed et. Kasd consequat sanctus labore et euismod nisl labore stet et blandit tempor ad lorem et enim lorem dolor. Kasd sed odio vero dolore dolor lorem dolor invidunt feugiat vel congue nonummy ut. Lorem quod sit sit ipsum dolore eu sed aliquam clita lorem.\nClita ea at sit takimata nonummy magna euismod delenit dolore sanctus sed. Stet at esse sed dolores placerat elit zzril at. Aliquam velit dolore hendrerit magna dolores elitr aliquam rebum. Iriure lorem et. Dolores labore sit exerci nam aliquyam sea sit et eirmod et diam. Kasd sed volutpat et vero invidunt ipsum amet eos est. Lorem tempor eros eirmod dolore sanctus magna. Volutpat sed dolor qui amet dolores sanctus nibh luptatum. Et gubergren diam elitr ullamcorper. Elit nihil et et sea erat voluptua sit tempor ut sit rebum et dolore illum. Nostrud accusam dolor elitr sed nulla vero aliquyam facilisi nonumy duis lorem rebum aliquyam. Illum lorem rebum ut dolor at tation rebum stet rebum dolores dolore vero. Sed stet dolor dolores labore tempor elit labore duis sea feugiat rebum sit ut. Dolore sit ut sed ullamcorper stet diam lorem magna lorem. Lorem et takimata iusto ipsum sed labore dolore dolores et at et ut nonummy takimata rebum accusam.\nEt erat sit et elitr vero ullamcorper et nibh diam no lorem diam. Sit at ea sed in elit clita stet velit velit sit takimata. Labore diam et eos nonumy sanctus at elit erat labore dolores duo amet ut nibh. Dolor eirmod rebum stet sit et laoreet velit dolore takimata voluptua nonumy te laoreet nostrud dolor invidunt ipsum diam.\nLabore at molestie erat ipsum voluptua labore ipsum labore est ut dolores invidunt sanctus tempor praesent est. Dolores hendrerit eu odio diam sea eirmod. Et et aliquyam kasd diam ut stet cum magna justo lorem autem adipiscing kasd. Takimata clita lorem duis at autem sit et nonumy lorem labore luptatum tation vulputate rebum aliquip in amet. Dolores feugiat diam sit sit nisl rebum ut. Ipsum amet dignissim. Ipsum sanctus aliquip vero diam stet eos ipsum delenit luptatum vulputate accusam dolores clita et nonumy amet stet. Feugiat takimata sit dolore nibh blandit et accusam voluptua blandit clita clita diam sed stet amet takimata in dolor. Kasd dolore gubergren diam nonumy nonumy sanctus eos nonumy est nibh tempor gubergren kasd adipiscing. Ipsum lorem ad rebum aliquyam velit vel lorem lorem labore consetetur sed sea zzril consectetuer. Dolore duo sed dolores hendrerit aliquyam sed. Duis magna est enim tation sed justo accumsan dolor no aliquyam justo te dolore. Rebum vero sed takimata ipsum sanctus duo sadipscing. Eum blandit nulla lorem eros dolor amet tincidunt nulla no gubergren lorem invidunt dolore vero aliquam at labore eirmod. Consetetur voluptua diam sed labore ipsum at sed lorem duo ipsum feugiat sea aliquyam magna lorem.\nSea dignissim erat. Kasd rebum dolores. In amet elit tation amet nonumy. Labore accusam clita sea at ea est lobortis. Dolore et labore amet ipsum option illum dolore duis elitr lobortis nonumy exerci feugiat nostrud veniam lorem amet. Eos sit laoreet dolore esse lobortis. Feugiat nulla duis et sed eos sadipscing dolore dolor justo sadipscing.\n","publishDate":"2022-09-22T18:25:00.9855673+00:00"},{"id":9,"title":"Book 9","description":"Ut feugiat sanctus sanctus lorem labore dolore et facilisi ut dolor ipsum. Takimata erat aliquip elitr dignissim delenit nibh. Diam erat aliquyam elitr sed diam sit duis commodo takimata aliquam eirmod gubergren duo consectetuer duo dolor. Illum tempor vero et erat amet et duis dolor consequat et accusam ullamcorper diam amet vero illum. At dolore facilisis eirmod at lorem sed clita justo accumsan.\n","pageCount":900,"excerpt":"Iusto quis congue amet. Dolores consetetur invidunt in in elitr ipsum kasd erat vel rebum luptatum sed invidunt vero dolore nonumy lorem. Kasd option rebum sit amet diam consetetur. Stet eirmod nonumy et consetetur amet et et ut enim dolore dolor et sanctus vulputate diam cum no. Ipsum dolore tempor. Et aliquyam dolore. Voluptua aliquyam dolor lorem.\nConsetetur dolore magna ipsum diam sanctus at amet sea sadipscing clita ipsum ipsum sed eum sed odio. Et augue et nulla et aliquip velit feugait magna. Rebum kasd soluta vero invidunt dolore et gubergren dolor sanctus euismod amet dolore tempor elitr suscipit ex. Dolor et kasd labore accusam eu amet sanctus sed et exerci accumsan et nonumy. Et praesent diam nisl sed assum. Erat consetetur diam tempor in in amet invidunt consectetuer sanctus. Dolor labore dolore rebum dolore lorem diam voluptua dolore amet molestie diam ea duo dolores. Blandit volutpat stet vel vel. Consetetur gubergren sanctus est sit dolor et sit sadipscing est. Sed eos takimata ipsum eos nihil invidunt accumsan duo feugiat te est ea. Eum vero consetetur eos magna dolores at consequat mazim dolore eros et zzril at amet. Eum placerat lobortis sed diam amet consequat magna diam rebum ut lorem clita no. Diam lorem ea gubergren dolore no duo molestie nonumy et vulputate stet exerci ut et lobortis justo eirmod sanctus. Accumsan lobortis nulla. Nostrud duo at zzril id eum nonumy sed vero ea diam nam sed invidunt feugait amet dolor veniam dolor.\nVulputate aliquyam ut magna. Ipsum ex sed ipsum sadipscing no lorem accusam no et quis vero diam in ut nonummy sit dolor. Mazim dolore duo facilisis no duo eum clita voluptua dolores erat voluptua sed ipsum eu enim et dolore. No at vero. Ipsum clita sit eirmod lorem eos dolor laoreet dolor gubergren. Nibh sadipscing sit. Dolore at sit dolor takimata in. Labore magna diam id illum eum elitr clita lorem labore dolor ipsum eos tempor et consectetuer stet. Nostrud consetetur tincidunt. Sea suscipit enim est.\nEt ut dolor et tempor clita et voluptua invidunt sit. Clita nonumy et labore kasd eirmod vel nonumy. Euismod autem ut ad adipiscing ea zzril nibh est elitr magna eirmod.\nLorem ipsum elitr et gubergren sed nonummy at. Stet dolor blandit lorem amet ipsum no accusam. Stet vero diam dolores elitr rebum velit gubergren. Sit no dolor nonumy sed amet amet vero ut amet lorem et consetetur gubergren. Eirmod lorem delenit et aliquip eos at labore nisl esse eos dolor diam sit. Lobortis ex eirmod magna nonumy aliquyam ut dolores wisi. Iusto gubergren eos vero. Est sed tempor eu consetetur dolores erat esse at sea. Et voluptua euismod. Ipsum invidunt invidunt dolor et nonumy lorem feugait eos et. Aliquyam gubergren amet sit sit gubergren in. At kasd option diam tempor. Exerci voluptua voluptua luptatum ut dolor eos diam diam ipsum sanctus voluptua stet ut rebum ea in. Lorem zzril praesent ea et sanctus kasd ipsum dolor gubergren sed elitr dolor voluptua elit diam. Gubergren augue at ipsum sit no dolores lorem adipiscing sit consequat.\n","publishDate":"2022-09-21T18:25:00.9856308+00:00"},{"id":10,"title":"Book 10","description":"Nibh at lorem et soluta sed et invidunt sit eum ut sit ut sed lorem eos et. Nulla diam consetetur gubergren sed clita feugait dolore molestie elitr vero. Consetetur dolor sed ipsum dolor ut sit odio eos sea elitr at tempor dolores. Et mazim gubergren facilisi stet veniam voluptua dolore ut sit duo clita ut eos eos consetetur tempor. Diam diam eu erat elitr velit tempor tempor lorem sadipscing commodo invidunt est iusto liber dolor. Dolore sit ipsum sit accumsan dolor magna at dolor. Molestie et vero et ipsum nostrud minim amet iriure dolores dolor nonumy esse amet stet labore. Vero nonumy elitr vero lorem amet rebum ad lorem consetetur tempor hendrerit diam minim zzril.\n","pageCount":1000,"excerpt":"Diam ea nonumy sit autem rebum amet amet in. Nonumy consequat tempor elitr facilisi dolor dolor. Amet feugait elitr magna lorem lobortis takimata et lorem volutpat et sed illum nonummy at. Sadipscing consetetur elitr kasd sit duis dolore ex est sea. Luptatum lorem aliquyam diam elit dolor exerci et dolores accusam praesent amet dignissim illum duis dolor nonumy kasd diam. Lobortis labore laoreet. Rebum sed zzril kasd amet et ut adipiscing tation lorem.\nEt sit ipsum amet ut duo. Ea sit et vero justo feugiat et consetetur nisl magna dolore ut ut. Consetetur elitr ea accusam hendrerit ipsum sit amet consetetur autem. Sed ut illum ad dolores et vulputate minim sit sanctus diam dolor ut. Gubergren sadipscing voluptua ut labore vulputate nonummy rebum ea consetetur diam dolore quis sit tempor illum eirmod justo. Ut et consetetur dolore eos elit accusam aliquyam. Te sanctus et hendrerit magna placerat. Liber hendrerit ut. Aliquip at rebum sit no nonumy. At aliquyam ea est exerci amet dolore kasd rebum dolores facilisi duo invidunt diam veniam sit. Sadipscing sadipscing elitr elitr amet delenit sed elitr consetetur vero consectetuer diam nibh ut. Sed accusam volutpat no voluptua sea zzril sadipscing volutpat facilisis et facilisi commodo velit nibh et. Tincidunt at et tincidunt nonumy.\nEirmod no eirmod tempor. Lorem sanctus sed in blandit stet. Sed exerci sed volutpat hendrerit feugiat dolore sit sanctus diam nonumy amet consequat. Illum ut eirmod dolor facilisis ea est invidunt vero labore consetetur ut clita nulla id hendrerit lobortis ex ex. Et amet amet enim clita at diam augue vero tempor nostrud voluptua stet diam. Nihil lorem ut sadipscing amet lorem in kasd sanctus ipsum labore minim. Facilisis consetetur dolore sit sit dolore takimata sanctus suscipit diam id sed enim lorem magna luptatum sed. Dolores nibh minim enim diam amet justo et nisl dolor magna vero eirmod clita sed. Gubergren clita sit volutpat autem et ullamcorper gubergren sit eros vel dolor sed dolore. Kasd facilisis est et dolor sed option labore tempor dolore kasd aliquyam facilisis vero no lorem kasd erat molestie. Et et vero takimata eirmod elitr dolor nonumy vel accusam stet facilisis zzril voluptua. Nonumy duo lorem stet. Commodo justo vero dolores duo no vel. Magna ipsum delenit sea justo et. No amet exerci sit dolore sadipscing nonumy et sed at dolore dolor ut amet hendrerit. Invidunt ea dolor dolores dolore invidunt duis magna eos qui erat feugiat lorem elitr quis lorem sit consequat. Diam vel eirmod in at lorem est et elitr eu lorem justo. Vel justo eos dolore sit amet consequat justo at.\nEleifend duis nostrud sit dolores eos justo zzril elitr ex diam. Stet sit at voluptua erat ut commodo tation kasd feugait lorem commodo sit dolore lorem amet stet feugait. Et et ut. Facilisis eu accusam kasd odio quod elitr te gubergren vero. Qui vero no magna in iriure vel luptatum elitr elitr eirmod eos diam amet sea. Vero lorem sed dolor veniam. Ut magna lorem ut. Tempor soluta amet vero lorem erat dolore sit justo. Rebum iriure est diam duo esse diam stet labore kasd accusam. No et dolore gubergren hendrerit est ea ea elitr facilisis magna. Adipiscing vel consetetur et illum elitr tempor duo dolor dolores facer eos tempor sed kasd vel praesent erat eu. Diam diam accusam sed consetetur amet magna hendrerit quis lorem lorem et. Sea dolore et tempor lorem eum ut exerci et erat accusam nulla velit invidunt. Dolore invidunt sadipscing clita sit nonumy vel lorem lorem amet et in vel ea vulputate.\nAliquam aliquyam in. Elitr sed duis eu. Voluptua stet justo augue stet autem clita lorem augue in. Diam et volutpat et ea et magna at accusam. Invidunt diam amet et accusam invidunt aliquyam et diam invidunt sanctus diam dolores commodo consequat odio voluptua consetetur magna. Gubergren et et et eos in consequat eos kasd facilisis at hendrerit. Et lorem dolore. Vero lorem sanctus amet duis sanctus aliquyam clita at amet laoreet iusto. Ipsum sea adipiscing et ut dolor clita elitr sanctus accusam ea dolor qui. Lorem ad justo et dolor. Iusto diam option clita. Dolore et consetetur eirmod elitr et ipsum sed at eos velit. Elit ipsum augue nulla aliquyam accusam ut sea nulla sit sit sit. Nonumy sadipscing amet accusam erat sit vel imperdiet stet sea. Takimata eos exerci quod soluta nonumy sed accumsan feugait. Consetetur tempor sit est et. Augue sit et justo clita clita odio facilisis at consetetur accusam ut stet feugiat nonumy. Sadipscing nonummy eos elitr sed dolor ipsum ut sadipscing wisi sadipscing ex elitr consetetur kasd.\n","publishDate":"2022-09-20T18:25:00.9857266+00:00"},{"id":11,"title":"Book 11","description":"Feugiat ut cum tempor dolor magna justo consetetur nibh diam ea quis dolor suscipit delenit consetetur lorem. Consequat sea iriure assum eirmod wisi magna labore nisl labore duo elitr no sit eirmod magna. Congue eu eirmod dolor. Et est veniam amet sit eirmod lorem diam diam nonumy feugiat gubergren. Iriure dolores sed amet voluptua nonummy et iusto dolor lorem magna rebum ut labore at lorem gubergren clita. Nobis ipsum enim et tincidunt at voluptua lorem zzril invidunt no exerci. Et dolor dolor sit sed diam. Lorem et ipsum aliquyam diam. Consectetuer ut dolore sanctus consetetur diam lorem hendrerit et et dolor eos. Eros dolores dolores. Et erat diam est wisi. Sea lorem elitr justo sea. Delenit erat veniam.\n","pageCount":1100,"excerpt":"Et dolor illum tempor sanctus no amet. Dolore erat est nonumy justo invidunt ea praesent sit sadipscing accusam. Dolor est dolor esse stet aliquam justo diam sanctus at tincidunt ut ea consetetur invidunt. Vero dolores ad sadipscing. Cum tempor consetetur sea. Dolore vero et eirmod in accusam sadipscing sit adipiscing nibh sed dolor et sit. Amet et labore sit iusto consetetur kasd sed mazim consequat amet et dolor aliquyam sanctus stet dolor tempor sed. Facilisi consequat in eos ipsum sed sea est consequat diam suscipit autem. Invidunt quis dolore. Velit nonummy et clita consectetuer sanctus tempor delenit no eos velit ipsum eirmod doming et. Eos ipsum dolor et facilisi qui zzril et vero sed suscipit voluptua dolore in sadipscing ipsum vel nonumy voluptua. Justo duo et invidunt. Dolor duis dolor nostrud vel amet dolore facilisi duis nisl doming. Dolore justo dolores et. Vel lobortis vero amet consectetuer at sadipscing. Enim ea no et commodo autem aliquyam sit justo delenit ut lorem possim consequat voluptua lorem stet. Elitr dolore invidunt molestie justo stet dolore voluptua sit enim lorem invidunt labore eirmod et nostrud.\nDiam aliquam suscipit clita et. Magna molestie minim consetetur stet blandit. Consetetur rebum accusam dolore aliquyam. Dolor et consetetur clita dignissim labore te takimata elit justo eos consequat. Ipsum justo est diam vero amet et. Ea no aliquip eos dolore magna elitr rebum sanctus lorem dolore. Feugiat erat est sed sea voluptua aliquyam clita ullamcorper in sit lorem et vel. Consetetur ut justo et vel dolores tempor amet ut at amet eirmod. Iusto at delenit consetetur sed suscipit lorem magna at at consequat erat. Elit dolor diam nonumy accusam consetetur no erat magna tincidunt dolores consetetur diam sed rebum. Magna vero ea ex justo eos labore vero eos. Duis stet amet kasd iriure sit consetetur. Lorem vero diam veniam erat amet lorem dolore amet invidunt tempor ea no dolores nonumy ut eros. Duo et diam elitr sanctus eos vel molestie sea hendrerit diam ea elitr dolore at et sed. Veniam dolore tincidunt. Odio erat invidunt facer eirmod stet elit erat commodo at velit est commodo diam lorem sit amet vel takimata. No consequat clita sed aliquam magna dolor dolores lorem te in sea vero ad sit. Diam veniam diam.\nAliquip ex rebum justo dolor nisl invidunt dolor nulla facer sadipscing magna vero et vero accusam quis consequat. Sanctus diam lorem sit erat elitr et duis consequat labore takimata elitr eum. Amet nibh invidunt liber ut voluptua sit dolor ullamcorper clita nonumy est et diam veniam erat diam mazim vero. Illum sea et eos et doming consetetur illum diam accusam ut wisi ut amet vero consetetur tempor. Amet magna assum zzril dolore esse gubergren labore. Ut vel illum autem diam takimata eirmod eleifend lorem sea molestie vero erat eros ad dolor et. Lorem vero at consequat enim clita blandit tempor dolor amet clita in stet odio.\nSadipscing vel tempor diam dolor sanctus duo sit elitr sea gubergren vero diam. Amet et eos facilisis invidunt. Erat et vero gubergren at kasd consequat ipsum amet aliquyam dolor. Rebum delenit et facilisis duo justo stet dolor ipsum praesent dignissim duis tempor ipsum. Ipsum dolor eleifend voluptua invidunt dolores et amet eros dolore gubergren sed magna commodo amet voluptua gubergren. Ipsum voluptua ut. Te vel at aliquam kasd invidunt ut sed amet labore ex amet dolor duo quod tempor stet. Dolor sit est et vel lorem justo nonumy. At sit duo odio est dolore. Ut et sea amet nibh tempor et tempor et dolor facilisi amet enim in nonumy sadipscing.\nVero in nulla volutpat est sed vero invidunt nulla gubergren assum nonumy est voluptua stet justo facilisis sanctus. Elitr consequat et adipiscing dolor ea duo et eu vero. Lorem et eirmod nonumy iusto kasd labore at veniam in amet sea takimata lorem stet.\n","publishDate":"2022-09-19T18:25:00.9858096+00:00"},{"id":12,"title":"Book 12","description":"Magna facilisis diam nonumy diam takimata esse elit augue laoreet cum no ipsum. Consetetur elitr est takimata iriure te wisi dolore lorem rebum qui consetetur lorem voluptua. Tincidunt enim sed lorem rebum nam sit vel vel magna ea. Consequat gubergren ea gubergren aliquam labore at euismod feugiat kasd dolore sea. Duo amet stet. Sea lorem et et sit zzril nulla autem diam sed eirmod dolor nibh consequat aliquyam ut dolore eros. Rebum invidunt diam odio accusam ut clita ad magna et labore sadipscing et at ipsum lorem. Dolore voluptua rebum labore. Stet vulputate ipsum et lorem. Ipsum justo blandit labore justo stet volutpat feugiat nonumy justo invidunt dolor feugait. Dolore ullamcorper stet sadipscing tempor eirmod sadipscing sit vero invidunt eos est amet lorem vel amet. Ipsum rebum invidunt suscipit veniam ut delenit amet sea ut at. Suscipit volutpat magna est delenit invidunt vero et. Dignissim amet commodo clita amet ut ea duis sadipscing ea ex. Esse tempor diam aliquip sit elitr kasd ut velit aliquam odio elitr feugait adipiscing sit labore lorem. Clita sed duo ipsum rebum gubergren et kasd velit hendrerit eum rebum autem aliquip et.\n","pageCount":1200,"excerpt":"Accusam dolores nam amet ipsum sanctus sit eu qui ullamcorper nam tincidunt exerci nam dolores magna. Sed voluptua ut erat sit voluptua eum. Et lorem sanctus tempor dolor at duo at diam autem ipsum sea duo consetetur erat diam eros praesent ipsum. Dolores facilisis veniam accusam vel nulla lorem.\nTincidunt sit eirmod voluptua diam vulputate clita eirmod vel ea sed. Sed iriure ipsum et eleifend voluptua gubergren consequat kasd doming praesent lorem. Stet rebum nonummy erat vulputate facer eirmod est lorem amet.\nEsse amet nonumy et et quis eos consectetuer et. Consetetur euismod diam euismod consetetur ut eirmod. Ipsum at augue dolore sanctus lorem rebum nonumy at sit commodo kasd at sit rebum quis rebum dolore. Gubergren rebum illum ipsum elitr no facilisis tempor ut dolor sit autem. Voluptua euismod vel duo amet tempor invidunt stet et et. Sed rebum dolor duis eos exerci tempor consequat magna luptatum facilisi diam nostrud accusam. Sit justo laoreet molestie facilisis lorem dolor consequat nonumy ea gubergren justo sadipscing ipsum dolore nonumy. Est stet at nostrud iriure duo amet clita ut est ut. Eros illum ut dolores. Sit nisl suscipit molestie ut at tempor stet lorem consetetur ea laoreet sit te justo et stet. Invidunt no suscipit dolore ullamcorper dolor sit. Autem voluptua wisi consequat et rebum eros. Accusam praesent quis vulputate diam. Eum et sadipscing est et accusam lorem gubergren euismod eirmod invidunt. Vel justo aliquyam takimata enim wisi at nonumy sanctus takimata est lorem eum placerat duo aliquyam ea stet magna. Ut erat assum. Et voluptua tempor kasd sanctus sanctus et te tincidunt facilisis dolore dolore sed ex sea diam accumsan magna labore. At invidunt duis dolores autem.\nJusto ipsum et sadipscing ipsum aliquam tation labore clita consequat dignissim diam dolor kasd. Elitr sit accusam gubergren tempor accusam at eirmod eos dolor. Aliquip ex voluptua odio ipsum consectetuer minim eos invidunt erat. Amet ipsum no velit lorem tation. Dolor invidunt at tempor doming ipsum nonumy assum clita nonumy dolor sadipscing magna diam. Tempor et accumsan sed esse dignissim dolor ipsum labore. Et eirmod consetetur eos sea ipsum erat est sit congue. Tempor lorem nonumy et liber est sadipscing takimata at dolor dolor dolore vulputate sed dolor. Dolor kasd vero facilisi voluptua vero at feugait tempor accusam dolor lobortis. Voluptua illum et lorem in commodo ipsum vel stet diam aliquyam. Et magna gubergren consetetur amet enim luptatum liber et justo iriure labore ut nulla ipsum. Accusam kasd sanctus dignissim ut sea ut et invidunt at ut. Sadipscing amet amet ut dolore.\nFeugiat aliquyam consequat sed eos voluptua eirmod autem dolor sit dolor. Zzril nostrud est amet erat sit ipsum. Takimata voluptua gubergren dolore est et at rebum nonummy sea augue. Amet et ut dolor augue augue diam justo clita et ut sed eos elit et nulla ipsum. Et dolor consectetuer lorem sea dolor duo dolores diam no et aliquyam et erat ut. Elitr vero eu cum odio consetetur sit diam ipsum no.\n","publishDate":"2022-09-18T18:25:00.9864592+00:00"},{"id":13,"title":"Book 13","description":"Tempor eirmod nibh sed velit nonumy duo at at gubergren vero delenit sea consetetur eirmod et. Clita consetetur voluptua ut et. No sit sed duo erat dolores. Sit elit eirmod justo justo gubergren ipsum. Erat et euismod lorem lobortis consequat ipsum ea et sed erat vel eirmod enim amet et. No elitr aliquyam eum doming vel facilisi dolores amet est clita et takimata tempor et esse ipsum. At qui dolor stet at sanctus. Sit duis labore esse sed sed duo invidunt justo lorem. Gubergren et option consequat vero consetetur rebum facilisis ut sit facilisi lorem.\n","pageCount":1300,"excerpt":"Iriure erat diam nulla no et elitr. Ut dolores et elit consetetur takimata erat diam ipsum stet. Sea diam lorem takimata et dolores vel invidunt veniam eirmod dignissim aliquyam. Diam blandit duo eros et takimata iusto enim molestie sadipscing ut sit velit stet ipsum sea. Nulla labore dolor et odio dolor eu dolor amet quis elitr invidunt sit rebum. Lorem elitr placerat vero takimata et ad erat sit aliquyam wisi et. Stet at et augue invidunt invidunt at voluptua eirmod consetetur amet. Dolore et sanctus molestie in justo est kasd at vel ipsum. Amet takimata justo soluta et amet takimata te esse sanctus justo. Augue duo ullamcorper ut takimata rebum justo eum velit. Ipsum sed lorem. Dolores elitr praesent ut dolore stet feugiat lorem accusam aliquam dolor dolore clita in diam vero. Magna nonumy stet. Ipsum nonumy justo. Volutpat dolore takimata dolore. Praesent elitr magna ut sadipscing. Eros dolore autem vulputate amet magna invidunt lorem. Gubergren iriure vero voluptua esse justo eirmod et lorem. Elitr laoreet sed ipsum et gubergren eros nulla lorem invidunt ipsum eu ipsum ea sed at dolor diam dolor.\nQuod lorem sadipscing. Sed accusam voluptua magna. Feugait hendrerit nonumy accusam duo ipsum magna sea tempor consequat vero. Praesent sit autem dolores ipsum amet vulputate accusam amet dolore et. Lorem consectetuer ut dolores voluptua labore lorem aliquam amet. Vulputate magna id zzril kasd dolore diam tincidunt sit labore eu esse. Voluptua consequat takimata nulla gubergren est et sit diam feugiat kasd erat nulla luptatum nonummy dolore nibh. Facilisis et dolor gubergren rebum et et est illum et sanctus ipsum sed dolore blandit dolores. Sed vero takimata clita lorem sed et takimata takimata sit dolor vero. Id dolor labore wisi vero ea in amet magna cum sed et. Erat et sit sed est doming facer tempor est ut ea diam duo sit eu sanctus feugiat lorem. Ipsum sit est sit sit. Sit et sit sed sed est duo clita nisl clita est. Accusam lorem diam vel elitr velit est sit kasd dolor facilisis autem iriure gubergren ea dolores dolore. Ea diam clita consetetur eirmod enim erat et sanctus elit elitr nonumy aliquam eos. Diam iriure nonumy amet commodo nonumy dolor vero. Erat sit dolores diam.\nConsequat est gubergren dolor eos. Tempor eos ea aliquyam sit justo dolore diam. Amet accusam et erat nostrud dolore accumsan et gubergren minim velit lorem in justo dolores lorem praesent suscipit erat. Eos et ipsum nonumy sanctus sed sit sanctus at sit nonumy et nulla elitr sanctus sanctus. Amet tincidunt no est et et. Sanctus sed stet justo. Et et clita est ea sadipscing autem delenit duo dolores suscipit et et. Augue te justo nostrud odio et dolor vulputate takimata invidunt esse hendrerit sit. Duis et et amet elitr est sit nobis euismod lobortis enim ex ex. Diam vero vero amet iusto dolor praesent tation et est dolor magna ea nulla eos aliquyam labore sit sed. Et stet invidunt no rebum aliquyam takimata facilisi magna. Sit sea et dolor labore et consequat assum labore dolores quod sed lobortis duo. Nulla tempor takimata et duo tempor nonumy sea minim et labore. Eirmod gubergren aliquyam nonumy. Facilisis voluptua praesent velit ut at sea dolor est ut ut tation no.\nEa elitr stet nostrud et gubergren duis duo sea vel hendrerit. Eos voluptua dolores aliquyam et dolor nonumy ut diam eleifend amet. Feugait blandit labore. Liber amet eos ipsum wisi labore vel aliquip ea takimata invidunt lorem hendrerit at labore magna. Justo lobortis justo lorem kasd delenit kasd tempor sed sadipscing et iriure et. Erat dolore facer ipsum adipiscing sit sea sed hendrerit lorem ea lorem duis. Stet erat sea amet nonumy ullamcorper ipsum lorem suscipit consetetur et sit dolore wisi. Dolor sed diam amet dolor invidunt sanctus et amet lorem. Dolore tempor sadipscing sadipscing ea at vero et sit ut labore sit dolore vulputate est amet et at. Autem velit dolore magna.\nStet ut sanctus lorem ad et ea tempor gubergren duis amet voluptua diam facilisis dolore vero volutpat ipsum. Vero clita rebum at duo et eos eos et velit sit nisl tempor ipsum. Clita nonumy vel. Dolor nobis rebum. Elitr sea invidunt erat facilisis erat rebum iusto. Ex labore blandit ut qui consequat sadipscing dolore ipsum delenit magna dolore. Diam at sea gubergren dolore zzril sadipscing rebum laoreet. Dolor consequat labore et. Sadipscing sadipscing at at possim stet ut kasd diam. Velit duo justo labore molestie. Et accusam iriure iusto sit quod eos nulla sea ipsum et option takimata. Et minim labore wisi et facilisi justo ut vero magna nam est amet diam.\n","publishDate":"2022-09-17T18:25:00.9865502+00:00"},{"id":14,"title":"Book 14","description":"Dolore sea ut magna takimata facer. Volutpat facilisis sed clita duo ipsum erat gubergren aliquyam ipsum ea quis. Accusam no delenit labore voluptua ipsum eirmod ipsum autem est ullamcorper rebum sadipscing justo clita clita consetetur illum et. Quod eirmod nam facilisis et justo lorem amet consetetur.\n","pageCount":1400,"excerpt":"Diam accusam takimata euismod tempor sea gubergren ipsum invidunt sed ut molestie accusam magna no dolore odio sadipscing voluptua. In accusam feugiat sit stet et dolor clita justo sanctus voluptua diam. At magna sed aliquam consetetur et veniam justo eirmod accusam est lorem.\nTe cum eos sadipscing. Sadipscing sea lorem sadipscing exerci. Laoreet consetetur amet sed consetetur eum et. Diam et dolor ea lorem esse lorem lobortis sit esse et sed nulla rebum duis ut. Duis sed invidunt voluptua qui vero. Luptatum te sed sit kasd quis aliquyam sanctus aliquyam exerci accusam magna. Et sadipscing dolor kasd et diam et qui et duo lorem accusam suscipit sit voluptua no ea erat duo. Et nonumy diam facilisi et tempor rebum rebum tempor eirmod dolor sadipscing. Et gubergren voluptua diam ut dolore consetetur ipsum. Euismod justo laoreet rebum duo consetetur sit autem gubergren. Takimata rebum accusam voluptua minim suscipit. Ea stet duis vel ipsum eos et takimata iriure duis. Kasd dolores no exerci invidunt sed sit augue. Kasd sadipscing erat et sed sea et et. Sed iusto ut nobis est lorem voluptua veniam at in tempor consequat ea elitr eu. Sea vero sit sadipscing et nonumy erat lorem erat vel est sed sea ut. Sit sanctus et aliquip gubergren gubergren sadipscing dolores molestie sed dolores. Ipsum et eirmod ut justo clita lorem nonumy assum dolor feugait.\nDolore sit stet vel invidunt at vel sadipscing vel diam justo vero dolor ea amet sed labore takimata et. Lorem aliquyam nisl dolor laoreet dolore gubergren aliquip. Kasd erat minim ut et ipsum suscipit dolore. Sanctus sanctus sed gubergren zzril esse hendrerit justo stet labore amet dolor ea ipsum euismod labore. Tempor ut dolore. Duis in velit sanctus et sed magna at cum. Consetetur vero elitr justo consetetur diam. Ut consetetur est. Elitr consetetur elit dolor et amet no voluptua erat takimata. Et stet sit rebum blandit lorem clita lobortis iriure. Et consequat sed diam elitr lorem ipsum dolor adipiscing sit consetetur sanctus elit ea eros lorem. Voluptua invidunt sadipscing at diam sed volutpat amet sanctus at labore clita sadipscing amet. Amet feugiat takimata magna in sit et sit duis duo dolor labore ea tempor stet aliquam amet. Nonumy dolor ea magna erat takimata sed consequat adipiscing kasd et ad at lorem. Vel sed sea autem rebum erat et minim eros qui sit stet sed et vero consequat sed assum. Sed duis accusam dolor at eirmod magna no sed amet eirmod et ea et vero vero voluptua commodo. Amet nonumy rebum vero nonumy ut ut minim eirmod et tation et esse. Ut kasd justo vero ullamcorper et vero autem tempor no assum accusam ipsum.\nElitr minim qui diam elitr ipsum vel facer ut ipsum sadipscing et. Magna tempor sanctus autem nonumy nonumy no dolor eirmod duo at feugait no molestie. Diam sanctus erat elitr. Vulputate labore consetetur consequat. Duis vel vel et sed sadipscing amet no erat est et eleifend. Voluptua diam te sed et clita tation sit ut suscipit elitr blandit voluptua quis sadipscing congue. Et justo aliquam justo dolor nostrud. Erat dolor enim quis at lorem ipsum no in vero justo rebum amet kasd. Clita nulla mazim consectetuer amet et vero sea ea dolore doming nisl. Dolore iriure rebum ut no sea est erat in consetetur sed nonumy dolor tempor nonumy duo magna ipsum gubergren. Invidunt delenit luptatum luptatum praesent amet sit sadipscing erat et sadipscing sit.\nNobis accusam elitr voluptua justo et ea et lorem invidunt luptatum. Stet sit dignissim in veniam est dolore dolor sanctus takimata delenit. Blandit dolore vel ea laoreet vulputate feugiat erat. Clita nam adipiscing. Elitr et justo in lorem erat magna euismod nihil rebum et sed sea sea tempor praesent ut et magna. Aliquyam facilisi et consequat nonummy labore sit nonumy no consetetur amet tempor magna vero no dolor tempor. Invidunt est et takimata. Amet euismod no duo ex et placerat nulla.\n","publishDate":"2022-09-16T18:25:00.9866191+00:00"},{"id":15,"title":"Book 15","description":"Volutpat sadipscing et consequat velit euismod eos magna no ea sit gubergren sit est. Dolor illum volutpat eros ipsum et dolor et nonumy ipsum molestie sanctus ut. Voluptua justo sed clita tempor invidunt consetetur lorem at sit sit elitr ut. Accusam sea ipsum consectetuer. Et in amet dolore amet tempor est sit commodo et rebum justo et. Dolor eum amet tempor accusam aliquyam esse congue justo eirmod et lorem iusto amet nonumy dolore amet in. Magna accusam gubergren nisl. Erat erat esse aliquyam ut ut eum dolor amet justo eirmod sadipscing et molestie sit. Lorem augue ipsum autem lorem lorem labore sanctus et qui sit zzril vero enim amet. Sadipscing erat suscipit ipsum. Veniam volutpat facilisis nonumy at takimata facilisis nobis ipsum sea sed magna at dolore esse in ea. Amet est sed sadipscing kasd dolores vel. Sit magna sit amet nam delenit vero et duo. Ut eirmod justo at sit magna amet tempor takimata magna et sit nam at lorem. Sed dolore nulla est duis vel nonumy blandit sed duis eum sed sanctus labore dolore ut aliquam voluptua. Consetetur exerci hendrerit magna accusam et gubergren eos sit takimata. Kasd aliquyam facer dolore vulputate et nonumy. Et voluptua invidunt magna euismod accusam ut aliquyam amet labore eirmod facilisi dolore sed sed eu voluptua.\n","pageCount":1500,"excerpt":"Et ea duo et. Ut ea clita eum et magna magna possim lorem sea rebum at clita vero. Volutpat rebum odio amet. Ex sed sadipscing magna sea et et labore sed dolor gubergren rebum ut consectetuer ipsum commodo justo liber praesent.\nDolor consetetur te nisl exerci justo nonummy vulputate sed nulla aliquyam vero. At dolor dolores dignissim ut ut nulla sanctus molestie invidunt et sed. Nonumy dolore erat erat gubergren hendrerit lorem sanctus dolore gubergren sit et sit eirmod et amet dolores sanctus. Clita consectetuer dolores eu magna augue rebum lorem sed option lorem dolor clita nonumy eos sed sed. Amet amet elitr nobis delenit dolor justo et at consetetur rebum erat sadipscing dolore ipsum consequat ut ipsum voluptua. Nihil sed stet iusto takimata veniam ipsum magna duo sanctus stet magna lorem ipsum dignissim. Ea erat sit delenit nulla tation gubergren sit est dolor sit kasd accusam accusam sadipscing. Dolore sed eos quis elitr ipsum rebum dolore dignissim. Stet aliquip quis sit. Laoreet tempor magna amet sed ipsum aliquyam.\nDolor duo ea no et rebum ut. Eirmod stet voluptua justo vel lorem. Magna tempor amet amet kasd duis gubergren duis adipiscing ea takimata. Vero quis amet dolor praesent et accumsan tempor dolore ipsum stet minim dolore et ut blandit. Tempor lorem nonumy consequat feugiat amet sit gubergren erat sit kasd amet placerat. Elit invidunt dolor doming in ea nonumy facilisi et. Laoreet gubergren et sed nam kasd et diam sit dolore no.\nGubergren lorem nulla amet minim vero diam stet volutpat elitr sea erat sanctus nam elitr blandit sea ipsum. Elitr sit elitr rebum ut nonumy lorem sanctus erat dolor diam sanctus. Sadipscing magna at sea lorem sea et augue dolor dolor facilisis est takimata aliquyam. Gubergren at amet.\nEt lorem ut sit sadipscing minim dolore sadipscing. Elitr feugiat et erat. Voluptua magna quis dolore kasd illum kasd clita amet erat nulla dignissim erat dolores clita consetetur sit sanctus. Vel dolor consequat tempor dolore molestie accusam. Commodo stet rebum clita diam dolor dolore sed magna amet feugiat ut quis iriure sanctus duo. Magna no lorem eirmod magna takimata ipsum kasd kasd aliquyam invidunt consetetur vero at illum sit ex. Dolores stet clita amet vero accusam te consetetur mazim ut gubergren sea congue aliquyam. Ad dolor nulla kasd dolor praesent et et. Enim sed vero elitr esse quod zzril dolor sanctus ullamcorper et magna delenit et iriure kasd aliquip kasd voluptua. Invidunt vero assum ex labore ipsum amet consetetur est clita lobortis consequat nonumy gubergren volutpat et. Ipsum sed ipsum at exerci takimata accusam diam voluptua gubergren et duo est diam vulputate. Sed sadipscing zzril tempor duo consequat facilisi gubergren facilisi invidunt et assum dolor placerat erat dolore. Elitr clita tincidunt lorem voluptua sadipscing ipsum erat. Sed at voluptua dolor duo consequat et sadipscing. Et dolor sit eros invidunt stet sea laoreet takimata diam delenit. Nonumy dolore magna. Autem accumsan duis kasd vero. Dolor in stet.\n","publishDate":"2022-09-15T18:25:00.9866902+00:00"},{"id":16,"title":"Book 16","description":"Elitr dolor et zzril voluptua ea amet nonumy odio aliquam nibh molestie sit no tempor in. Lorem justo sed dignissim eirmod clita sit clita dolor no vulputate. Vulputate dolore facilisis nonumy sea duo erat molestie sea labore sit magna labore.\n","pageCount":1600,"excerpt":"Vulputate velit duis sed in erat vero delenit et sanctus consectetuer nobis luptatum. Dolor velit no dolor sanctus est amet euismod ea lorem dolore. Esse lorem ipsum wisi at sanctus sea sit dolores eu dolor. Ipsum et nonumy rebum magna exerci assum elit gubergren sanctus consetetur lorem.\nAliquam placerat diam feugiat sit et sit sed suscipit ut dolores et magna duo consetetur. Sadipscing labore enim sed diam clita sadipscing invidunt vulputate est voluptua et tempor placerat erat in erat adipiscing. Accusam lorem lorem sed dolores ipsum ipsum lorem tincidunt ea diam consetetur amet rebum kasd consequat erat. Aliquyam minim est magna accumsan nisl tempor. Velit dolor vero at eu ut duo nibh no odio delenit clita facilisis gubergren ut ipsum et. Est gubergren et dolore consequat et amet stet qui illum vel nam ipsum et dolor delenit et no. Et te justo enim nulla ut lorem diam ipsum rebum dolore vel duo et. Et sea nihil sed blandit elitr amet minim diam accusam sit vero ipsum ea esse ut ipsum sed. Sea takimata luptatum ut stet kasd ut dolore in liber sed. Eu odio sed labore labore erat dolore clita. No eros dolore sadipscing dolores vel elitr. No diam est lorem eos et magna takimata aliquyam takimata dolore dolor praesent blandit suscipit. Amet voluptua nibh magna illum aliquyam et aliquyam sit justo voluptua autem consequat suscipit. No et vel sadipscing ut facer.\nEst sed sed eirmod magna aliquam iusto est diam vel lorem augue. Molestie invidunt at sadipscing vero. Nobis tempor esse in sed sanctus delenit kasd mazim consetetur kasd voluptua vero labore et tempor i
[...]
pscing dolor luptatum. Id kasd elitr dolore ea et sit vel eos. Eum sanctus magna clita clita odio eos dolores et gubergren nonumy amet praesent erat et aliquyam. Magna amet magna wisi sea zzril ipsum duo et sed nulla et gubergren nibh voluptua laoreet magna et. Amet vero justo amet et sed dolores.\n","publishDate":"2022-03-18T18:25:01.0311134+00:00"},{"id":197,"title":"Book 197","description":"Dolore kasd voluptua soluta clita. Ut gubergren clita. Diam tempor sed voluptua aliquip te iriure consetetur invidunt justo clita stet sea ipsum et at lorem. Eirmod vero clita justo invidunt amet dolore illum consectetuer. Autem eos rebum stet sanctus eirmod cum et eos magna. Consetetur sed sadipscing dolor et commodo ut sit dolor sadipscing eos lorem. Te euismod et ad diam consectetuer eirmod takimata magna nulla vero. Dolor takimata liber voluptua et sit vero consequat. Ex ipsum eos et stet. Magna ipsum accusam takimata consetetur no amet elitr aliquam dolor. Dolor feugiat nulla consectetuer sanctus clita sit dolor erat dolores amet. Justo sit et justo esse sea erat magna lorem te ad amet amet magna labore iriure erat. Sea accusam facilisis sea ut amet sit lorem. Aliquam et lorem duo minim minim nulla dolor.\n","pageCount":19700,"excerpt":"Elitr voluptua sit ea dolore suscipit labore nonumy sea clita elitr at gubergren. Vel nonummy sit justo sed tempor cum liber kasd et. Sanctus labore takimata clita magna no dolore consetetur ut et nulla ipsum vel.\nLorem vero veniam aliquam dolore esse ut ut consetetur dolor dolor nibh rebum takimata et rebum est. Nam justo ea exerci voluptua ipsum accusam lobortis sed kasd sed takimata vero aliquyam dolore vel at nibh. Ut erat et sadipscing no commodo stet justo stet dolores labore amet in dolor dolores lorem delenit. Lorem dolores dolores ut et sea magna ut diam labore kasd sadipscing sanctus sit. Tempor tempor lorem dolor stet ipsum duo eirmod et duo sed rebum augue vero aliquam exerci erat diam. Duis lorem vel dolor. Takimata quis adipiscing option duo accusam feugiat in sadipscing blandit elitr consetetur stet invidunt tempor tempor.\nPlacerat est aliquyam lorem amet eirmod dolor dolore sanctus clita ut autem volutpat ut id dolor ut dolor. Autem sit diam et sanctus accusam aliquyam amet magna duo no. Clita gubergren lorem magna erat sea invidunt augue ipsum autem ut sadipscing et at facilisis in delenit sed dignissim. Illum voluptua voluptua diam zzril et dolor eos consetetur. Elitr clita invidunt kasd clita diam no diam sed clita. Magna aliquyam dolore voluptua. Sea illum nonumy lorem sanctus est consetetur sit. Suscipit gubergren ipsum voluptua ex takimata sed nonumy magna nihil. Vero eu imperdiet facer tation duo labore sit magna. Invidunt diam veniam ex. Accusam eirmod exerci takimata aliquyam magna. Nulla eos aliquyam labore sit dolore labore dolores no labore est erat sed vero dolor erat. Duo at ipsum voluptua kasd euismod enim dolore sit. Aliquyam invidunt erat eos rebum laoreet placerat dolor kasd. At lorem quod lorem aliquyam accumsan ullamcorper erat sea sanctus lorem sed lorem lorem dolor dolor vero.\nMazim magna aliquam vero kasd id labore illum ipsum duo tincidunt elit autem rebum rebum dolore. Et in dolor ipsum lorem velit aliquip ex kasd nobis tempor aliquyam sit illum voluptua magna ea. Dolore stet vulputate duo dolor dolor dolor diam duis duo facilisi illum vel delenit aliquyam magna. Dolores diam assum consetetur tation et sit consetetur. Delenit sanctus hendrerit diam esse ipsum aliquyam. Nulla eos eirmod diam lorem et aliquyam in stet dolor duo diam. Sea justo et labore sed elitr amet et elitr elit sanctus diam amet facilisis justo consectetuer eirmod. Facilisis magna duo stet esse consetetur sed voluptua nonummy magna ea eos ipsum. Iusto eirmod consetetur et dignissim nulla magna erat sadipscing vero gubergren. Exerci amet voluptua iusto accumsan iriure nonumy. Tempor aliquyam elit sit magna ut feugiat. Clita molestie autem clita takimata diam eos aliquyam sed odio dolore magna dolor nisl voluptua diam hendrerit stet sit. Illum justo eum et. Ut luptatum eos duo blandit soluta eum enim elit lorem tation sanctus zzril takimata consetetur praesent ipsum clita. Hendrerit eirmod iriure volutpat dolore blandit.\nDolores elit dolor dolores et et et ipsum rebum vulputate est accusam est praesent euismod nonumy dolores et. Est aliquyam diam molestie praesent ipsum nonumy tempor clita amet amet ut accusam aliquyam ea amet wisi lorem. Facer te sit at consetetur stet invidunt sed sadipscing elitr magna justo eos vel diam no. Lorem lorem sed diam elitr. Voluptua ea ea kasd rebum. Delenit eros diam at est in at vulputate esse amet eum nostrud et stet eum elitr nibh. Kasd ad sit lorem nibh nonumy ut at eos at dolor ea lorem elitr amet volutpat. Erat et ea zzril option tincidunt sed consequat aliquyam amet rebum sed. Lorem exerci aliquyam ea sit tempor aliquyam minim duo takimata consetetur no odio amet no dolore vero.\n","publishDate":"2022-03-17T18:25:01.0311826+00:00"},{"id":198,"title":"Book 198","description":"Praesent dolores assum odio et. Elitr rebum dolor lorem accusam et. Ipsum sea dolor ipsum consetetur. Invidunt zzril feugait at magna et rebum erat et justo et diam et ut consequat tempor magna. Justo autem veniam. Facilisis lorem sed lorem quis delenit et diam dolor amet laoreet et et. Et accusam sadipscing labore sanctus no exerci sea aliquyam sanctus odio. Magna diam qui veniam elitr sed. Liber in nonumy consequat est zzril id hendrerit elitr erat aliquip dolore aliquip. Sed sit sit ex dolores kasd sanctus gubergren. Ipsum et dolore erat feugait dolores luptatum ipsum erat accusam. Dolore invidunt gubergren justo rebum diam dolor kasd et lorem ut sed te ad accusam blandit lorem. Ut nonummy vero sit eos dignissim.\n","pageCount":19800,"excerpt":"Et volutpat sea justo sadipscing. Vel vel eirmod accusam magna. Vel lorem et duo sit vel in tempor clita amet mazim. Duo eros in feugiat hendrerit. Consectetuer sed diam accusam duo nostrud et nulla. Consetetur dignissim sea lorem lorem amet amet diam duis lorem et vel sed accumsan vero. Dolore et in et ut aliquyam sadipscing ipsum et congue accumsan sea praesent kasd ut amet. Vero eu invidunt sit gubergren duis takimata amet. Nisl ut sit.\nSit amet enim in no consetetur et erat tempor dolor aliquam amet est. Dolores consectetuer duis. At sit ea takimata.\nZzril in dolor gubergren sed ipsum eu labore rebum lorem lorem. Aliquyam stet dolor lorem in sea soluta sanctus sanctus nulla eos dolor tempor kasd aliquip lorem in quis sed. Sed dolores suscipit lorem ea eirmod et dolores consequat rebum rebum invidunt nulla vel wisi voluptua et facilisis facer. Gubergren iriure sit consetetur dolor lorem justo blandit no dolore justo et sit dolor sit. Ipsum nihil dolore elitr eum diam. Takimata kasd dolores lobortis nostrud accusam et amet dolore consequat iriure erat est. Quis ad dolor eum dignissim kasd consectetuer dolore autem justo clita kasd cum takimata dolores sit dolor nonumy ipsum. Sed autem duo ut eos justo dolore sanctus diam et et takimata nonummy nonumy elitr consequat. Diam invidunt augue erat labore takimata justo vero invidunt iriure molestie kasd eum eu ea eirmod feugiat. Congue vero placerat aliquyam labore lorem nonumy et nulla feugiat et et eirmod et. Vero magna dolor diam accusam nonumy sit sed eirmod doming in kasd dolor. Est luptatum kasd duis sed dolore gubergren. Kasd minim stet sit diam lorem voluptua et facilisi diam lobortis cum consetetur ea dolores et. Diam amet aliquyam eirmod illum diam dolor dolore diam at elitr qui voluptua sed tempor dolores quis euismod. Amet aliquyam clita ea et velit et elitr.\nNo placerat clita sed takimata magna ut amet wisi amet illum sanctus. Sadipscing lorem elitr dolores sea eos molestie gubergren sed veniam sit erat autem kasd cum dolor sit magna rebum. Labore elitr nibh rebum eirmod stet voluptua sadipscing voluptua. Ipsum vero eirmod iusto et eros sit at nulla lorem tempor lorem aliquip et dignissim justo ipsum.\nDuo eos stet ea diam dolores. Aliquyam ipsum lorem elitr invidunt dolores ea ipsum et dolor et minim consetetur hendrerit. Magna dolores nam et diam dolor eos in invidunt vero est tempor eos sed tation assum et sit. Nisl congue duo nonumy ipsum voluptua nonumy dolor eu sit elit lorem voluptua eros accusam vulputate.\n","publishDate":"2022-03-16T18:25:01.0312367+00:00"},{"id":199,"title":"Book 199","description":"Eirmod sed dignissim feugiat dolor quis vero dolore sadipscing. Assum dolore tempor ipsum facilisis dolor kasd amet stet nulla eirmod quis vulputate. Nonumy quis sanctus invidunt iriure. Kasd sea sadipscing dolore stet nam dolor eirmod est at euismod nibh nonumy. No diam diam est placerat nam labore exerci quis adipiscing duis nonummy soluta. Dolores ut voluptua in invidunt suscipit vero molestie no dolor dolore. Sed tempor clita lorem invidunt nonummy duo no velit sed tation et tincidunt. Gubergren tation minim duo erat lobortis consetetur tempor. At sanctus dolor eos vel assum dolore ipsum et laoreet. Clita nonummy stet voluptua nulla vero clita in eos et ut. Enim at justo sit labore sit sed sed justo no invidunt sit dignissim justo ea eu amet nisl.\n","pageCount":19900,"excerpt":"Magna sed amet at takimata ea erat eos et lorem consetetur nonumy no at et feugiat autem consetetur. Euismod elitr tation lorem vel. Dignissim dolore laoreet eos elitr est et sit id mazim justo consequat ipsum. Eu takimata sed ut qui facilisis tation stet facilisis. Eos rebum et sit sit amet dolore nonumy dolore eos kasd rebum duo option invidunt duo est. Amet gubergren esse consetetur sed nonumy dolore sit kasd voluptua no sed illum tempor luptatum sed. Consequat eu diam rebum sed dolores dolor duo luptatum nisl labore erat nonumy rebum ipsum erat amet erat.\nDiam duis sed sit et autem no clita lorem magna et elitr at diam. Diam ut erat ipsum. Amet justo diam labore est illum nostrud rebum nonumy. Ipsum nobis ut augue sadipscing eum nonumy sadipscing dolore sadipscing. Est nulla exerci facilisis odio tempor duo.\nTempor accusam diam rebum sed. Ea magna at. Diam ut consetetur dolor sadipscing diam consequat dolor est aliquyam. Erat eirmod accumsan elitr. Diam dolor ipsum et takimata ut eum amet takimata consetetur duo sanctus sadipscing. Hendrerit kasd ipsum stet option sed. Amet erat magna et suscipit invidunt accusam in takimata invidunt ex tempor sit vel vero. Vel gubergren eirmod et erat diam. Diam lorem diam ut erat duo ut dolore eirmod consequat illum velit vel. Labore justo ipsum accumsan aliquyam et diam ut eum amet voluptua dolor amet et facilisis sanctus. Erat erat ut feugait consetetur lorem. Sed takimata iusto delenit suscipit diam eu est duo gubergren est.\nEirmod euismod gubergren dolore dolor sit facilisis et elitr takimata blandit. Et sea sit vel. Praesent ipsum ipsum diam eos luptatum. Consetetur ea vel est tempor aliquyam dolores diam stet nulla facilisis voluptua sanctus duo dolore dolore. Vero et ut esse autem vero. Blandit vulputate nobis hendrerit diam tincidunt ipsum accusam sit nibh sit nibh nulla consetetur duis elitr amet molestie. Magna sed nonumy est sit amet et dolor sadipscing blandit clita magna et ad facilisi kasd. Ex invidunt ad magna eirmod dolores elitr tempor dolore. Amet aliquyam no facilisi rebum odio eu elitr sed sea labore assum dolore kasd. Elitr sit praesent eirmod rebum. Et justo esse exerci kasd suscipit velit. Augue esse sit labore et minim rebum vel amet lorem sit. Sit stet dolore eos nonumy eos dolore no vel aliquip aliquam dolore diam dolor suscipit est. Eos magna sed nulla est sanctus ex gubergren takimata facer ut enim justo eros takimata duis. Sit consetetur enim sea commodo clita dolores ut magna sit.\nEos est illum ipsum praesent ea labore suscipit eos assum ea wisi takimata lorem zzril. Eros erat diam nostrud dolor erat eos iriure voluptua sit sed duo et aliquip te ipsum. Amet assum sea dolor ipsum accusam vero euismod clita ut. Invidunt eum ut diam adipiscing luptatum ea diam ea amet lorem ullamcorper.\n","publishDate":"2022-03-15T18:25:01.0312932+00:00"},{"id":200,"title":"Book 200","description":"Sea et accusam magna dolor illum eos takimata. Invidunt iusto congue feugiat dolor vulputate sed ut vero amet stet elitr consequat gubergren ipsum consetetur et et. Nostrud id consequat quod at facer lorem diam. Sed ipsum gubergren stet et ipsum sanctus lorem lorem vero dolor. Et et sanctus. Ipsum at eirmod sit ipsum eros sed consequat amet et ad eirmod clita consequat. Nulla est sadipscing ipsum kasd enim ut ut. Illum lorem labore molestie aliquip consequat stet no commodo quis est. Accusam magna assum congue. Est diam et nonumy dolores erat eos justo vero odio voluptua est liber ut congue lorem amet vero sadipscing. Dolore eos at et elitr nulla facilisi no aliquam sit ut duo elitr nonumy est invidunt dolores. Dolores hendrerit sed gubergren erat zzril dolor quis odio diam nonumy ut diam gubergren erat. Clita dolores te gubergren sanctus.\n","pageCount":20000,"excerpt":"Dolor commodo dolore duis accusam et erat in. Diam esse lorem diam. Et sea labore amet accusam cum ea eirmod sadipscing dolores labore aliquyam aliquam eos et. Aliquam ea eirmod est. Ipsum in dolor ex justo commodo ut diam dolor sadipscing et velit voluptua volutpat exerci dolore dolores nonumy sit. No diam eleifend amet dolore et ipsum dolore est diam no. Gubergren clita et est consetetur in et feugait cum ipsum tempor nonumy sed dolor erat nonumy justo diam.\nVero voluptua amet aliquyam consequat sit ipsum ipsum euismod sed kasd erat voluptua lorem no ut. Nobis sit nostrud et ullamcorper aliquyam ipsum. Clita lorem iriure euismod blandit labore ut sed vero sed lorem rebum. Nonumy et dolores et eos et suscipit lorem. Kasd et accumsan rebum et sed vero elitr sit aliquam invidunt dolore accumsan ad et dolor sanctus sanctus clita. Clita wisi stet quis magna nonumy duo vel lorem nihil sit ullamcorper ut. Lorem diam sed dolores elitr eos lorem dolore vulputate voluptua. Kasd euismod amet duo invidunt. Eu voluptua placerat. Dolore odio vero nisl lorem justo lorem duis congue elitr sit sed vero ad sed. Rebum esse amet ea dolores at dolor option. Dolore clita no aliquyam. Qui et sed sea kasd gubergren sed dolor enim ipsum nonumy accusam feugiat nihil ipsum dolore esse. Sed ut duo illum hendrerit justo dolor molestie amet.\nClita eleifend vero ea ea eu nonumy consequat eos diam elitr magna et feugiat dolore sed consetetur dolore et. In takimata amet tempor ipsum dolores invidunt ipsum molestie et at clita kasd dolore lorem et. Ea et lorem lorem. Iusto facilisi clita consetetur aliquyam consetetur mazim dolor ipsum labore qui rebum erat esse lobortis et. Labore vulputate et stet. Dolor lorem dolor sed sanctus et invidunt tincidunt nobis justo aliquyam erat invidunt sea. Ea dolores dolor diam amet at consetetur nulla dolore et. Et magna et consequat at lorem gubergren placerat at sed nulla est vulputate sed. Sed magna voluptua sea et sanctus aliquyam elitr veniam takimata erat. Sanctus sea aliquyam ut diam amet. Rebum nihil consetetur dolore diam possim facilisis eos at tempor vel nonumy. Amet at rebum facilisis kasd aliquam takimata rebum accusam esse quis. Stet et sit accusam no amet eos ea eu sit ipsum ipsum ut laoreet. Sadipscing est imperdiet possim consetetur ex takimata ut. Kasd diam diam et kasd option stet sit diam sadipscing takimata erat ea sadipscing elitr amet diam eleifend dolor. Ipsum odio voluptua voluptua et sed dolores duo stet stet feugiat et sit erat ipsum autem at. Vulputate tincidunt et amet.\nEros tempor labore dolore aliquyam ipsum labore. Accusam ut justo eleifend dolore facilisi amet sanctus erat sadipscing invidunt eros et erat eos ea lorem in takimata. Et invidunt clita lorem aliquyam et est illum nonumy est stet et dolor iusto et elit vero nonumy duis. Elitr et ipsum ipsum diam. Lorem ea dolore ipsum et justo sit. Hendrerit eirmod luptatum magna consectetuer diam clita invidunt dolores eos iriure erat elit takimata voluptua. Invidunt takimata justo lobortis stet. Duo at magna kasd aliquyam hendrerit et accusam aliquyam luptatum. Accusam amet consetetur et amet. Ipsum ut duis kasd sanctus ipsum lorem no justo eos lorem veniam. Ipsum euismod sadipscing justo cum sit aliquyam ea magna justo dolores eu aliquyam lorem tempor rebum. Diam elitr et dolor. Vel vero justo voluptua et nonummy feugiat invidunt cum lorem. Amet vero stet ut sea diam aliquyam lorem et.\nInvidunt possim tempor. Facer dolore justo odio rebum et sed facilisi sea tincidunt et dolor congue diam dolore at ad dolor. Magna voluptua voluptua et. Et lorem no vero vulputate vero stet voluptua kasd nostrud ea sit stet. Diam illum est elitr eros et. Erat erat quis diam amet diam delenit kasd ipsum sea zzril. Sed eos et eos sit elitr nulla consectetuer eum sit voluptua exerci blandit lorem aliquyam eros. Lorem vulputate elitr gubergren rebum adipiscing aliquam ipsum. Consectetuer in duo diam eos sanctus euismod sanctus eos sanctus amet doming lorem dolores liber. Amet erat et. Et sed sed duis dolore et euismod. Nonumy rebum elitr diam sea gubergren labore. Duo ut diam sit commodo justo ut elit at illum est eirmod takimata illum. Sadipscing eirmod ipsum stet. Sed esse dolores invidunt ut eirmod commodo sed.\n","publishDate":"2022-03-14T18:25:01.0313772+00:00"}]</msg>
<status status="PASS" starttime="20220930 15:25:03.616" endtime="20220930 15:25:03.625"/>
</kw>
<kw name="Set Test Variable" library="BuiltIn">
<arg>${RESPOSTA}</arg>
<doc>Makes a variable available everywhere within the scope of the current test.</doc>
<msg timestamp="20220930 15:25:03.625" level="INFO">${RESPOSTA} = &lt;Response [200]&gt;</msg>
<status status="PASS" starttime="20220930 15:25:03.625" endtime="20220930 15:25:03.625"/>
</kw>
<status status="PASS" starttime="20220930 15:25:00.635" endtime="20220930 15:25:03.626"/>
</kw>
<kw name="Conferir o status code" library="ResourceAPI">
<arg>200</arg>
<kw name="Should Be Equal As Strings" library="BuiltIn">
<arg>${RESPOSTA.status_code}</arg>
<arg>${STATUSCODE_DESEJADO}</arg>
<doc>Fails if objects are unequal after converting them to strings.</doc>
<msg timestamp="20220930 15:25:03.626" level="INFO">Argument types are:
&lt;class 'int'&gt;
&lt;class 'str'&gt;</msg>
<status status="PASS" starttime="20220930 15:25:03.626" endtime="20220930 15:25:03.626"/>
</kw>
<status status="PASS" starttime="20220930 15:25:03.626" endtime="20220930 15:25:03.627"/>
</kw>
<kw name="Conferir o reason" library="ResourceAPI">
<arg>OK</arg>
<kw name="Should Be Equal As Strings" library="BuiltIn">
<arg>${RESPOSTA.reason}</arg>
<arg>${REASON_DESEJADO}</arg>
<doc>Fails if objects are unequal after converting them to strings.</doc>
<status status="PASS" starttime="20220930 15:25:03.627" endtime="20220930 15:25:03.628"/>
</kw>
<status status="PASS" starttime="20220930 15:25:03.627" endtime="20220930 15:25:03.628"/>
</kw>
<kw name="Conferir se retorna uma lista com 200 livros" library="ResourceAPI" sourcename="Conferir se retorna uma lista com ${QTDE_LIVROS} livros">
<kw name="Length Should Be" library="BuiltIn">
<arg>${RESPOSTA.json()}</arg>
<arg>${QTDE_LIVROS}</arg>
<doc>Verifies that the length of the given item is correct.</doc>
<msg timestamp="20220930 15:25:03.632" level="INFO">Length is 200</msg>
<status status="PASS" starttime="20220930 15:25:03.629" endtime="20220930 15:25:03.632"/>
</kw>
<status status="PASS" starttime="20220930 15:25:03.629" endtime="20220930 15:25:03.633"/>
</kw>
<status status="PASS" starttime="20220930 15:25:00.634" endtime="20220930 15:25:03.633"/>
</test>
<doc>Documentação da API: https://fakerestapi.azurewebsites.net/index.html</doc>
<status status="PASS" starttime="20220930 15:25:00.582" endtime="20220930 15:25:03.634"/>
</suite>
<statistics>
<total>
<stat pass="1" fail="0" skip="0">All Tests</stat>
</total>
<tag>
</tag>
<suite>
<stat pass="1" fail="0" skip="0" id="s1" name="TestCasesAPIBooks">TestCasesAPIBooks</stat>
</suite>
</statistics>
<errors>
</errors>
</robot>
