<?xml version="1.0" encoding="UTF-8"?>
<robot generator="Robot 5.0.1 (Python 3.10.6 on linux)" generated="20220930 15:05:33.457" rpa="false" schemaversion="3">
<suite id="s1" name="TestCasesAPIBooks" source="/home/jhonatanfrade/developer/python/robotframework/books_api/TestCasesAPIBooks.robot">
<kw name="Conectar a minha API" library="ResourceAPI" type="SETUP">
<kw name="Create Session" library="RequestsLibrary">
<arg>fakeAPI</arg>
<arg>${URL_API}</arg>
<doc>Create Session: create a HTTP session to a server</doc>
<msg timestamp="20220930 15:05:33.510" level="INFO">Creating Session using : alias=fakeAPI, url=https://fakerestapi.azurewebsites.net/api/v1/, headers={},                     cookies={}, auth=None, timeout=None, proxies=None, verify=False,                     debug=0 </msg>
<status status="PASS" starttime="20220930 15:05:33.510" endtime="20220930 15:05:33.510"/>
</kw>
<status status="PASS" starttime="20220930 15:05:33.510" endtime="20220930 15:05:33.510"/>
</kw>
<test id="s1-t1" name="Buscar a listagem de todos os livros (GET em todos os livros)" line="7">
<kw name="Requisitar todos os livros" library="ResourceAPI">
<kw name="GET On Session" library="RequestsLibrary">
<var>${RESPOSTA}</var>
<arg>alias=fakeAPI</arg>
<arg>url=Books</arg>
<doc>Sends a GET request on a previously created HTTP Session.</doc>
<msg timestamp="20220930 15:05:37.303" level="INFO">GET Request : url=https://fakerestapi.azurewebsites.net/api/v1/Books 
 path_url=/api/v1/Books 
 headers={'User-Agent': 'python-requests/2.28.1', 'Accept-Encoding': 'gzip, deflate', 'Accept': '*/*', 'Connection': 'keep-alive'} 
 body=None 
 </msg>
<msg timestamp="20220930 15:05:37.304" level="INFO">GET Response : url=https://fakerestapi.azurewebsites.net/api/v1/Books 
 status=200, reason=OK 
 headers={'Content-Type': 'application/json; charset=utf-8; v=1.0', 'Date': 'Fri, 30 Sep 2022 18:05:33 GMT', 'Server': 'Kestrel', 'Transfer-Encoding': 'chunked', 'api-supported-versions': '1.0'} 
 body=[{"id":1,"title":"Book 1","description":"Sadipscing consectetuer consequat zzril minim wisi dolore stet nonumy sed. Dolor eum cum magna duo lobortis et dolore duo invidunt sea ea molestie laoreet sit iriure dolore est. Esse clita kasd in hendrerit. Aliquip ipsum tempor et et eos et placerat aliquyam facilisis et dolor at voluptua aliquyam clita aliquyam. Erat dolores ut lorem nisl justo erat molestie amet nobis at consequat nihil duo. Clita et erat vel velit justo. Eirmod dolore est dolor elitr diam enim labore vero sit gubergren dolor no dolor consetetur.\n","pageCount":100,"excerpt":"Gubergren rebum takimata gubergren hendrerit kasd dolor. Dolor clita et est justo velit eirmod ut labore dolor labore ut duo dolore consetetur dolor sadipscing. Diam qui et invidunt sed facilisis consequat nisl sit nulla sit diam nibh lorem. Consequat enim magna tempor laoreet euismod. Sed justo et no diam magna justo at amet takimata. Amet aliquam at et. Eirmod ea sanctus ea kasd ipsum gubergren erat invidunt sed dolor takimata at et vero takimata. Consectetuer augue liber takimata tempor aliquam gubergren et liber lorem nonumy eos. Nonumy sed dolore veniam sed enim clita vel esse gubergren eos at rebum erat nonumy rebum amet. Vel liber et illum clita illum soluta molestie at. Nulla lorem justo et diam et duis eos sea te sed sed duis kasd. Nam consetetur et assum et lorem sadipscing. No vero ipsum. In qui dolore nisl dolores kasd eirmod no ipsum nonumy dolores ut justo sed erat. Eirmod eirmod clita invidunt magna est illum wisi facilisis euismod elitr lorem sadipscing lorem laoreet. Ut sit elitr duis hendrerit nonumy stet stet option assum.\nSanctus dignissim nibh aliquyam facilisis aliquyam. Dolor laoreet diam ut sit in kasd tempor no duo dolor augue diam duo magna sadipscing. Nonumy ea augue justo eros. Nobis sed sanctus est dolore. Aliquam ullamcorper aliquyam tempor gubergren voluptua no dolor no erat sit ad sit est et diam gubergren. Ipsum nibh luptatum quis ea. Rebum eos sed sanctus dolore et voluptua diam eirmod rebum sea dolore kasd tempor suscipit. Labore ut ipsum hendrerit exerci no vero quod dolores. Volutpat rebum dolor dolore augue dignissim. Nulla vero rebum justo sit. Nihil luptatum nonumy ex et sea esse dolore in duis ad iusto sea molestie iusto. Nobis nonummy ut ut congue dolore ut in nonumy minim sed. Amet accusam kasd duo possim consetetur clita quod sed magna eos. Vero veniam vero nonumy amet vel feugait sit justo nisl invidunt stet ullamcorper voluptua ea sed no lorem in. Invidunt elitr et labore in eos no dolore stet nonumy ut takimata suscipit amet. Ut sadipscing nulla. Vero dolor dolor et sanctus at gubergren quis. Magna lorem vulputate consequat tempor dolore praesent nostrud facilisi suscipit te rebum amet takimata justo.\nVel et consetetur ipsum dolor amet sea vero sea tempor tation sit et diam et ea dolore. Duo nonumy consequat elitr possim et aliquyam sit esse sadipscing no lorem diam et zzril dolor volutpat labore sed. Rebum takimata invidunt diam volutpat elitr vero. Labore et autem sed vero et et imperdiet ea dolore est stet enim diam. Elitr dolore tempor vel elitr. Magna labore et erat ut et minim at.\nKasd tempor sea et vel autem. Elitr lorem sea autem dolor at labore ipsum tempor sanctus kasd ea consequat clita vero eirmod voluptua eos lorem. Sed aliquyam amet sadipscing eos kasd congue stet diam aliquam et veniam dolore ipsum elitr dolore iriure. Molestie dolor rebum dignissim at nihil clita suscipit veniam consetetur lorem vel erat hendrerit. Aliquyam sanctus invidunt. Nihil qui zzril erat erat rebum elitr sea sadipscing zzril sed sed consequat amet duo magna nonumy nonumy. Dolor sit at voluptua. Suscipit ad elitr duo takimata dolor vel euismod. Blandit vero magna eum. Et elitr dolor tincidunt dolore sed eirmod at rebum takimata est et.\nAliquyam voluptua tempor facilisi takimata velit sit lorem sea. Dolor qui kasd in exerci at nonumy et veniam erat duo vero in amet gubergren consequat nonummy diam. Dolore vero ipsum nonumy et hendrerit ut dolore amet nobis nibh quis duis et sed. Erat accusam dolore consetetur tincidunt magna et sit. Magna justo augue takimata nibh takimata magna. Erat stet amet in augue. Odio gubergren stet vulputate elitr rebum lorem dolor diam feugiat lobortis dolor ut at diam sit. Sit duis tempor takimata clita nonumy nonumy dolor sanctus et lorem assum et eirmod nonummy eos lorem mazim. Voluptua dolor nisl at consetetur sea stet amet. Et sit nam elit dolore eros tempor velit dolores hendrerit sed sit clita dolor nisl. Et sanctus nonumy sea nobis dolores et diam odio kasd ut. Erat dolore et nostrud sed tempor kasd diam nulla labore erat esse labore volutpat amet diam sea. Eirmod no nonumy autem nisl lorem aliquam option. Feugiat autem ipsum nulla nonummy clita justo sea erat possim feugiat nonumy at. Autem voluptua consequat sit aliquam labore amet accusam aliquyam nobis takimata. Dolor tempor sed ipsum velit. Invidunt ut eos odio nam minim sed lorem volutpat quod at ipsum hendrerit lorem blandit kasd. Suscipit ut takimata volutpat aliquyam voluptua dolor diam dolor vero.\n","publishDate":"2022-09-29T18:05:34.0872317+00:00"},{"id":2,"title":"Book 2","description":"Sadipscing est diam sit est sed sadipscing gubergren vulputate aliquyam et elitr sed diam nonumy amet. Erat dolores consectetuer duis dolor sed consequat dolores gubergren aliquam magna voluptua nulla ut delenit. Justo consetetur ad erat dolores erat diam eleifend volutpat sit. Dolores sed dolores ipsum nonummy diam dolore ut dolor exerci dolores ea illum invidunt ea. Praesent diam consetetur takimata sadipscing lorem duis sea. Iriure sadipscing vero et dolore sea elit dolores eu vel ipsum aliquyam elitr diam te dolor eos ea option. Ipsum takimata magna consetetur stet esse. Quis nonumy dolore placerat rebum facilisis. Rebum amet erat minim dolore et no sit labore. Sed sed wisi duo consetetur et ut takimata sanctus velit sit ipsum et eirmod amet aliquyam laoreet. Autem et nostrud lorem sit qui accusam diam consectetuer. Clita congue sed aliquip no nibh imperdiet dolores. Delenit clita quod tempor amet vel est sadipscing amet sanctus eros ut illum iriure lorem eirmod. Option hendrerit id vero sit consetetur eu est commodo clita zzril voluptua in sed. Sed duo et sit elitr aliquyam sea. Dolore dolor voluptua volutpat magna nonumy. Feugiat consetetur voluptua at eirmod lobortis ipsum facilisis liber et ea eirmod takimata labore erat takimata dolore sed dolor. Justo ad sed amet accusam kasd vel voluptua voluptua kasd ad sea quod justo odio sea delenit. Et sea gubergren zzril consequat ad stet est vel et invidunt consequat feugiat lobortis diam justo est.\n","pageCount":200,"excerpt":"Ipsum accusam vero duo elitr clita voluptua et. Consequat eirmod sed. Dolore gubergren sit eirmod et diam duis dolore diam tincidunt eos sea dolore vero amet eos ut vel elitr. Feugiat ipsum takimata ex sanctus dolores sadipscing sit dolor sanctus est erat elit. Feugiat voluptua ea accusam gubergren nam suscipit ipsum et diam dolor takimata est at erat lorem laoreet congue delenit. Te commodo kasd. Tation iriure diam nonumy sed aliquyam et duo duo elitr aliquam laoreet eros labore et. Magna sea eros no kasd invidunt elitr clita elitr ut eros facilisi sadipscing lorem sit dolor dolores sed. Et ea nulla diam tincidunt sit in elitr possim. Et vel no gubergren accusam. Te magna dolor voluptua dolor dolor quod stet eu amet at invidunt.\nSadipscing diam magna voluptua amet dolor et illum. Et nonumy accusam aliquam quis. Sanctus kasd justo est accusam dolor amet veniam option stet clita euismod at magna. Dolor voluptua erat gubergren quod hendrerit illum dolores ut gubergren liber sit eros lorem diam stet elitr tempor sed. Hendrerit stet mazim nostrud dolore. Justo diam rebum diam dolore odio ut dolores consetetur et illum lorem sea vero diam duo voluptua. Ea sadipscing dignissim et illum ipsum dolor voluptua ipsum erat feugait labore tation diam. Id gubergren accusam et doming ex. Accumsan commodo dolore duis dolores tation ut.\nId dolore vulputate ipsum vel diam rebum augue clita ut labore amet vero lorem veniam. Aliquyam ipsum sed amet invidunt et magna stet labore iriure consequat. No est dolore voluptua et in vero voluptua dolor ipsum no eos esse. Laoreet sadipscing eum at dolor et erat et. Rebum tation et nonumy diam wisi et ut tempor sea. Lorem kasd ut eirmod ut illum sanctus. Et clita et no labore takimata amet lorem sit aliquyam tempor dolore at diam takimata esse nonummy. Et delenit euismod sit et sit et stet justo dolor magna adipiscing sit aliquyam tempor lorem eos. Aliquip sanctus vero invidunt iriure facilisi ullamcorper ipsum.\nExerci sed nulla imperdiet aliquyam voluptua amet lorem ut suscipit. Diam et amet ipsum voluptua nostrud diam diam lorem. Et liber wisi et lorem dolor vel eirmod eos aliquyam quis velit at. Aliquyam vero sit duo kasd est consetetur ea lorem.\nNonumy vulputate no gubergren sea sed dignissim odio ipsum. Option et wisi amet est ipsum invidunt aliquip takimata ea erat. Ipsum augue in commodo et kasd voluptua diam diam et rebum lorem facilisis et elit. Sea et zzril kasd ipsum lorem justo dolores labore stet sit dolor sit sit dolore vel sit diam. Stet gubergren eros ipsum sadipscing sadipscing rebum consequat in diam lorem dolor duis eirmod erat rebum duo adipiscing sed. No diam tempor lorem erat labore amet magna amet eos. Amet doming kasd ea amet ut sit et consequat sadipscing praesent sea ad dolore duo dolore sed imperdiet eum. Sanctus erat elitr sea dolores vel kasd sed ea sit nonumy dolores lorem. Vero aliquam gubergren illum et consetetur est.\n","publishDate":"2022-09-28T18:05:34.0873297+00:00"},{"id":3,"title":"Book 3","description":"Ipsum sea laoreet et dolor clita euismod velit vulputate gubergren nonumy est duo. Sanctus sea sit erat minim. Zzril tempor et facilisi labore. Magna dignissim justo invidunt sit clita eros dolor suscipit lobortis. Amet amet lorem dolores rebum vel invidunt est illum feugai... (set the log level to DEBUG or TRACE to see the full content) 
 </msg>
<msg timestamp="20220930 15:05:37.304" level="INFO">/home/jhonatanfrade/developer/python/robotframework/books_api/.venv/lib/python3.10/site-packages/urllib3/connectionpool.py:1045: InsecureRequestWarning: Unverified HTTPS request is being made to host 'fakerestapi.azurewebsites.net'. Adding certificate verification is strongly advised. See: https://urllib3.readthedocs.io/en/1.26.x/advanced-usage.html#ssl-warnings
  warnings.warn(</msg>
<msg timestamp="20220930 15:05:37.304" level="INFO">${RESPOSTA} = &lt;Response [200]&gt;</msg>
<status status="PASS" starttime="20220930 15:05:33.511" endtime="20220930 15:05:37.304"/>
</kw>
<kw name="Log" library="BuiltIn">
<arg>${RESPOSTA.text}</arg>
<doc>Logs the given message with the given level.</doc>
<msg timestamp="20220930 15:05:37.307" level="INFO">[{"id":1,"title":"Book 1","description":"Sadipscing consectetuer consequat zzril minim wisi dolore stet nonumy sed. Dolor eum cum magna duo lobortis et dolore duo invidunt sea ea molestie laoreet sit iriure dolore est. Esse clita kasd in hendrerit. Aliquip ipsum tempor et et eos et placerat aliquyam facilisis et dolor at voluptua aliquyam clita aliquyam. Erat dolores ut lorem nisl justo erat molestie amet nobis at consequat nihil duo. Clita et erat vel velit justo. Eirmod dolore est dolor elitr diam enim labore vero sit gubergren dolor no dolor consetetur.\n","pageCount":100,"excerpt":"Gubergren rebum takimata gubergren hendrerit kasd dolor. Dolor clita et est justo velit eirmod ut labore dolor labore ut duo dolore consetetur dolor sadipscing. Diam qui et invidunt sed facilisis consequat nisl sit nulla sit diam nibh lorem. Consequat enim magna tempor laoreet euismod. Sed justo et no diam magna justo at amet takimata. Amet aliquam at et. Eirmod ea sanctus ea kasd ipsum gubergren erat invidunt sed dolor takimata at et vero takimata. Consectetuer augue liber takimata tempor aliquam gubergren et liber lorem nonumy eos. Nonumy sed dolore veniam sed enim clita vel esse gubergren eos at rebum erat nonumy rebum amet. Vel liber et illum clita illum soluta molestie at. Nulla lorem justo et diam et duis eos sea te sed sed duis kasd. Nam consetetur et assum et lorem sadipscing. No vero ipsum. In qui dolore nisl dolores kasd eirmod no ipsum nonumy dolores ut justo sed erat. Eirmod eirmod clita invidunt magna est illum wisi facilisis euismod elitr lorem sadipscing lorem laoreet. Ut sit elitr duis hendrerit nonumy stet stet option assum.\nSanctus dignissim nibh aliquyam facilisis aliquyam. Dolor laoreet diam ut sit in kasd tempor no duo dolor augue diam duo magna sadipscing. Nonumy ea augue justo eros. Nobis sed sanctus est dolore. Aliquam ullamcorper aliquyam tempor gubergren voluptua no dolor no erat sit ad sit est et diam gubergren. Ipsum nibh luptatum quis ea. Rebum eos sed sanctus dolore et voluptua diam eirmod rebum sea dolore kasd tempor suscipit. Labore ut ipsum hendrerit exerci no vero quod dolores. Volutpat rebum dolor dolore augue dignissim. Nulla vero rebum justo sit. Nihil luptatum nonumy ex et sea esse dolore in duis ad iusto sea molestie iusto. Nobis nonummy ut ut congue dolore ut in nonumy minim sed. Amet accusam kasd duo possim consetetur clita quod sed magna eos. Vero veniam vero nonumy amet vel feugait sit justo nisl invidunt stet ullamcorper voluptua ea sed no lorem in. Invidunt elitr et labore in eos no dolore stet nonumy ut takimata suscipit amet. Ut sadipscing nulla. Vero dolor dolor et sanctus at gubergren quis. Magna lorem vulputate consequat tempor dolore praesent nostrud facilisi suscipit te rebum amet takimata justo.\nVel et consetetur ipsum dolor amet sea vero sea tempor tation sit et diam et ea dolore. Duo nonumy consequat elitr possim et aliquyam sit esse sadipscing no lorem diam et zzril dolor volutpat labore sed. Rebum takimata invidunt diam volutpat elitr vero. Labore et autem sed vero et et imperdiet ea dolore est stet enim diam. Elitr dolore tempor vel elitr. Magna labore et erat ut et minim at.\nKasd tempor sea et vel autem. Elitr lorem sea autem dolor at labore ipsum tempor sanctus kasd ea consequat clita vero eirmod voluptua eos lorem. Sed aliquyam amet sadipscing eos kasd congue stet diam aliquam et veniam dolore ipsum elitr dolore iriure. Molestie dolor rebum dignissim at nihil clita suscipit veniam consetetur lorem vel erat hendrerit. Aliquyam sanctus invidunt. Nihil qui zzril erat erat rebum elitr sea sadipscing zzril sed sed consequat amet duo magna nonumy nonumy. Dolor sit at voluptua. Suscipit ad elitr duo takimata dolor vel euismod. Blandit vero magna eum. Et elitr dolor tincidunt dolore sed eirmod at rebum takimata est et.\nAliquyam voluptua tempor facilisi takimata velit sit lorem sea. Dolor qui kasd in exerci at nonumy et veniam erat duo vero in amet gubergren consequat nonummy diam. Dolore vero ipsum nonumy et hendrerit ut dolore amet nobis nibh quis duis et sed. Erat accusam dolore consetetur tincidunt magna et sit. Magna justo augue takimata nibh takimata magna. Erat stet amet in augue. Odio gubergren stet vulputate elitr rebum lorem dolor diam feugiat lobortis dolor ut at diam sit. Sit duis tempor takimata clita nonumy nonumy dolor sanctus et lorem assum et eirmod nonummy eos lorem mazim. Voluptua dolor nisl at consetetur sea stet amet. Et sit nam elit dolore eros tempor velit dolores hendrerit sed sit clita dolor nisl. Et sanctus nonumy sea nobis dolores et diam odio kasd ut. Erat dolore et nostrud sed tempor kasd diam nulla labore erat esse labore volutpat amet diam sea. Eirmod no nonumy autem nisl lorem aliquam option. Feugiat autem ipsum nulla nonummy clita justo sea erat possim feugiat nonumy at. Autem voluptua consequat sit aliquam labore amet accusam aliquyam nobis takimata. Dolor tempor sed ipsum velit. Invidunt ut eos odio nam minim sed lorem volutpat quod at ipsum hendrerit lorem blandit kasd. Suscipit ut takimata volutpat aliquyam voluptua dolor diam dolor vero.\n","publishDate":"2022-09-29T18:05:34.0872317+00:00"},{"id":2,"title":"Book 2","description":"Sadipscing est diam sit est sed sadipscing gubergren vulputate aliquyam et elitr sed diam nonumy amet. Erat dolores consectetuer duis dolor sed consequat dolores gubergren aliquam magna voluptua nulla ut delenit. Justo consetetur ad erat dolores erat diam eleifend volutpat sit. Dolores sed dolores ipsum nonummy diam dolore ut dolor exerci dolores ea illum invidunt ea. Praesent diam consetetur takimata sadipscing lorem duis sea. Iriure sadipscing vero et dolore sea elit dolores eu vel ipsum aliquyam elitr diam te dolor eos ea option. Ipsum takimata magna consetetur stet esse. Quis nonumy dolore placerat rebum facilisis. Rebum amet erat minim dolore et no sit labore. Sed sed wisi duo consetetur et ut takimata sanctus velit sit ipsum et eirmod amet aliquyam laoreet. Autem et nostrud lorem sit qui accusam diam consectetuer. Clita congue sed aliquip no nibh imperdiet dolores. Delenit clita quod tempor amet vel est sadipscing amet sanctus eros ut illum iriure lorem eirmod. Option hendrerit id vero sit consetetur eu est commodo clita zzril voluptua in sed. Sed duo et sit elitr aliquyam sea. Dolore dolor voluptua volutpat magna nonumy. Feugiat consetetur voluptua at eirmod lobortis ipsum facilisis liber et ea eirmod takimata labore erat takimata dolore sed dolor. Justo ad sed amet accusam kasd vel voluptua voluptua kasd ad sea quod justo odio sea delenit. Et sea gubergren zzril consequat ad stet est vel et invidunt consequat feugiat lobortis diam justo est.\n","pageCount":200,"excerpt":"Ipsum accusam vero duo elitr clita voluptua et. Consequat eirmod sed. Dolore gubergren sit eirmod et diam duis dolore diam tincidunt eos sea dolore vero amet eos ut vel elitr. Feugiat ipsum takimata ex sanctus dolores sadipscing sit dolor sanctus est erat elit. Feugiat voluptua ea accusam gubergren nam suscipit ipsum et diam dolor takimata est at erat lorem laoreet congue delenit. Te commodo kasd. Tation iriure diam nonumy sed aliquyam et duo duo elitr aliquam laoreet eros labore et. Magna sea eros no kasd invidunt elitr clita elitr ut eros facilisi sadipscing lorem sit dolor dolores sed. Et ea nulla diam tincidunt sit in elitr possim. Et vel no gubergren accusam. Te magna dolor voluptua dolor dolor quod stet eu amet at invidunt.\nSadipscing diam magna voluptua amet dolor et illum. Et nonumy accusam aliquam quis. Sanctus kasd justo est accusam dolor amet veniam option stet clita euismod at magna. Dolor voluptua erat gubergren quod hendrerit illum dolores ut gubergren liber sit eros lorem diam stet elitr tempor sed. Hendrerit stet mazim nostrud dolore. Justo diam rebum diam dolore odio ut dolores consetetur et illum lorem sea vero diam duo voluptua. Ea sadipscing dignissim et illum ipsum dolor voluptua ipsum erat feugait labore tation diam. Id gubergren accusam et doming ex. Accumsan commodo dolore duis dolores tation ut.\nId dolore vulputate ipsum vel diam rebum augue clita ut labore amet vero lorem veniam. Aliquyam ipsum sed amet invidunt et magna stet labore iriure consequat. No est dolore voluptua et in vero voluptua dolor ipsum no eos esse. Laoreet sadipscing eum at dolor et erat et. Rebum tation et nonumy diam wisi et ut tempor sea. Lorem kasd ut eirmod ut illum sanctus. Et clita et no labore takimata amet lorem sit aliquyam tempor dolore at diam takimata esse nonummy. Et delenit euismod sit et sit et stet justo dolor magna adipiscing sit aliquyam tempor lorem eos. Aliquip sanctus vero invidunt iriure facilisi ullamcorper ipsum.\nExerci sed nulla imperdiet aliquyam voluptua amet lorem ut suscipit. Diam et amet ipsum voluptua nostrud diam diam lorem. Et liber wisi et lorem dolor vel eirmod eos aliquyam quis velit at. Aliquyam vero sit duo kasd est consetetur ea lorem.\nNonumy vulputate no gubergren sea sed dignissim odio ipsum. Option et wisi amet est ipsum invidunt aliquip takimata ea erat. Ipsum augue in commodo et kasd voluptua diam diam et rebum lorem facilisis et elit. Sea et zzril kasd ipsum lorem justo dolores labore stet sit dolor sit sit dolore vel sit diam. Stet gubergren eros ipsum sadipscing sadipscing rebum consequat in diam lorem dolor duis eirmod erat rebum duo adipiscing sed. No diam tempor lorem erat labore amet magna amet eos. Amet doming kasd ea amet ut sit et consequat sadipscing praesent sea ad dolore duo dolore sed imperdiet eum. Sanctus erat elitr sea dolores vel kasd sed ea sit nonumy dolores lorem. Vero aliquam gubergren illum et consetetur est.\n","publishDate":"2022-09-28T18:05:34.0873297+00:00"},{"id":3,"title":"Book 3","description":"Ipsum sea laoreet et dolor clita euismod velit vulputate gubergren nonumy est duo. Sanctus sea sit erat minim. Zzril tempor et facilisi labore. Magna dignissim justo invidunt sit clita eros dolor suscipit lobortis. Amet amet lorem dolores rebum vel invidunt est illum feugait suscipit. Lorem amet aliquyam hendrerit et duo vero no elitr nostrud tempor. At et dolore justo clita ut sanctus elitr et exerci et et adipiscing ea tincidunt ipsum. Ullamcorper est est et magna voluptua velit voluptua takimata iusto option et feugiat et accumsan sadipscing ut consequat. Et kasd magna eirmod duo justo at nulla et at lorem lorem lorem dolore luptatum sit esse luptatum. At sed ea lorem placerat dolor te amet voluptua stet praesent tation aliquyam.\n","pageCount":300,"excerpt":"Nonumy ut takimata stet at kasd takimata tempor ipsum justo duis dolor eirmod dolores in. Possim minim amet ipsum facilisi. Nonumy et placerat eos hendrerit illum at labore. Stet exerci diam ipsum ut in aliquyam ipsum praesent kasd adipiscing et gubergren invidunt. Elitr labore no vero sanctus sea option clita justo stet. Dolor sanctus consetetur amet ea vero elitr duo nam dolore. Delenit ad option. No elitr at elitr dolor suscipit stet vel rebum ea hendrerit vero. Stet amet clita enim sed ex erat tempor et est. Nulla lorem magna no diam eirmod. Dolore invidunt vero ea et at sanctus aliquyam consetetur diam euismod et sed nihil sadipscing dolor. Dolore duis feugiat dolor. Nobis adipiscing sed tincidunt feugait diam dolor sea. Est et aliquyam sit te ut vero. Et at accusam. Sit accusam facilisis ipsum. Tempor aliquyam tempor eirmod wisi et vulputate iriure nonumy aliquyam. Lorem dolores molestie ut lorem accusam ea justo diam stet.\nEt dolores adipiscing sed nonumy erat nonumy minim. Sit duo sit dolores. Sit vel voluptua accusam amet sanctus duo clita aliquam option esse takimata veniam stet no takimata. Nonumy aliquyam option iriure erat vero. Dolores ea no. Nonummy diam gubergren enim lorem.\nIpsum elitr congue rebum eos eu amet dolor hendrerit sanctus in tincidunt takimata ut stet laoreet et sadipscing elitr. Facilisis magna justo sit takimata justo justo kasd eirmod magna sed amet et vero vero justo cum dolor magna. Enim ipsum sea diam justo et sanctus rebum nonummy justo et stet et vulputate gubergren. Eos vero consequat ipsum elitr invidunt et.\nElitr odio ea aliquyam sed no sanctus sit. Sit dolores diam voluptua nonumy sanctus aliquyam facilisis ipsum eu est ipsum sed sit. Sed tempor congue amet laoreet ipsum dolore sea accusam sed eos dolore ipsum. Justo magna aliquyam nonumy nonumy. Dolor placerat eros commodo voluptua stet nonumy nonumy option. Et et suscipit no elitr gubergren. Molestie labore ad tempor at aliquyam et ipsum accusam magna diam vero dolor. Lorem sanctus justo at est ea et sit et et gubergren lorem dignissim vel diam ea. Magna lorem iriure ex kasd in eleifend autem nulla et amet ea aliquyam eirmod exerci takimata magna no dolores. Accusam zzril cum delenit dolor wisi dolor et diam amet sea velit tempor ut. No at voluptua kasd ut ut ut accumsan consetetur diam ut aliquyam erat laoreet nulla.\nElitr molestie et amet eirmod duo amet et no sadipscing duis hendrerit dolor stet amet. Amet clita invidunt nibh amet in vero at tempor dolores et aliquip erat diam sed eos erat. Vero no consetetur sit. Dolor sed tempor diam diam aliquam dolor vel et ipsum dolor sed takimata sed. Eirmod dolor iriure sit. Voluptua at sed sed ipsum quis voluptua rebum. Invidunt cum eu lobortis ut et lorem euismod invidunt facilisis hendrerit aliquam consetetur dolor eos tempor sed ut. Sit et consequat zzril magna ex dolores sit sea eos autem tincidunt.\n","publishDate":"2022-09-27T18:05:34.0873955+00:00"},{"id":4,"title":"Book 4","description":"Vel sea no consetetur augue eirmod nostrud tempor rebum labore. Esse ipsum magna eu ipsum et kasd accusam sea et. Diam sanctus et eu iriure diam aliquyam at hendrerit liber takimata vero diam. Et ut diam diam congue diam amet. Magna accusam aliquam diam consequat nonummy sanctus rebum facilisi ea magna ipsum dolor et stet diam sanctus et diam. Adipiscing esse commodo eum ea eros magna dolor vero elitr nostrud duo autem est erat vel sed dolore eos. Justo at vero commodo elitr enim at consequat doming dolore kasd nisl dolores et assum. Duo veniam minim kasd eros dolores no lorem lorem eleifend et. Aliquip ipsum et sit ea lorem wisi voluptua labore erat consetetur. Sanctus ut duo nonumy rebum labore duo gubergren et duis mazim kasd ipsum est est lorem eum sit. Dolor accumsan dignissim nihil dolor invidunt hendrerit sed. Duo sed dolor dolore et dolor diam voluptua voluptua euismod et dolore. Magna consetetur consetetur sit ipsum et. Diam accusam et facilisi rebum accumsan dolor et ea ut consequat ea gubergren et sed sanctus aliquyam elitr. Nonumy consequat doming consetetur quis sea consetetur lorem eirmod at ea takimata. Aliquyam eos in consetetur takimata amet et. Delenit et et vulputate elit lorem. Labore euismod clita at ea lorem rebum duo sed takimata laoreet takimata molestie iriure aliquyam odio vulputate amet no. Vel diam lorem amet volutpat labore ea accumsan amet lorem quis elitr et erat et consetetur et nonumy rebum.\n","pageCount":400,"excerpt":"Takimata amet diam duo option vel consetetur tation voluptua elitr justo magna et. Te ex et vero labore ea aliquip sea voluptua. Ipsum et aliquam amet accusam te ut et invidunt wisi diam duo amet zzril gubergren dolor amet clita. Sea ipsum et amet. Aliquyam sit amet sed. Sea dolore sed consetetur erat nulla dolores no et magna magna rebum tation. At et consequat erat takimata nulla. Diam dolor nibh diam lorem et ipsum at labore sea suscipit volutpat ipsum dolore invidunt ipsum ut nostrud amet. Rebum rebum et ut duo ipsum at aliquyam ea vel dolore voluptua esse takimata et nisl sed stet dolor. Sadipscing erat ut ipsum justo sit accusam accusam. Tation consetetur praesent. Ullamcorper ipsum consetetur voluptua vel.\nIpsum sanctus adipiscing erat tation lorem wisi est diam tempor at et quis ipsum invidunt eirmod diam. Justo sea velit et elitr nonumy sed clita justo lorem. Eirmod blandit tempor amet dolore ipsum tempor suscipit consequat ut. Minim sit nostrud sanctus sanctus imperdiet. Sit elitr ipsum nam. Nonumy feugait tempor velit accusam sed delenit odio sea tincidunt dolores magna gubergren. Clita dolor dignissim invidunt dolore blandit dolore in takimata justo odio diam est eu et amet aliquyam stet. Ipsum facilisis sed sanctus accumsan. Ea tempor sed in sanctus nibh eirmod placerat in ullamcorper est amet ea. Et kasd nobis lorem te eos sit stet ipsum accusam est dolores sadipscing takimata sit sadipscing elitr ipsum. Consetetur voluptua odio eirmod dolores te amet diam ut.\nVelit vel option lorem voluptua autem labore labore accusam no no takimata esse sanctus. Et duo eos labore zzril option elit voluptua ut feugiat magna aliquyam. Odio illum voluptua dignissim magna placerat duo gubergren aliquip sit consequat et sit vero rebum invidunt et invidunt est. Sadipscing sit no invidunt erat euismod accusam eum ipsum clita justo stet et. Nibh dolores eos in amet duo iriure clita duo vel eu eos dolor et molestie no eos. No eos et et diam ipsum vulputate eos consetetur ut eirmod exerci et et vero nibh assum. Eum gubergren sanctus sit consetetur eos et accusam voluptua eos et. Elitr ut commodo voluptua nonumy iusto ut ut sadipscing sadipscing rebum est aliquyam te at no sit. Consequat blandit gubergren no justo accusam molestie diam.\nAt diam dolore lorem et quis duis sea voluptua labore magna diam stet sed sed tempor voluptua et. Magna feugiat et blandit option vel dolor dolor te dolore aliquyam. Nibh vulputate eirmod exerci gubergren ad sit facilisis eos et eirmod commodo nam aliquyam eos. Stet lorem accusam et lobortis volutpat dolore invidunt accusam duo ipsum erat et kasd voluptua. Tempor invidunt eum nonummy magna ea tempor labore in sed sed dolore minim diam ut vero nisl. Adipiscing aliquyam quis nonummy accusam. Ut eirmod eu dolore et amet lorem assum qui no kasd velit delenit duo accumsan amet amet dolore dolor. Lorem duis labore voluptua dolor eos. Duo duis hendrerit sed consetetur diam justo. Consequat eos gubergren accusam amet gubergren dolor feugait eum nonumy.\nQuod et sed tempor duo dolores facilisi. Illum magna vero ipsum et quod elitr sea et labore duo. Est at consequat ipsum kasd sed invidunt. Vero kasd et ea laoreet velit sed augue eirmod.\n","publishDate":"2022-09-26T18:05:34.0874766+00:00"},{"id":5,"title":"Book 5","description":"Possim erat diam amet ipsum. Sit sit lorem et sanctus kasd sadipscing lorem sed aliquyam ut dolores aliquyam sit invidunt dolore. Vero ea dolores nihil eum no.\n","pageCount":500,"excerpt":"Exerci sanctus sanctus accusam et sanctus nulla nonumy elitr velit justo laoreet erat minim accusam. Gubergren lorem rebum lorem dolor et. Dolore velit magna sed lorem dolore sanctus in eirmod cum erat takimata facilisis lorem ut sed amet. Tincidunt esse no nonummy clita ea commodo molestie eleifend nonumy ea. Dolor ipsum nonumy sanctus dolores sanctus invidunt est est sit invidunt. Augue vel vero eros accusam eros. Nostrud dolor voluptua accusam consetetur lorem dolore diam dolores et.\nLorem tation sanctus consequat stet dolore ut illum clita dolor feugait adipiscing dolore sea mazim et nonumy est et. Sea sit dolore sea duis invidunt et ipsum accusam accumsan erat. Justo consectetuer eirmod consectetuer lorem et ea in. Eirmod lorem aliquip tincidunt sed nihil vero lorem erat at kasd tempor ipsum dolor eirmod consectetuer.\nDiam dolore rebum aliquyam lorem nulla aliquam lorem et clita sit nisl clita est clita sea. Erat vel amet sed vero at soluta dignissim clita wisi velit amet. Ex ea hendrerit nonumy erat nihil eu. Velit sed invidunt consequat sit rebum ipsum. Stet at lorem ipsum et diam no qui amet eos duo adipiscing diam. Takimata justo zzril eos magna sanctus dolor sanctus invidunt ipsum diam eu stet dolores nonumy aliquyam voluptua. Et sea kasd facilisis dolor. Diam elit sanctus magna nonummy eu eu soluta ut dolore sit no et facer kasd stet placerat volutpat. Et takimata et iriure consequat ipsum labore dolor kasd no facilisis assum est ut eos labore. Autem sea dolores aliquam duis eirmod sadipscing duo nibh esse justo sed kasd. Diam ipsum takimata kasd diam et accusam. Augue volutpat nonumy assum consectetuer rebum et. Vero minim ipsum kasd amet at eirmod elitr nonummy est clita erat kasd ipsum sed vero. Ipsum ut diam dolor sadipscing takimata labore sed amet lorem eirmod voluptua gubergren est ut. Sed eos tincidunt sit diam veniam ut sed. Wisi diam iriure feugiat ut nam dolor odio commodo diam ex aliquyam. Est sanctus laoreet accusam feugiat doming aliquam tempor consequat. Diam autem illum et est eirmod invidunt takimata velit in ut in clita dolor soluta. Nisl ipsum nisl sed nulla ad.\nVoluptua et gubergren adipiscing amet luptatum ut voluptua eum rebum rebum dolore. Tempor voluptua gubergren invidunt at accusam sanctus accumsan aliquyam. Diam amet te gubergren stet sea nonumy ea. Et dolor ipsum dolor.\nVeniam no no dolore facer tempor voluptua elitr minim magna veniam et ipsum ad accumsan est sadipscing aliquyam sanctus. Ea nonumy kasd gubergren. Lorem sanctus et. Facilisis autem erat tempor stet vero exerci invidunt dolor amet nonumy eos dolor. Illum adipiscing takimata dolor. Augue vero et velit sed diam sed ipsum sea assum magna. Dolore wisi consetetur suscipit ut et dolore accusam sit illum amet. Sit at invidunt delenit sea amet no lorem et et. Qui magna vel erat lorem minim sadipscing elitr velit iriure est. Kasd at takimata sed nonumy odio in option in amet aliquyam ipsum vulputate amet erat. Eros nostrud dolores stet dolore ipsum elit erat duo wisi dignissim nonumy. Vel accusam et ea dignissim dolor et kasd diam. Erat quis justo ipsum feugait sed elitr erat no nonumy vero. Autem lobortis at et iusto dolores at sed soluta duis laoreet. Lorem at sit amet in. Tempor invidunt nobis suscipit eos voluptua blandit lorem sadipscing dolor diam iriure lorem accusam. Eos nulla est sea diam voluptua magna nisl wisi esse veniam vero dolor dolore ipsum vel. Duo ipsum at stet nihil est et takimata stet dolor ea.\n","publishDate":"2022-09-25T18:05:34.0875443+00:00"},{"id":6,"title":"Book 6","description":"Qui ipsum suscipit amet diam dolore sed consetetur tempor magna elitr sit lorem amet stet invidunt aliquyam vero sadipscing. Sed nibh erat. Kasd magna zzril sea dolor sea illum accusam nibh et illum ea amet nostrud consequat sit euismod. Sit takimata ipsum aliquip dolor vel elitr diam takimata duis erat ullamcorper nihil ut invidunt et sit iriure. Lorem nobis ut eos sit diam vel zzril magna dolor. Sed dolor aliquyam dolores vel duis ut et sanctus lobortis sed rebum sed lorem tempor.\n","pageCount":600,"excerpt":"Diam dolores eos sed quis lorem dolore wisi tempor no ipsum sed lorem stet. Amet ipsum ea tempor nisl esse justo esse dolores delenit voluptua amet rebum et labore. Ea ea dolor dolores. Sit dolores eum tempor dolore duo duo sit qui tempor at eos in enim et lorem sit et. Duis et kasd congue diam gubergren at et luptatum dolor lorem rebum nostrud tempor nonumy dolor. Tation diam sadipscing congue aliquyam et et nonumy dolor sanctus labore invidunt dolor nonumy tempor clita sed nobis. Lorem clita in vero in dolore takimata sit takimata enim ex consequat sea takimata eos sed. At placerat in illum sanctus et in justo commodo sit ut nostrud dolore possim in lorem. Et te facilisis wisi duo sed. Lorem sed nulla aliquip nam sanctus aliquip dolor ipsum lorem erat ipsum. Te rebum dolor esse augue eirmod eos dolore et. Erat invidunt ad labore voluptua facer minim diam lorem erat et tempor et elitr lobortis eu et. Option in nonumy invidunt kasd minim tempor ea. Velit dolore takimata. Gubergren magna takimata eirmod dolores et sed ut et.\nVeniam et amet quis sadipscing et vero dolor duo sanctus et dolore liber et labore autem sed sanctus ea. Sit dignissim soluta facilisis autem sit magna et stet accusam amet amet hendrerit sea ipsum ipsum dolor sadipscing. Elitr feugiat ea no ipsum diam nihil. Elitr dolore vero. Consetetur at nulla et diam aliquyam at wisi invidunt magna eos clita accusam eu. Lorem magna vel et magna aliquyam ut kasd est diam clita erat. Dolor diam doming vero sit elitr amet lorem blandit illum euismod dolor ut magna stet accumsan. Diam minim erat sadipscing illum gubergren sed nonummy magna sea dolor facilisi et facilisis nonumy lorem sit.\nSit consetetur et et ex sea feugait diam tempor sanctus praesent aliquyam quod aliquam magna lobortis. Stet ipsum odio nonumy. Elitr erat erat quis dolores ipsum et et molestie ut odio vel sed labore placerat. Amet vero dolor sit. Diam ullamcorper clita facilisis lorem kasd nisl est clita in sit sea ipsum sanctus eum facilisis clita sea. Et lorem nonumy et duo ut et consetetur sanctus iriure sed esse tempor accusam et ut. Nonumy voluptua aliquyam consetetur et dolore accusam dolore nibh. Et aliquam no lorem magna dolore. Duo ipsum magna ea amet dolor justo ipsum eirmod vero feugait nonumy dolore possim est duo eos ut eos. Diam ea aliquyam est tempor amet sadipscing odio sed at. Ipsum possim diam volutpat gubergren sed.\nSuscipit odio te et ipsum consetetur nihil vero aliquyam takimata praesent accusam dolor et eirmod sanctus euismod consectetuer ullamcorper. Praesent autem clita cum lorem consectetuer consectetuer hendrerit sit eros et duis sed labore ut lorem est rebum amet. Ipsum clita tempor. Ea voluptua sed sit diam diam dolor amet nisl ut labore. Et feugait te duo sadipscing stet erat dolor autem sea et invidunt in. No magna euismod sit vulputate erat vero lorem ut sea.\nKasd exerci aliquam dolor sanctus dolor nonumy elitr erat sit volutpat id duo stet stet no et luptatum. Eos eirmod nonumy ipsum ut quis lorem clita aliquyam possim labore. Magna rebum magna et takimata autem. Voluptua eros est est duo. Diam praesent clita velit sea vero id eirmod elitr dolore at soluta ipsum.\n","publishDate":"2022-09-24T18:05:34.0876113+00:00"},{"id":7,"title":"Book 7","description":"Autem ipsum sed facilisi sed justo labore amet assum. Delenit dolore voluptua diam tempor ipsum aliquip voluptua amet no dolore duo eros te. Duo delenit lorem sit velit placerat amet eum diam diam nonummy amet. In eu stet nonumy lorem dolor. Est kasd invidunt. Dolor laoreet nulla dolores dolores sit dolor amet ipsum lorem sadipscing et tation luptatum. Ea delenit nonumy ipsum at eirmod gubergren est sit kasd. Sea eu feugiat est duo facilisis amet et esse eos invidunt sed diam. Odio aliquyam tation nostrud tation sed. Tempor et sed amet dolor commodo nonumy lorem lorem lorem elitr iusto sit tation. Dolor et in accusam liber lorem dolor dolore diam et praesent labore at aliquip lorem. Eos sadipscing lorem praesent at luptatum tempor augue eu sed facilisi ullamcorper et elitr labore lorem et. Tempor justo ut kasd. Nam takimata illum sed enim dolor erat sit eros. Exerci at lorem ullamcorper sanctus laoreet eirmod rebum rebum invidunt. Sadipscing aliquyam dolor clita sea consectetuer ut et nonumy consequat dolores enim et ut invidunt ut sit sed. Diam sanctus in dolore eu nobis sit tempor justo sea aliquyam nonumy ipsum sed invidunt amet lorem dignissim.\n","pageCount":700,"excerpt":"Sadipscing sadipscing autem voluptua sed suscipit aliquip sed quis euismod dolore suscipit nulla adipiscing sea. Dolore justo sed ea sit magna autem aliquyam odio consetetur dolore justo. Liber et lorem dolor diam erat nonummy ea et. Feugiat magna et lorem blandit diam hendrerit eu delenit est ad justo. Lorem placerat minim tempor ipsum elit. Nihil stet ut diam lorem amet nibh takimata enim dolore ea sanctus at sea labore nonumy adipiscing et mazim. Erat gubergren consetetur dolor qui stet consequat. Sed ea doming. Voluptua ut dolor diam et dolor at dolor diam dolor elitr mazim eu labore est in dolor amet. Nonummy rebum vulputate doming et consectetuer augue diam ut nonumy labore eum magna ipsum et accusam ipsum invidunt. Takimata amet sit et ut takimata laoreet ipsum luptatum erat ullamcorper sed kasd molestie. Amet duis feugiat sea elit adipiscing in rebum dolores luptatum. Velit at ipsum veniam duo diam no et vero accusam clita doming adipiscing invidunt. Facilisi tincidunt labore sea assum eu et sadipscing aliquyam invidunt sit. Mazim diam autem magna ea euismod eos consequat eos aliquyam. Cum ut lorem consequat aliquyam amet quis gubergren duis dolore labore aliquyam aliquyam labore. Eirmod amet ipsum sit takimata voluptua kasd invidunt rebum magna erat stet lobortis adipiscing rebum eirmod et euismod enim. Lobortis magna diam lorem delenit at accusam vero sea rebum sed ut nam consetetur. Ipsum justo sea lorem vel no dolores nulla sed dolore diam facilisis blandit nibh.\nLorem nonumy quod takimata mazim tempor ipsum dolor molestie et et sanctus sed et dolore id volutpat dolor dignissim. Lorem duis justo nostrud amet lorem duo amet ipsum est consetetur clita est veniam vero et luptatum. Possim iriure est. Eirmod magna gubergren sit labore vero enim. Elit no dolores vero eu ex.\nLorem voluptua dolor minim sanctus. Eos vero ipsum ea diam dolor sadipscing augue nonumy dolores aliquyam sit no id rebum sanctus aliquip. Est consetetur nonumy. Vero invidunt ut justo eirmod sanctus accusam ea takimata stet dolores amet in esse dolor eum. Ipsum molestie diam assum clita dolor facilisi ullamcorper ipsum et te nonumy lorem sea sanctus dolore lorem. Ipsum ea aliquyam dolor takimata quod te et zzril illum kasd. Nonumy eum sit sed eirmod et sed eos tincidunt qui ea magna. Delenit dolor sanctus esse sed ut amet erat in et eos et eum in kasd dolor doming. Elitr et elitr no stet sanctus iriure ea magna kasd sed adipiscing invidunt. Rebum et sit et at labore kasd est consetetur dolor diam accusam ex erat et dolore duo. Et justo accusam ipsum commodo aliquyam ipsum dolore aliquip. Lorem wisi dolore sadipscing voluptua eirmod no consetetur voluptua sed ipsum.\nDolores ut et zzril no sadipscing quis volutpat amet consetetur clita eros sadipscing exerci sit dolor dolor. Et sed duis no at in invidunt odio ullamcorper aliquyam nulla ea sed. Invidunt nulla voluptua sed elit dolor. Ipsum diam magna dolor dolore ea te duis diam. Magna sed augue erat iusto no accusam consectetuer et duo erat. Dolor eum dolor eos consetetur eum eos consetetur labore suscipit sed eum ut qui tincidunt sed nonumy exerci. Et est dolore ut consetetur ut lorem lorem dolore et nisl justo dolores magna. Magna kasd vulputate nonummy dolore stet soluta accusam sit sed amet lorem amet est odio est dolor. Assum aliquyam et diam et eirmod sit at dolores sanctus nihil elitr et exerci justo eirmod nihil diam eos. Lorem sadipscing at diam duis et justo invidunt clita nibh amet et velit lorem ea ut molestie sed. Labore diam volutpat sed ea elitr dolor ipsum sed magna in diam sed sea takimata ea. Accumsan vero duo et rebum et ea.\nDolor hendrerit ipsum et molestie ad labore labore magna duo nulla sea. Sadipscing ad enim et diam eirmod tempor ut erat et sed sanctus minim consetetur in sadipscing. Duis clita vel velit et ipsum et et aliquip sadipscing blandit nibh magna lorem. Dolor aliquyam sadipscing vero facilisis gubergren stet eleifend sed stet ut rebum elitr aliquyam et adipiscing. Imperdiet tation at augue vero. Sit et lorem sit rebum enim dolor tation sanctus justo. Sed dolor eleifend.\n","publishDate":"2022-09-23T18:05:34.0877069+00:00"},{"id":8,"title":"Book 8","description":"Magna wisi lorem autem nonumy ipsum molestie. Takimata ea et sed eu tempor erat sit tempor amet feugiat nostrud quod feugiat sit rebum. Dolore sit hendrerit amet et assum est takimata sit et stet aliquyam est sed nonumy. Ad dolore cum gubergren consequat ipsum vero et ipsum eirmod. Lorem dolores eirmod. Ut et nisl nonumy aliquyam autem. Voluptua ipsum stet sed ipsum sanctus duis consetetur labore volutpat sed takimata. Dolore sit sadipscing vero consequat nonumy dolor rebum kasd autem diam nulla clita ipsum ut ea no. Adipiscing eos sed eos hendrerit duo sit odio possim in adipiscing dolores ut praesent. Duo lorem labore praesent voluptua facer et aliquyam sed stet amet tempor amet et elitr exerci facilisi. Dolore vero odio. Iriure consetetur accusam consetetur. Dolor takimata accusam eirmod at et eu gubergren rebum rebum diam nisl ex lorem stet dolore duo clita. Amet et voluptua consetetur sit lorem. Eu no sadipscing consetetur blandit. Ea eos nulla eirmod et soluta volutpat et. Exerci est sadipscing diam clita veniam dolor consetetur diam amet est labore aliquip eum ut praesent hendrerit et facer.\n","pageCount":800,"excerpt":"Vel dolor sadipscing consetetur clita. Dolor clita dolor voluptua justo justo adipiscing et rebum nulla elitr tempor elitr et dolore sed invidunt. No et in no gubergren sit elitr duis lorem clita cum. Sit ipsum nulla clita sed exerci iriure lorem takimata diam diam blandit duis eirmod invidunt voluptua stet diam. Ut no ut dolores volutpat eos stet facilisis nibh dolor dolor et vero clita tation et eos. Vulputate aliquyam tempor velit et eirmod takimata amet et est eirmod diam lorem et. Lorem eos laoreet et amet tempor. Erat diam est molestie clita diam at tincidunt facilisi illum. Rebum diam praesent vero dolor takimata odio lorem. Vero lorem aliquyam dolor ea ea sadipscing accusam nulla nulla ipsum takimata tempor congue. Erat stet et. Aliquip dolor ut voluptua elitr est. Sit magna et sanctus consequat ea ipsum molestie ea dolor est velit blandit no velit aliquyam. Duo erat dolor lorem esse in amet at.\nLorem possim invidunt lorem justo eos nostrud et dolore molestie vero. At feugiat et sed nisl est est et dolores amet accumsan lorem possim eirmod nulla at vel at et. Amet takimata erat invidunt no. Eirmod consetetur clita no amet et erat erat labore lobortis ullamcorper. Volutpat odio delenit amet clita exerci labore eirmod sed odio kasd ea. Tempor dolor no stet rebum magna augue suscipit sanctus sit dolores. Justo justo amet dolore quod et kasd magna ad sed est at sed. Diam in dolor feugait zzril lorem. Diam clita justo lobortis eirmod magna at aliquam id. Invidunt amet rebum eirmod eirmod nulla nonumy dolore aliquyam wisi diam. Erat takimata erat magna dolores ipsum diam amet amet dolores. Ipsum ut sadipscing nonumy. Nulla ea stet sea esse dolor feugiat rebum sanctus labore dolore luptatum amet lorem. Dolor et sea dolor justo nonumy zzril. Voluptua clita ipsum aliquyam dolor labore. Clita iriure gubergren diam consequat suscipit invidunt ea elitr ex. Ea autem illum tempor labore voluptua molestie volutpat no.\nGubergren aliquyam nulla sanctus no diam nihil sed et. Sea ipsum takimata ipsum molestie sed ad. Lorem at esse sadipscing diam et et ut sit. Est sed voluptua kasd feugait clita accusam sanctus labore. In sanctus lorem accusam commodo no nonumy dolor justo et sit duis sanctus ea facilisi gubergren. Consectetuer sit ea gubergren stet nibh dolor ea velit. Eu gubergren at aliquip at sea vero voluptua nonumy ipsum est dolor ea dolor. Feugiat ipsum lorem dolor at odio ea clita sea consectetuer tempor dolor in sadipscing et sit et sit. Duis no lorem tempor sadipscing molestie amet ad congue rebum nostrud. Dolores veniam tincidunt iusto amet kasd at esse ullamcorper diam eirmod sit. Ea dignissim amet invidunt sit vel magna odio aliquyam ipsum consetetur dolore duo nonumy dolore amet blandit facer. Diam nihil accusam dignissim molestie stet sit sanctus in.\nClita odio in aliquyam. Sadipscing sea aliquip elitr at nonumy accusam hendrerit et eos aliquyam et. Lorem aliquyam dolor duo sea odio takimata gubergren in diam justo elitr ea vero nonumy accumsan accusam. Vulputate lorem et tempor dolore dolor dolores stet consequat diam et amet. Accusam accusam et gubergren no elitr aliquam dolor dolores gubergren exerci sit et dolore. Nulla ea elit iriure takimata sed iusto dolore dolor sadipscing nisl sit voluptua cum. Kasd duo labore vel sadipscing. Voluptua stet sea nonumy dolor feugiat aliquyam sed sit iriure feugiat feugait. Et sea sadipscing ullamcorper velit autem consectetuer nonumy sit dolores odio. Vero lorem clita eu placerat nihil ullamcorper sea facilisis amet erat nonumy consetetur. Dolore dolor tempor gubergren lorem vero stet amet takimata dolor amet eu takimata aliquam dolor sit takimata. Nostrud et dolores dolore aliquyam possim facilisis dolore rebum tincidunt et lorem tempor dolor ut. Accusam magna sit gubergren amet lorem sit dolor. Duis eos sed ea et sanctus sea labore et ipsum rebum gubergren takimata et ipsum kasd liber erat lorem. Adipiscing lorem eirmod sed no et kasd dolores nulla ut. Vero et eos at aliquyam justo ea vulputate id.\nVoluptua dolores sea ipsum amet labore at tempor et diam lorem dolore ut invidunt. Sea nulla duo dolores ut magna diam vulputate sanctus elitr. Ut lorem lorem aliquyam at kasd duis ea sadipscing et magna dolor et rebum ut ea sit nonumy. Kasd elitr sadipscing amet ea voluptua ut sit. Et iusto delenit dolore stet kasd euismod diam ea dolor feugait sed. Sed diam accusam velit ea sea. Eos sit consetetur sit diam luptatum odio invidunt ipsum est aliquyam esse sit. Augue sed duo sit dolores diam vero.\n","publishDate":"2022-09-22T18:05:34.0878126+00:00"},{"id":9,"title":"Book 9","description":"Feugiat eirmod eirmod labore ut volutpat sadipscing tempor eirmod aliquyam option nonumy iriure commodo diam. Ea erat justo feugiat consectetuer euismod ex ut volutpat dolor sit volutpat et et lorem lorem. Takimata suscipit dolor et duis et nibh erat magna sed no dolores vero. Amet dolore eos no tincidunt eirmod et erat consetetur dolore aliquyam et consequat aliquip stet tincidunt eos amet ut. Rebum vel ut lorem invidunt eos ex ipsum sit. Iriure et vel gubergren duis dignissim elitr molestie magna erat stet aliquyam nonumy. Ipsum feugiat ullamcorper stet. Sadipscing justo sanctus consequat tempor hendrerit aliquyam nonumy lorem lorem sed amet imperdiet ea lorem rebum voluptua ut diam. Dolore dolor no et. Erat sea tempor at amet eum sit diam consetetur dolor et et consetetur eum nulla praesent esse diam accusam. Ut ex feugiat duo dolore dolore gubergren dignissim gubergren ipsum. Invidunt vero facilisis dolores. Duis invidunt gubergren aliquyam eu. Delenit lorem adipiscing dolor sit consequat dolore sed erat magna clita tincidunt lorem duo et takimata consetetur. Justo delenit iusto kasd.\n","pageCount":900,"excerpt":"Dolore at sed dignissim odio. Lorem diam magna takimata lorem at. Sed elitr erat augue gubergren nonummy at no magna ipsum.\nDuo clita exerci. Ut sed vero ut aliquam facilisi eos sit et. Amet duis eos erat ipsum eos ex adipiscing et sed nulla. No sadipscing nulla at et et dolores et ad accusam. Amet lorem lorem molestie magna aliquyam augue diam rebum eos elitr. Amet dolor sed dolore ipsum nulla eos dolores kasd iriure dignissim dolore dolor sit ea sit diam. Consetetur aliquip lorem consetetur sadipscing possim. Lorem ipsum vel et dolore et sed est sed consetetur lorem invidunt dolor consetetur vero eos. Amet consequat dolor kasd quis sea labore dolore exerci magna clita duis eirmod consetetur. Commodo tempor invidunt dolor qui in enim. Dolores no amet tation clita. Lorem consequat justo ut sanctus et nulla possim iusto ut wisi. Aliquyam nam commodo wisi tempor quod duo autem commodo dolores consetetur tempor erat sed vel ipsum ut ipsum sed. Euismod magna est sit id consequat no qui sanctus erat diam ut lorem gubergren tempor dolore diam facilisis ad. Labore vero ut in takimata tempor sed et no consetetur amet luptatum. Invidunt lorem aliquyam.\nDuo nonumy lorem ea tempor consequat justo et sed in no consetetur amet. Consetetur consetetur lorem sit stet lorem magna duo vero velit iriure tation voluptua euismod voluptua et erat rebum. Dolor autem et hendrerit. Tincidunt labore diam sadipscing amet praesent in sit gubergren eum. Ipsum facilisi erat erat dolores ea autem tempor nihil justo ut. Dolores magna eum dolor consetetur. Consectetuer rebum stet.\nSit nulla sed dolores et clita sit vulputate labore labore sit suscipit te est. Blandit dolores magna et ipsum tempor. Sit tempor iusto voluptua ut. Dolore vero in consequat voluptua eos sed feugiat takimata no accumsan kasd tincidunt diam. At tempor takimata dolor facer ipsum feugiat ipsum suscipit takimata aliquyam. Et ipsum vulputate kasd consectetuer dolore. Vero ut ut dolores eos duis aliquip illum volutpat. Invidunt sit lorem nisl dolor dolore esse magna. Lorem euismod aliquyam no no labore diam facilisi ut vel lorem lorem nostrud ipsum et. Sed aliquyam nulla zzril eirmod et. Lorem accumsan erat in elitr sadipscing justo dolore facilisis.\nJusto mazim eirmod esse dolor dolor. Invidunt stet aliquyam iriure et duo quis magna id et eirmod soluta praesent illum ea labore. Accusam et ut dolor sanctus sit diam nonummy sadipscing elitr sit amet lorem dolore volutpat ut et et. Sanctus sanctus nonumy sadipscing dolor et nulla clita et laoreet diam esse sit diam.\n","publishDate":"2022-09-21T18:05:34.0878831+00:00"},{"id":10,"title":"Book 10","description":"Clita stet congue eos ea dolor eos et vero et sea takimata. Laoreet eum sanctus aliquam sea sea vulputate magna amet nonumy doming sit elitr ipsum. Ipsum molestie sanctus amet commodo at takimata et dolor ea ipsum nulla doming zzril. Duo sea enim lorem nulla at dolores diam sadipscing amet et praesent invidunt dolor consetetur stet sed praesent delenit. Sed est erat ut illum kasd gubergren sit. Dolore accumsan takimata et vel lorem aliquyam rebum. Vel consetetur nostrud enim at dolor sit dolor aliquyam sadipscing justo. Amet dolore delenit dignissim aliquyam dolore justo esse vero et vero invidunt et vero sed ipsum amet. Diam eirmod takimata illum et sed sed. Dolores accusam labore eirmod. Duo ut stet amet sea facilisi invidunt nobis ipsum duo ipsum consetetur diam at kasd aliquyam.\n","pageCount":1000,"excerpt":"Ipsum takimata et dolore eos magna feugiat vero takimata stet lorem in et elitr. No dolore stet stet amet amet et at duo diam in lobortis nisl. Ea et gubergren no lorem magna quis ipsum eu. Dolor clita facilisis sed eirmod eos vel dolor in consectetuer stet dolor eirmod dolores sed placerat. Dolor hendrerit consetetur et vel diam facilisis stet elitr est liber ipsum dolor nonumy amet ipsum wisi.\nRebum voluptua sed lorem. Sit eros accusam in dignissim vero illum sed takimata te invidunt sit ut. Eos magna et elitr exerci velit eos et dolor. Et laoreet magna amet ad hendrerit. Vero rebum placerat sed diam blandit voluptua justo diam dolore diam eu ut rebum.\nEt ipsum eirmod nibh clita sed at. Et kasd dolor minim elit illum nostrud justo amet ea nonumy et et et clita euismod amet invidunt. Ea takimata aliquam elitr labore. Aliquyam sanctus tempor. Ipsum et diam labore velit. Lorem magna tincidunt dolore id. Dolor et dolore accusam consetetur ea laoreet. Et augue sed magna gubergren iusto diam amet dolor. Delenit accumsan tempor elitr wisi justo option ipsum.\nInvidunt kasd dolore sanctus sea lorem facilisis vulputate magna ipsum eum et takimata dolor eos adipiscing. Sanctus clita erat dolores diam ut lorem et feugiat ut est takimata. Sanctus diam nobis tempor justo no eleifend ut ut facilisis esse ut invidunt ea possim eos ipsum. Molestie kasd aliquam gubergren aliquyam gubergren in luptatum at erat sit at. Tempor et ex sea duo tempor vero. Ut dolore ut sed aliquip sanctus stet mazim lorem vero elitr. Erat iriure eu. Ipsum ipsum et in aliquyam sit vero accusam euismod sit feugait nulla diam. Wisi stet erat eros amet elitr wisi no consectetuer invidunt ea erat magna augue invidunt sed nulla. Et et amet. Amet dolor adipiscing ea lorem te duis nonumy aliquyam sit ut lorem dolores quis. Lorem elitr no laoreet magna ullamcorper justo hendrerit magna tempor.\nEt dolore dolores justo ipsum ullamcorper gubergren takimata. No voluptua diam no amet sed ullamcorper diam kasd magna ipsum. Ut elitr praesent sanctus vel vero ut dolore. Erat stet rebum tempor eos nisl sadipscing dolore consetetur laoreet erat lorem lorem. Velit rebum dolor sit duo et consequat ut eos eirmod elitr eirmod augue dolore labore aliquyam enim sit ipsum. Duis sed gubergren gubergren congue eros. Nostrud justo labore stet takimata diam dolore. Ipsum vel kasd qui sadipscing ea vulputate amet zzril diam et erat sed eum amet at molestie et.\n","publishDate":"2022-09-20T18:05:34.0879453+00:00"},{"id":11,"title":"Book 11","description":"Sea ea accusam stet. Ipsum sea diam sea dolores eu. Zzril sea sea et luptatum at vulputate tempor nonumy labore eirmod dolor. Nonumy ut takimata consequat sit qui lorem sit sit consequat et dolore et consequat elitr. At sed dolor ut consequat molestie rebum nisl assum hendrerit blandit nihil duo rebum invidunt amet dolor sit sed. Amet diam dolor dolor labore consetetur sit rebum dolores. Clita takimata sadipscing invidunt at amet stet eu duo amet elit vel lorem tempor accusam amet est ipsum duo. Autem accusam tempor invidunt kasd sanctus lorem takimata zzril lorem dolor tempor zzril. Sit lorem ipsum dolore imperdiet lobortis lorem autem sadipscing sadipscing dolore ut lobortis. Sadipscing at duo dolor. Eos et duo illum voluptua blandit erat. Magna aliquyam adipiscing et aliquyam lorem invidunt sanctus invidunt ipsum ut et ipsum consetetur esse aliquyam et ut dolore. Lorem eirmod ut diam dolores imperdiet facilisi invidunt consectetuer duo accusam wisi lorem stet sit stet vero accusam dolore. Lorem diam no dolores aliquyam ea ipsum et elitr laoreet dolores. Ipsum ea kasd eirmod et volutpat. Sed aliquyam vero qui ipsum amet amet consetetur vero accusam labore dolore eos accusam nibh lorem labore ipsum. Est amet dolores et. Erat lorem dolores magna dolore suscipit qui illum in lorem et invidunt invidunt esse sed vero at amet.\n","pageCount":1100,"excerpt":"Justo sadipscing diam et esse lorem et lorem eirmod sed consequat facilisi invidunt. Justo elit at tempor. Voluptua dolores ea et ipsum stet ut eos dolores diam dignissim takimata. Vero lorem dolor. Sed gubergren lorem laoreet.\nNo rebum consetetur ipsum stet et accusam volutpat te illum ut. Sanctus duo at. Sed blandit est dolore ad sed iriure dolor. Dolor diam eirmod facilisi luptatum. Option aliquyam stet diam quis dolore rebum feugait. Eirmod veniam consetetur at molestie labore. Dolor dolore dolores ut lorem esse no volutpat duis clita gubergren ipsum. At justo at dolor accusam nam velit dolore eu et illum assum sit amet invidunt. Sea accumsan sanctus te. Sit justo ipsum elitr dolore est. Kasd laoreet exerci nonumy ipsum ipsum ipsum diam nonumy nobis invidunt lorem dolore. Hendrerit sadipscing illum lorem amet nam nulla dolore ipsum erat gubergren ipsum erat feugiat eirmod et justo kasd elitr. Ipsum ad clita ea diam eirmod dolor dolore lorem dolor sea sed et cum diam duo dolor labore. Et amet mazim aliquip tation sanctus sanctus justo soluta. Ipsum diam aliquyam euismod clita vel. Diam sadipscing justo diam amet lorem doming rebum ut.\nSed vero ut no wisi. Consequat voluptua delenit invidunt ipsum magna et eos et justo blandit. Nostrud et volutpat et. Ea takimata hendrerit consetetur molestie augue ut justo cum sit amet lorem est imperdiet et.\nDuis hendrerit velit no sanctus tation molestie vulputate ex duis vulputate takimata duis. Tempor in mazim diam sit et et magna et et feugiat dolor elitr sadipscing elitr sit dolor. Elitr lorem erat. Et stet eos ea ut dolore no dolor invidunt eirmod esse ea rebum. No feugait sit praesent et ut ea feugiat volutpat no est accusam ut nonumy. Et autem sanctus kasd zzril ipsum tincidunt ipsum invidunt dolores amet consequat sit wisi clita labore elitr no quis. Aliquip hendrerit in erat justo et ut et dolore vero sanctus. Elitr illum et dolore ea hendrerit consequat et imperdiet sadipscing amet stet elitr dolores amet invidunt vero. Nisl autem justo diam et sit nonumy accusam ea. Euismod placerat takimata ipsum augue et takimata consetetur eos lorem tempor eum vero ipsum. Nonummy sit velit eleifend sadipscing delenit amet sea invidunt cum invidunt justo minim dolore eirmod. Kasd ipsum enim eros amet lobortis eirmod no nonumy elit qui vero esse. Amet et et no no sadipscing commodo diam sadipscing dolor dolores. Magna nulla tempor ut ex diam nulla accumsan euismod gubergren nonumy volutpat clita.\nRebum diam lorem. Dolores elitr takimata hendrerit sit ea et aliquam delenit eirmod sed justo praesent et eros nonumy. Justo odio dolore takimata lorem delenit esse.\n","publishDate":"2022-09-19T18:05:34.0880202+00:00"},{"id":12,"title":"Book 12","description":"In vel gubergren minim erat dolor nonumy dolor feugiat invidunt amet praesent duo illum facilisi no ea et vero. Et gubergren lorem wisi takimata invidunt luptatum lorem est blandit. Amet ea soluta dolor at et sanctus aliquyam. Illum dolores est no et stet diam accusam ea ipsum diam feugiat sadipscing et et sed. Et vel tempor justo sanctus diam ea lorem lorem. Duis at sit lorem rebum dolores exerci takimata consetetur vero labore qui diam vel vero lorem nostrud. Lorem sadipscing ipsum in. Magna dolore ipsum dolor magna takimata invidunt eos diam aliquyam et eirmod dolor nulla rebum stet amet. Kasd ut clita. Takimata dolor vero no justo amet dolore duis takimata lorem in consetetur eos assum. Gubergren at dolores illum est no dolor minim laoreet sea ut sed. Erat dolore rebum labore eu sed rebum amet lobortis. Eos accumsan dolore autem duis clita duis vero. Sed ipsum ut ea dolore magna accusam sea nonummy clita minim consetetur lorem eos dolor justo amet. Et takimata lorem consequat volutpat ea amet wisi duis sanctus nostrud illum nobis eos at sea ut at ipsum. Nulla gubergren et aliquyam diam dolor vel dolor stet tempor clita dolore tempor tempor amet kasd invidunt dolores duo. Duis eirmod ipsum ut. Ullamcorper aliquyam et et amet eirmod amet nonumy. Sadipscing kasd takimata kasd voluptua nonumy lorem diam exerci nam doming stet sed nobis dolore illum magna takimata.\n","pageCount":1200,"excerpt":"Nulla at consetetur dolor magna vel est dolores voluptua dolor ut magna dolore. Et ea feugait magna dignissim tempor wisi gubergren ipsum stet amet accusam et erat vero dolor. Et justo ipsum duo duo elitr. Voluptua ipsum volutpat dolore et zzril et justo labore clita et dolore justo amet ut hendrerit. Sea dolore elitr amet sit sea in sea at doming sed dolore suscipit. Clita facer rebum tempor dolor sit amet ipsum magna. Dolore assum diam invidunt nibh accusam hendrerit sed vel ad eleifend sea et feugiat. Dolor est duis iriure id esse amet et sea dignissim dolore eum elit.\nEos et option eu takimata takimata cum est liber. Erat nibh et sanctus ipsum sanctus diam ut et eos accusam et elitr lorem dolore amet ea. Quis esse dolores takimata consequat. Hendrerit sed at est sadipscing aliquyam rebum magna feugait justo diam aliquyam et dolor. Amet stet lorem duo vero molestie at sadipscing consectetuer. Sanctus dolore magna nibh clita duis amet volutpat. Ut diam minim magna ut in gubergren et ipsum nihil eos ipsum sanctus ut. Dolore eirmod dolor sed facilisi. Justo consequat tempor consetetur et eos ea dolore. Dolore amet stet elitr ullamcorper et et dolore sea tempor magna amet nibh gubergren justo liber ex dolor. Sit justo eros augue dolores doming facilisi aliquyam consetetur invidunt. Eros et no duo tempor dolore eros rebum sanctus consequat in ut. Wisi nonummy amet. Ipsum invidunt vel consequat veniam et est consetetur erat consectetuer autem stet invidunt kasd. Ipsum quod facilisi duo stet labore. Dolores clita sit illum sit clita magna et nobis accusam diam est justo. Congue eirmod ut sanctus est lorem et ipsum sit nonummy lorem. Te kasd tincidunt aliquyam sit amet ea consetetur et lorem nisl quis sea takimata dolores ut dolor.\nDiam dolor facilisi commodo ea stet erat ipsum aliquyam veniam tempor. Commodo labore duo dolore sit sanctus est diam duis aliquip ea clita sadipscing soluta sit consetetur. Duis aliquyam voluptua invidunt voluptua sanctus at amet. Ea consetetur at sanctus et lorem accumsan invidunt suscipit lorem. Duo duo ea hendrerit lobortis veniam. Est magna elit sea sea lorem duis. Sed dolor nonumy feugait erat. Vero gubergren commodo kasd at et. Consetetur duo feugait clita iusto. Tempor nonumy sed molestie amet vulputate diam esse diam. Justo consetetur takimata doming et elitr et dolores veniam wisi elitr ipsum gubergren. Dolore diam lorem amet takimata erat lorem aliquip duo lorem erat sit. Justo nam eros magna vero vero ipsum et te ipsum diam tempor stet accusam diam te dignissim duo. Dolores takimata takimata ut eu kasd ipsum eos. Clita dignissim accumsan labore et justo lorem est no sed sea lorem no gubergren ut. Elitr facilisis no in. Ad tempor consequat odio.\nEuismod diam diam diam diam rebum eos laoreet justo. Diam sit takimata minim amet sanctus eos stet dolor. Gubergren eirmod ut dolor autem labore stet est facilisi tempor aliquyam lobortis et ullamcorper dolore lorem facilisi kasd iusto. Ipsum sed erat at erat ipsum voluptua sit et amet stet dolor illum et sea accumsan amet. Eirmod diam commodo et et vero eirmod amet accumsan nulla duo vel magna. Adipiscing rebum nobis diam ea. In dolores tempor et facilisis nonumy commodo nonumy tempor.\nNisl gubergren diam iusto invidunt dolore vero hendrerit dolore ut feugait ea feugait eos sea dolor. Dolore dolores et ea. Minim ex vel invidunt eos dolor labore magna esse est. Lorem tempor et aliquam magna in clita eos eos gubergren sit dolor gubergren sea. Est sanctus eleifend. Sed in erat vel diam exerci consetetur no amet amet.\n","publishDate":"2022-09-18T18:05:34.0881131+00:00"},{"id":13,"title":"Book 13","description":"Dolor et eum facilisis takimata rebum sadipscing dolor sit in imperdiet gubergren tempor justo dolore. Enim iriure eirmod sit stet tincidunt at ea in et eos tation accumsan dolores. Aliquam nulla consetetur duis accusam voluptua erat consetetur dolor clita tempor quod ipsum sanctus duo ex at.\n","pageCount":1300,"excerpt":"Takimata soluta veniam minim et at sit diam clita. Ut consetetur consetetur eirmod diam labore amet blandit at. Et stet amet ut rebum tempor justo gubergren justo dolore diam kasd aliquam est vero sanctus et ea. Sadipscing ea sit sanctus justo dolore. Amet tincidunt sit est amet erat dolor et sed aliquyam eum aliquyam consetetur lorem volutpat est ipsum amet rebum. Nonumy dolor sed accusam amet vel erat invidunt. Ut vero amet et labore dolor diam lorem amet invidunt exerci gubergren. Ea et et diam dolore eos consetetur consectetuer. Feugiat delenit tempor sanctus aliquam elitr et vero invidunt sed elitr sanctus ipsum erat et euismod lorem stet kasd. Commodo clita et ut diam et et sed velit ut consetetur sadipscing sit ea dolore ut laoreet takimata diam. Nisl labore lorem invidunt lorem diam justo.\nNonumy sit justo lorem amet rebum vero et et invidunt. Vero at sit consetetur vel sanctus diam accusam consetetur et et ipsum laoreet dignissim invidunt. Lobortis ut eu invidunt nulla sit suscipit et diam amet eos duis vel dolore. Sed nibh est rebum illum takimata no sit no duo. Et ut aliquyam mazim gubergren velit consetetur nihil nonumy sed magna voluptua stet et. Kasd rebum liber facilisis sed et. Kasd ipsum luptatum dolor quod consequat lorem magna amet sit diam eirmod dolor aliquip. Magna consetetur et dolore wisi. Erat id et nonumy dolore sit erat eos qui lobortis augue labore et sanctus sea eos.\nGubergren eum et et sea. Diam accumsan magna diam kasd commodo nonumy tempor vel clita duo elitr justo. Sanctus ut blandit sit takimata. Et consequat amet duis et takimata sed labore kasd dolor eu delenit sit elitr aliquyam feugait ad wisi elitr. Amet takimata consetetur ut. Elit elitr et eu lorem eum consequat velit et ipsum tempor vero. Autem aliquam vel invidunt consetetur velit dolores volutpat aliquyam aliquip est duis. Amet amet justo sit tempor nonumy accusam lorem duis esse et et eos dolore elit dolor rebum facilisis. Amet justo nonumy sed dolores eos doming. Elit kasd tempor vero ipsum tempor et stet magna dolore. Voluptua sed luptatum hendrerit. Elitr facer duis iusto takimata dolor tempor stet ea et nonumy nonumy.\nTakimata erat ipsum lorem magna duis dolor eu nisl et vero et labore erat dolore et at diam nisl. Gubergren consequat dolor et veniam aliquyam diam et et sit illum eum dolore est dolor assum voluptua vulputate. Odio stet sed. Eos magna tempor laoreet vero labore rebum sit no amet iriure labore et labore sit sed augue luptatum suscipit. Clita et illum accusam sit. Sanctus erat erat consetetur dolore esse. Ipsum lorem duis dolore lorem et amet eos feugiat amet voluptua ut eleifend dolor zzril. Est consetetur tempor clita consequat est consetetur diam diam velit kasd ut. Takimata dolore consetetur sed vero eirmod euismod sed. Lorem te dolore in dolor amet quis duo in duis et elitr nonummy commodo ea. Dolor consectetuer takimata. Justo ut at aliquyam gubergren elitr at diam vel voluptua duo est tempor kasd iusto.\nConsectetuer amet sea et lorem justo vero. Kasd ipsum et. Accusam lorem justo ea nonumy facilisis delenit velit amet et. Lorem ut eirmod tempor stet amet sit euismod. Dolor kasd sed amet kasd nihil stet sea delenit. Et ipsum dolore. Diam sed ipsum. Nonumy aliquyam ex sadipscing elitr ut labore justo ut ut gubergren magna. Eros aliquyam magna est clita dolores ea ullamcorper et id. Vero et sanctus no enim exerci kasd nonummy aliquyam magna lorem kasd no amet. Aliquyam rebum sea lorem erat vero sit diam feugait diam ad in dolore gubergren. Iusto lorem vel sed takimata sea et stet justo et sed ipsum eos sanctus ad gubergren feugiat ea.\n","publishDate":"2022-09-17T18:05:34.0881811+00:00"},{"id":14,"title":"Book 14","description":"Odio elitr takimata clita erat qui nonumy cum et exerci imperdiet dolore sea diam et tempor dolores adipiscing. Consetetur exerci sadipscing accusam et minim elitr dolor option et. Consetetur gubergren consetetur ea diam. Magna et justo clita. Autem takimata eirmod elitr accusam sed sed enim takimata est velit. Dolores amet sea aliquip vel elitr invidunt. At autem elit sed eirmod delenit et ea in. Facilisis tempor invidunt et quod ea erat at eos est dolore takimata wisi. Luptatum odio suscipit sed dolore no elitr te lorem justo erat amet eu sit gubergren eos dolor zzril. Accumsan sea takimata et et et eirmod magna amet ut rebum velit in lobortis ex. Ipsum eleifend nonumy elitr ut at gubergren at lorem no ut. Lorem dolores ipsum amet vulputate est dolore ut rebum sed et erat feugiat sadipscing. Amet laoreet option qui ad. Nonumy accusam sed tempor magna vulputate amet ea ut dolore sed. Ipsum aliquyam voluptua lorem sea tation est feugait. Nonumy ipsum sadipscing sit tempor amet vero facer sanctus sed stet. Eirmod option amet placerat iusto. Takimata tempor cum assum amet dolor ipsum eos lorem labore voluptua. Congue erat ipsum et amet.\n","pageCount":1400,"excerpt":"Lobortis invidunt ut eum aliquam. Dolore accusam esse. Suscipit et kasd nibh duo in imperdiet ea stet sadipscing adipiscing lorem ipsum ipsum gubergren hendrerit consectetuer veniam rebum.\nNonumy ut no erat et no tempor ea invidunt sed sanctus aliquyam ea nonummy takimata accusam lorem sea. Nonumy consetetur elitr dolore. Ea dolore sit congue ut. Vero vero lorem duo sanctus lorem te nobis vero accusam euismod sea rebum consectetuer.\nVero est ipsum sed sit sed diam at ut et accumsan no. Dolores consectetuer dolor consetetur dolore. Est eu ea stet consectetuer no. Dolor dolore at eleifend nonumy aliquyam laoreet stet sit lorem ipsum magna lobortis et kasd ipsum. Sea ipsum diam et duo sea dolor lorem sit elitr. Et justo no et eleifend. Sed est accusam diam sit vero sit accusam. Erat at quod takimata ex dolore magna ea tempor nonumy accusam consectetuer tempor ea tincidunt nostrud aliquyam sed. Gubergren invidunt aliquyam. Sadipscing diam sed commodo clita praesent iusto vel rebum diam ad erat stet doming. Erat no eos diam augue. Delenit vel ut magna minim eos et sadipscing justo aliquip. Ipsum sadipscing sit ea nulla erat diam tempor iriure et sanctus est ut quod tempor. Luptatum et ut magna. Kasd accusam vel est sadipscing dolore clita invidunt. Lorem no luptatum dolor sea diam consetetur dolor invidunt sanctus eirmod magna vero lorem clita sit elitr. Labore sea consetetur illum.\nAccusam autem ea eos ea eirmod praesent justo eos vel illum dolor dolores placerat dolore. Takimata magna sit duo erat invidunt ipsum ea minim molestie accumsan dolor duo voluptua tempor suscipit voluptua sed et. Dolor ut ea rebum clita ut nisl diam at. Eos eos eirmod vero minim ipsum ea consetetur diam dolore accusam. Lorem amet quis duis invidunt ipsum sanctus iriure dolor. Sed ipsum nibh eleifend tempor amet et sit et blandit consequat et. Elitr dolor duo sea erat aliquyam lorem dolore dolore euismod est dignissim. Ea ipsum et dolore eos justo rebum et liber rebum nulla mazim erat dignissim diam soluta justo. Sit at dolores lorem gubergren duo consetetur kasd et ut labore justo.\nLorem sit rebum vel dolore dolore. Euismod at sed. Et ut diam sadipscing nonumy takimata. Erat justo rebum. Dolor elitr augue stet sit elitr nonummy dolores at. Amet duo dolores. Lorem sit te duo sed dolor eros stet invidunt duo amet lorem dolores sanctus et.\n","publishDate":"2022-09-16T18:05:34.0882496+00:00"},{"id":15,"title":"Book 15","description":"Volutpat sit esse nonumy iriure et elit gubergren eos sanctus invidunt. Consetetur nulla kasd duo eirmod dolor sea erat assum no diam. Augue labore molestie hendrerit eirmod doming sed ipsum elitr nibh. Aliquyam vulputate elitr duo gubergren labore tation gubergren est molestie vel tempor labore sea. Stet diam sadipscing nonumy. Dolor ipsum et amet lorem vero consetetur adipiscing et magna tation justo duo rebum ipsum ipsum sanctus. Eirmod clita vero euismod amet elit tempor amet. Ipsum id clita facilisis ea sit ipsum vero tempor at adipiscing duo. Magna consequat at. Amet rebum rebum dolor et lorem vel sed magna no praesent at consequat diam labore. Duo ut takimata liber diam facilisis amet et ullamcorper elitr dolore consequat ut et clita duo et accusam.\n","pageCount":1500,"excerpt":"Eos exerci labore at sed consetetur rebum eos. Suscipit dolore aliquam invidunt sanctus diam facer sed consetetur et autem eos. Clita consetetur in dolor eleifend takimata lobortis est feugiat diam consetetur commodo sit. Tempor eum nulla aliquyam vero est amet wisi duis sit est gubergren blandit. Ut erat at. Amet in zzril et accusam ea. Duo nisl te iriure no iusto laoreet eirmod suscipit. Lobortis invidunt et justo invidunt. Duo sea iusto no vel. Vel tempor vero duo congue et tincidunt. Sit invidunt vel magna ipsum commodo. Enim nihil labore eos ullamcorper nonumy no dolor at diam takimata esse labore sanctus duis dolor at takimata. Lorem lorem sadipscing nonummy diam sit no invidunt diam exerci diam et tempor kasd consequat. Diam ut kasd erat aliquyam labore no te qui in quis amet clita sed dolor sed clita clita lorem. Nulla dolor takimata clita amet ut cum sea et illum sit euismod lorem stet placerat. Et rebum qui est nobis clita possim sed eirmod vero et takimata at ut clita lorem ipsum. Velit accusam dolor eos aliquyam sadipscing autem est lorem esse sanctus magna sit ipsum. Vero justo et erat dolor sadipscing diam imperdiet dolores diam vel aliquip gubergren amet in et sanctus sit dolor. Est ut sea laoreet aliquam.\nEa vero et duis magna eirmod luptatum gubergren. Erat stet commodo et eirmod aliquyam invidunt nisl no. Ut amet vero lorem erat et gubergren consequat et ex. Erat sed sadipscing veniam dignissim dolor magna. Ullamcorper no lorem dolores imperdiet consequat ea no sanctus kasd velit justo aliquam. Ipsum volutpat dolor ut est nonumy invidunt. Ipsum accusam ipsum placerat erat dolores erat delenit et sed nostrud labore takimata magna sit. Vel vero sit lorem amet delenit suscipit blandit clita magna kasd dolor stet ea. Ipsum feugait autem minim tempor dolor labore aliquip at stet consetetur at molestie vel. Justo duo hendrerit duo lorem ipsum vero vel accusam no lorem ipsum nonumy amet adipiscing takimata. Stet stet vero facilisi sea sea. Et et justo aliquyam takimata accusam praesent invidunt vel kasd amet lorem doming aliquyam sed vero elitr. In et sanctus vero et. Nisl at diam duo delenit consetetur elit et. Rebum amet sed. Dolore vel sed amet ipsum vero rebum et rebum eu at kasd dolore kasd vulputate sadipscing. Accusam no sed no vero rebum vero sanctus kasd at ipsum dolor diam laoreet. Duo dolor takimata id.\nEst est eos invidunt sea tincidunt amet rebum sea ipsum nonumy takimata. Lorem invidunt et lobortis gubergren diam exerci nulla praesent in nonummy dolor. Et amet sed ipsum et nonumy sanctus diam amet dolore aliquyam at sit no veniam dolores facilisis. Sed stet dolore takimata ut et takimata aliquyam magna labore liber justo dolor dolores et doming facer sed. At takimata eos aliquyam ipsum stet vero. Ipsum kasd ea te.\nAmet aliquyam at lorem sed consequat et ipsum dolore autem eirmod lorem in et eos. Tempor feugait minim elitr augue autem lorem gubergren eos. Minim accumsan sadipscing sea odio kasd sed et tincidunt vero sed vero euismod blandit est autem. Exerci sanctus eirmod sit ea sadipscing ipsum dignissim gubergren sanctus vulputate elitr facilisi consectetuer. Diam et kasd vero at. Sadipscing vel diam. Elitr takimata eu eum no sit. Odio diam no dolores ea tation dolores lorem ut. Stet dolor accusam et magna facer dolores erat sit duis et no in elitr. Elitr diam ipsum ut sanctus eu ut. Duis diam lobortis. Consetetur takimata takimata stet et praesent adipiscing volutpat sed et ut gubergren.\nAt aliquyam et at iriure illum sea no ut dolore elitr voluptua dolores elitr kasd augue dolore aliquyam. Aliquam voluptua et labore wisi vel kasd sanctus dolores gubergren ut eum invidunt ut. Stet lorem laoreet. Eirmod labore nulla dolore no amet et amet dolor est velit et hendrerit clita ea. Amet exerci gubergren stet stet. At clita sit ut sit aliquyam consetetur diam et kasd. Et sit vulputate amet facilisis autem euismod iriure vel sadipscing placerat accusam. Augue dolor vel ea nulla sed justo clita facilisis labore duo lorem diam. Diam rebum nulla et est sit feugiat sit volutpat sed eirmod sed clita aliquyam erat. Sed vulputate accusam velit amet et ut dolor et at. Nonumy molestie amet duis amet assum tempor labore vero amet quod sed dolore dolor. Eos amet diam invidunt gubergren dolores dolore nisl dolore erat stet aliquyam suscipit sanctus gubergren accusam. Sed ut consetetur at nisl. Labore amet delenit justo molestie takimata lorem in est no takimata enim sed duis in ipsum. Accusam est dolor lorem sadipscing consectetuer aliquyam rebum et sed quod ipsum dolore et amet ipsum diam. Eirmod sed amet et amet.\n","publishDate":"2022-09-15T18:05:34.0883503+00:00"},{"id":16,"title":"Book 16","description":"Voluptua dolor ullamcorper vero sed nonumy nisl lorem quis qui et sed dolor autem aliquam sit. Stet erat sea dolor invidunt elitr nonumy liber commodo diam facilisis duo est magna erat. Gubergren rebum enim. Eirmod stet ut sit ut consequat vel ipsum et est et ipsum augue lorem wisi molestie. Tempor eos ut te no amet clita vel elitr nonumy no minim et ut eros tempor elit. Blandit vel facilisi lorem nonummy dolore duis invidunt luptatum dolor voluptua nostrud consetetur ipsum adipiscing. Et iusto sea magna aliquyam vulputate at no nulla et ea liber diam erat accusam. Labore et no sea dolore dolor ea ut tempor amet odio zzril labor
[...]
sit nonumy ad. Labore ut et gubergren diam eos sadipscing elit sadipscing. Magna feugiat est sed. Consectetuer ut sea. No sed vero diam dolore amet amet dolores nisl sadipscing vero voluptua kasd imperdiet consetetur invidunt elitr ut. Invidunt clita adipiscing nihil accusam lorem clita vero stet at lorem stet diam iusto ea.\nErat et eos nam at augue dolor aliquyam odio autem. Ipsum ut labore duis diam velit consectetuer aliquip enim. Sadipscing duo iriure vel. Dolores imperdiet wisi feugait ut id accusam diam. Placerat consetetur no kasd sed lobortis invidunt. Gubergren ipsum feugiat eos ut justo duis aliquam et ipsum nonummy dolore gubergren takimata lorem. Sanctus et stet sed eos placerat tation vel sea in erat ad dolore voluptua sea vero molestie.\nSed feugait wisi eum stet stet. Elitr labore tempor soluta autem sed. Soluta facilisis dolor sanctus et qui in blandit est ipsum. Dolor aliquyam magna sit rebum kasd invidunt ad sed eos clita tincidunt facer nibh. Lorem wisi eirmod justo tempor stet eirmod nulla consectetuer eirmod eirmod ut. Justo magna at molestie feugiat tempor te dolore mazim commodo dolore. Nulla nonumy dolores dolor est erat ea gubergren labore. Dolor enim gubergren eirmod justo augue.\n","publishDate":"2022-03-18T18:05:34.1347602+00:00"},{"id":197,"title":"Book 197","description":"Est lorem eos et ea et duo rebum ut dolores. Wisi nonumy duo vero ea justo et assum vel ea. In dolor lorem magna autem nihil et diam ut clita. Dolor amet diam illum dolor dolor voluptua amet. Justo commodo zzril tation enim placerat kasd in velit eos sed vel dolores sadipscing sit dolores duis. Dolor et et sed amet dolor no suscipit sit dolore. Dignissim vero eu ipsum rebum ipsum diam et sea accusam magna molestie takimata volutpat. Ex consetetur lorem esse justo. Sed sed clita. Sit amet dolor magna ut ut dolor lobortis ut nonumy elit feugait no id est dignissim amet sed. Nonumy et illum sed est. Sadipscing et kasd consectetuer amet ea est invidunt dolore consequat imperdiet elitr dolor dolore ut lorem augue erat. Magna et at justo molestie et ut diam sea tempor consequat et gubergren et et. Wisi sed facilisi amet sanctus amet tempor autem. Autem nonumy et consequat erat invidunt sanctus.\n","pageCount":19700,"excerpt":"Et in dolor sadipscing sanctus zzril sadipscing ad autem eirmod magna lorem dolor ea ut eos magna et eirmod. Rebum amet sadipscing nostrud feugait et voluptua et possim illum. Takimata minim amet amet at vero et labore erat et kasd aliquam rebum dolore.\nNonumy dolore vero et augue accusam ipsum rebum erat dolore feugiat stet. Rebum erat amet dolore elitr amet ipsum wisi et dolore elitr est ea invidunt stet clita kasd. Tation consetetur tempor dolor facilisis erat et invidunt augue voluptua tempor lorem dolores et et accusam. Clita eos aliquyam sanctus elitr vel et gubergren nisl lobortis erat suscipit placerat accusam ipsum ea dolor invidunt. At elitr voluptua aliquyam. Nonumy diam ex laoreet gubergren feugait nam ea stet sit et.\nNulla sadipscing dolore invidunt sed vero sadipscing ut veniam ad diam diam. Eos est sea ut stet minim feugiat ea consequat dolores at dolor aliquyam. Esse at eirmod dolores dolor et invidunt nulla exerci justo clita diam vulputate consetetur kasd ex. Dolor esse facilisi eleifend gubergren sed quis no odio doming ut. Dolor invidunt diam lorem eum. Lorem dolores no stet sanctus praesent ea sanctus sed sadipscing sit eirmod vero justo gubergren voluptua ea nobis voluptua. Et dolores eum nobis invidunt dolor et laoreet vulputate vero facilisis est. Takimata ut no vel clita illum dolor sea magna nonumy. Dolor ut sadipscing diam duo accusam et aliquyam dolor eirmod dolore elit sit ipsum et magna. Consectetuer takimata amet clita blandit vero ipsum invidunt lorem dolore sit. Lorem tempor gubergren rebum duo. Et sed lorem nonumy nonummy. Feugiat consequat clita in justo sit consequat. Aliquyam diam amet ut ullamcorper duo ea nulla ipsum diam dolore eirmod duis ea sit labore lorem. Vel eos justo kasd quis.\nLorem stet illum amet blandit et congue eos diam et nulla molestie sed amet ipsum vero. Volutpat elit ipsum sadipscing odio nulla minim quis stet lorem takimata ea takimata diam ea tempor augue. Ipsum nonummy diam lorem sed et lorem rebum suscipit congue aliquyam stet vel eu dolores eu stet. Zzril facilisis dolor amet dolor dolore. Dolore eos vel consetetur magna. Dolores no kasd diam aliquyam sed no. Et nobis ex augue dignissim eleifend duo. Est amet sadipscing praesent ipsum amet. Erat et adipiscing takimata.\nDiam lorem vel et elitr at vero liber consetetur iriure diam iusto eos takimata accusam facilisi. At consetetur clita ipsum invidunt sed in eos ex lorem gubergren voluptua. Lobortis justo feugiat vero hendrerit voluptua dolores est luptatum et eum stet dolor dolore tempor sit. Consetetur facilisis magna nisl stet sanctus. Amet illum eos eirmod sea qui diam sed vero accusam ex justo ipsum diam sed vel. Justo nonumy elitr vel at in eirmod erat. Elitr et ut odio gubergren invidunt invidunt tempor lorem. Ut tincidunt justo commodo ut dolor sanctus hendrerit nulla duo magna sed ut eos nonumy. Consetetur ut stet. Suscipit blandit vero rebum et consetetur sanctus molestie et iriure vulputate. Dolores in erat labore vero autem nonumy duo dolor takimata est vel duo et dolor et. Vulputate sea duo duo molestie vero takimata labore facilisis magna. Dolor eu volutpat eos takimata. Vero accusam elitr lorem sed ullamcorper enim dolor et luptatum dolore dolore laoreet. Dolor dolore dolores nonumy stet rebum et aliquip aliquyam stet consetetur clita labore eos. Rebum at consetetur vel ut sit ipsum et invidunt et iusto duo accusam duis. Est iusto eos magna dolor dolore dolore lorem ut molestie nulla voluptua ut commodo eirmod sanctus et. Eirmod labore justo sadipscing. Aliquip magna gubergren sit duis duis.\n","publishDate":"2022-03-17T18:05:34.1348332+00:00"},{"id":198,"title":"Book 198","description":"Nisl id tempor veniam dolores voluptua tincidunt dolor esse voluptua ipsum diam at sed. Et sadipscing esse ipsum dolor lorem at wisi sit ut lorem at diam et. Amet dolore rebum exerci adipiscing takimata aliquip ipsum diam. Adipiscing sadipscing aliquyam. Et aliquam invidunt eos eirmod erat lorem erat eos et et wisi. Eirmod sit quod kasd dolor vero at eirmod magna dolor dolore diam. Sea lorem euismod amet amet dolore in at possim sed lorem kasd consequat vel in kasd sed facilisis. Lorem nulla et accusam ipsum aliquyam molestie amet duo nibh praesent sea vero lobortis nostrud iriure diam aliquyam. No amet dolor volutpat blandit velit gubergren ut justo est ut molestie. Elitr aliquyam elitr autem eirmod ipsum lorem eros ex. Gubergren molestie velit elitr vero sea no illum sanctus sadipscing lorem duo invidunt duo sit blandit. Commodo veniam gubergren nibh et voluptua possim no clita consequat invidunt sed clita dolore accumsan sit invidunt praesent rebum. Rebum nisl suscipit dolore molestie voluptua aliquyam exerci nonumy sadipscing ullamcorper sit eum lorem vero. Consetetur diam zzril sed iriure justo. Consectetuer vel labore. Nihil magna consetetur hendrerit et clita sit ea duo praesent dolor vel sed vero sed gubergren rebum amet tation.\n","pageCount":19800,"excerpt":"Illum ea consequat sed elitr ipsum ipsum lorem aliquyam lorem in imperdiet erat consetetur sit erat assum et. Ipsum consequat gubergren lorem ipsum iriure magna eos gubergren. Dolor elitr at lorem feugait. Eos sed lorem sea elitr erat labore amet diam nisl dolor dolores amet sanctus ea. Te at rebum. In lorem quis amet. Et sadipscing nam. Voluptua gubergren facilisis amet dolor vulputate sed stet mazim eirmod et duis accusam elitr. Lorem sadipscing ipsum accusam aliquam vel ea accusam eum kasd vel aliquam dolore duo. Nonummy consectetuer accumsan eros. Ut autem est nulla et eos. Euismod autem elitr ex dolor id dolor vero hendrerit sed eros kasd eum qui esse diam. Takimata erat et dolor takimata lorem accusam tempor voluptua in praesent dolor tempor sed blandit erat. Autem vero ipsum labore at eirmod nulla volutpat stet clita dolore ipsum laoreet elitr et amet sadipscing elitr ea. Magna sadipscing dolore lorem. Gubergren in quis eu dolor elitr invidunt qui tempor sadipscing qui aliquyam aliquyam et. Et sit accusam vulputate sed ipsum ipsum ipsum duo dolor nonumy invidunt lorem lorem dolore vel.\nIpsum vulputate diam et eirmod molestie lorem tempor sadipscing consequat elitr. Duo amet est sadipscing velit lobortis magna sit est et et sea dolor amet dolores invidunt et. Erat at justo rebum sadipscing dolore sadipscing sit voluptua sit vero ipsum suscipit nonumy. Ut sadipscing labore. Nulla consetetur tincidunt vero et erat sea gubergren amet sed rebum magna dignissim te et aliquyam duo ipsum et. Eu no ipsum facer labore diam zzril accumsan sea gubergren et ea diam possim. Voluptua justo amet lorem vero et dolore dolores dolore aliquyam dolor. Id facilisis eirmod dolore tempor erat dolore minim lorem lorem consetetur magna vero. Duis sanctus et dolor et diam nulla kasd kasd et et ea aliquyam amet erat volutpat magna. Et dolor aliquyam sed sed facilisis te sit vero. Sit ut sed justo sea et delenit. Magna takimata nulla. Accusam sit veniam sea facilisis diam takimata clita ad exerci.\nUt et ea duo erat eirmod sed ipsum vero. Consetetur ipsum diam gubergren dolores aliquyam autem dolore et diam gubergren sit sea ipsum dolor. No dolor facilisis duo nonumy zzril rebum ea et sit. Sadipscing labore vel voluptua clita nonumy vero dolore sea facer sit. Tempor ipsum amet labore. Dolor duo erat. Et sed amet sadipscing eu amet takimata accusam ipsum dolore et ut eum tempor duo dolores voluptua at invidunt. Et dolore ut lorem eos sed ipsum vero dolore diam eum kasd. No invidunt sit te nulla sit sed duo esse gubergren amet lorem et sea ut tincidunt at. Dolore duo accusam aliquyam no et autem clita ea at amet eros magna gubergren aliquip eirmod justo.\nInvidunt eirmod sea ipsum rebum nonumy facer eirmod ea zzril no accusam gubergren kasd dolore illum. Ipsum ipsum ipsum diam vero gubergren in voluptua zzril sed et nisl tempor tation. Eirmod amet accusam nostrud amet euismod ut at ea sit ut commodo nonumy aliquam justo. Autem gubergren ipsum lorem amet vero justo ullamcorper erat sanctus lorem rebum ea volutpat. Ut in no sadipscing. Vulputate velit dolor erat sadipscing iriure et amet soluta accusam justo dolore et sit. Lorem dolores takimata labore et dolore dolor est erat enim diam laoreet ipsum et dolor ut diam erat. Est vel takimata commodo elitr facer feugiat rebum vero eos eros sea. Ipsum nam takimata sit duo sit wisi ipsum duo vel. Ex sadipscing voluptua et magna. Et amet nonumy sadipscing vero eirmod. Sit nulla autem et sea stet eirmod kasd at quis ut vero dolore zzril sed. Luptatum voluptua stet sit at elitr eum nonumy liber sit sed et justo eu blandit. Ut erat aliquyam ad possim et. Adipiscing duo accusam tempor et gubergren eirmod justo lorem dolore stet esse et dignissim dolor no. Elit gubergren at sanctus kasd takimata et rebum aliquip amet est et. Takimata amet sit magna elitr.\nLabore kasd dolor accumsan gubergren vero autem sit enim. Sea eum est. Et et elitr sadipscing ut clita tincidunt lorem eleifend dolores amet molestie sed takimata elitr. Dolores facilisis tempor diam. Eirmod vero vero aliquyam hendrerit blandit elitr elitr adipiscing.\n","publishDate":"2022-03-16T18:05:34.1349241+00:00"},{"id":199,"title":"Book 199","description":"Enim diam magna in amet sea ipsum et feugiat molestie ipsum erat dolor. Dolor diam sit wisi facilisis amet est lorem diam invidunt at. Dolore nulla sea nihil ex at ipsum dolor qui et sed magna dolore rebum diam. Takimata erat amet sit voluptua et vero kasd. Ut ut ad est. Sed clita et lorem autem consectetuer commodo sit. Invidunt aliquyam option no eos eirmod augue nonumy ipsum no erat zzril nonumy in. Lorem dolores magna consetetur lobortis clita sed et erat labore justo ut exerci blandit et option molestie ut.\n","pageCount":19900,"excerpt":"Diam esse accusam nostrud nulla. Et at sed et et vel duo sit sea dignissim lorem magna wisi duo sed. Consetetur facilisis sea placerat rebum nonumy voluptua. Dolore in dolores clita elitr nonumy ut invidunt et et enim ea. Illum erat dolor ea sadipscing eirmod gubergren duo ipsum consequat et diam ad at. Takimata diam et elitr sed lorem ad gubergren. Amet tempor no praesent. Est facilisi nonumy tempor feugiat.\nErat et vero sit eu elitr. Et et aliquyam no sed. Dolor ex sed stet no elitr vero ut et eos duis eos volutpat amet dolor no. Dolor diam nibh sea lorem. Dolores veniam velit autem aliquip vero sit sed facilisi tincidunt. Ea aliquyam kasd sea ipsum ipsum accusam facilisis lorem et vel ipsum erat et erat. Te placerat vero duis esse dolor tempor lorem accusam odio lorem erat dolore labore at. Dolor duo amet assum sit. Lorem eirmod sea consectetuer et ut justo. Dolor eirmod eos nulla kasd at dolor nonumy justo sadipscing sed sit ad sit rebum. Ipsum eirmod nisl ea invidunt ea. Ut rebum lorem nulla accusam duis sanctus gubergren. Amet clita nobis consequat stet eirmod sit delenit ea ea eleifend dolore amet duo duo. Dolor sea consequat sit. Sit accusam dolore rebum in vero no sanctus sea vero esse dignissim duo sed nonumy consetetur nulla ea. Ea et feugait. Et ea eros lorem tation dolore duis sanctus et duo justo eirmod facilisis est.\nIpsum mazim voluptua. Rebum justo sed nihil hendrerit. Labore tation takimata et tempor sadipscing at voluptua diam sanctus feugiat tempor vel ipsum vel ipsum. Est erat accumsan invidunt no consetetur. Clita ex sed dolor amet aliquyam justo autem ea minim sea nihil at ipsum et sea. Dolor tempor vulputate eirmod et illum cum ipsum eirmod facilisis ipsum augue sadipscing lobortis ut. Sed et elitr dolores esse vulputate in erat no quis justo consectetuer amet. Sit amet ea sanctus dolor rebum tempor enim et sit volutpat. Ut consetetur est consequat. Consetetur lorem dolore eos ipsum sanctus duis dolor ipsum zzril nulla diam eum. At assum sanctus dolor stet dolores accusam sit diam stet tation no vero sit ut clita sed velit amet. Eos nobis et euismod ut eum stet et et aliquyam sadipscing rebum lorem liber justo et. Sit tation erat no at magna nam erat est tempor justo eirmod consequat consetetur sit nisl ipsum tempor et. Rebum takimata nonummy dolore. Ipsum voluptua wisi aliquip amet. Sed tempor consequat consetetur dolore.\nKasd augue dolore dolor dolor clita dolore vulputate nonumy erat eros gubergren mazim. Ipsum soluta suscipit sadipscing et suscipit lorem kasd sed sit eirmod. Et sit sed eos sadipscing sed rebum elit sit. Aliquyam invidunt duis quis.\nEirmod sit consequat et odio esse rebum illum diam nibh clita erat dolor ipsum amet vulputate sanctus. Option sanctus eum id diam vel eirmod elitr duo lorem no. Lobortis sit minim dolor takimata et iriure amet consetetur. Dolore justo ipsum qui sed ut invidunt aliquyam accumsan diam vel sea no amet. Ad et ipsum stet duis. Lorem nonumy et sit. Qui iusto sadipscing accumsan odio. Vulputate sit elit ea justo et eros autem dolor ipsum invidunt nonumy dolore sit vel et dolore dolores feugiat. Lorem delenit clita duis invidunt voluptua stet nisl elitr invidunt magna takimata est et tempor dolores doming. Sanctus ea tation voluptua iriure gubergren et lorem est accusam vero sea aliquyam kasd euismod ut. Eu esse diam hendrerit stet. Tempor dolores elitr ea ut dolor. Gubergren feugiat eos ea dolore accusam eum consetetur dolore eirmod dolor. Sit et sit no dolores ut ipsum dolor nonumy vero sea amet. Tempor amet voluptua dolor dolor et in sit consetetur ipsum iusto. No possim euismod aliquam diam gubergren duo vero lorem illum accusam sit takimata vero. Ut voluptua takimata stet et lorem te ipsum erat diam erat at nonumy est sanctus est dolore ea. Amet voluptua zzril duis diam no diam.\n","publishDate":"2022-03-15T18:05:34.1349971+00:00"},{"id":200,"title":"Book 200","description":"Ut duis feugiat voluptua vel et labore at et hendrerit rebum ut rebum aliquyam lobortis. Et veniam in no facilisis ipsum rebum doming gubergren et et invidunt eum in. Lorem et feugiat takimata luptatum zzril consetetur voluptua eos voluptua option sea. Accusam vero eirmod.\n","pageCount":20000,"excerpt":"No aliquyam et adipiscing kasd gubergren velit tempor vel ipsum et nonumy justo tempor et sed dolore te feugait. Lorem gubergren facilisis lorem ea labore augue lorem lorem et vero duo et dolore eos lorem magna sed autem. Dolor ea eros elitr labore sea amet ut diam est. Eum augue erat consectetuer et. Vero eirmod ipsum dolore takimata adipiscing lorem diam sed at. Consequat nulla esse sit consectetuer tempor sea accusam ipsum sanctus lorem commodo dolor accusam diam. Gubergren dignissim ut invidunt diam lorem commodo kasd voluptua dolore nostrud takimata rebum. Magna clita diam sed sit at sea aliquyam feugiat erat eirmod tempor clita lorem eum. Amet consetetur et laoreet sit magna odio sit rebum eros sea eirmod. Kasd dolor at consetetur accusam ex gubergren ipsum vero diam labore ut at et nibh. Augue et stet invidunt et amet erat nulla. Et consetetur erat sea clita duo diam at invidunt soluta dolor. Dolor ea stet te. Lorem dolores ipsum vero et.\nDolor sit sed labore et adipiscing dolore. Feugiat lorem vero molestie praesent dolor feugiat augue no. Tempor est eirmod rebum ut takimata. Lorem diam commodo ea sadipscing sanctus et eum dolor. Aliquyam id sed no invidunt. Vulputate veniam sea nonumy est lorem sed nulla dolore dolor labore. Amet at invidunt vel et. Ea sit sed sed eirmod iriure vero eos et eleifend no at accusam esse et et. Et tincidunt ea erat amet sanctus elitr sed. Tempor stet amet amet justo et consetetur diam odio.\nDuo te stet amet dolore voluptua invidunt clita voluptua magna. Invidunt at suscipit sed wisi ipsum commodo. Nostrud lorem amet. Amet id veniam mazim sit no tempor vero erat et lorem quis. Ipsum mazim adipiscing sed diam amet nibh no duis odio. Sanctus amet takimata ut doming ut diam option eu et diam ut ea ipsum est stet at lorem. Molestie voluptua ut iriure tempor consetetur dolor at et et dolor kasd wisi et dolore no. Aliquyam diam sadipscing. Tempor takimata dolor sed. Ex stet elitr et. Lorem magna stet eos no et. Est lorem consequat amet. Diam consetetur zzril eos sed est wisi diam blandit gubergren magna sanctus luptatum. Takimata diam volutpat rebum stet eros lorem dolor exerci.\nErat feugait eirmod erat exerci lorem esse nulla kasd amet sanctus dolore nulla vero. Illum dolore diam accusam dolores justo qui dolor sed diam labore molestie rebum eros est diam dolores adipiscing. Voluptua nihil gubergren nulla et ipsum te aliquyam et et autem in lorem aliquip. Facilisi qui lorem labore. Wisi et tempor justo aliquyam hendrerit vulputate lorem sit et dolore diam sanctus. Suscipit tincidunt iusto. Sit rebum amet dolore voluptua et elitr diam justo et tempor eleifend commodo autem sanctus clita. Facilisi dolor kasd rebum veniam ut minim vulputate eos elitr ut amet duo eirmod sanctus dolor kasd ipsum ex.\nJusto qui nulla consequat vero ea elitr diam. Vero vero dolore at sit duo luptatum sea ut dolore tempor feugiat eros no labore est tempor. Sea nonumy in clita magna euismod eos duis sea in volutpat sed nonumy sea diam rebum sit.\n","publishDate":"2022-03-14T18:05:34.1350523+00:00"}]</msg>
<status status="PASS" starttime="20220930 15:05:37.304" endtime="20220930 15:05:37.312"/>
</kw>
<status status="PASS" starttime="20220930 15:05:33.511" endtime="20220930 15:05:37.312"/>
</kw>
<status status="PASS" starttime="20220930 15:05:33.511" endtime="20220930 15:05:37.313"/>
</test>
<doc>Documentação da API: https://fakerestapi.azurewebsites.net/index.html</doc>
<status status="PASS" starttime="20220930 15:05:33.458" endtime="20220930 15:05:37.313"/>
</suite>
<statistics>
<total>
<stat pass="1" fail="0" skip="0">All Tests</stat>
</total>
<tag>
</tag>
<suite>
<stat pass="1" fail="0" skip="0" id="s1" name="TestCasesAPIBooks">TestCasesAPIBooks</stat>
</suite>
</statistics>
<errors>
</errors>
</robot>
